2026-01-09 00:02:52: Server: SSH-2.0-OpenSSH_9.6p1 Ubuntu-3ubuntu13.14
2026-01-09 00:02:52: Server KEXes: sntrup761x25519-sha512@openssh.com,curve25519-sha256,curve25519-sha256@libssh.org,ecdh-sha2-nistp256,ecdh-sha2-nistp384,ecdh-sha2-nistp521,diffie-hellman-group-exchange-sha256,diffie-hellman-group16-sha512,diffie-hellman-group18-sha512,diffie-hellman-group14-sha256,ext-info-s,kex-strict-s-v00@openssh.com
2026-01-09 00:02:52: Server Host Keys: rsa-sha2-512,rsa-sha2-256,ecdsa-sha2-nistp256,ssh-ed25519
2026-01-09 00:02:52: Chosen Host Key: ssh-ed25519
2026-01-09 00:02:52: Ciphers: chacha20-poly1305@openssh.com,aes128-ctr,aes192-ctr,aes256-ctr,aes128-gcm@openssh.com,aes256-gcm@openssh.com
2026-01-09 00:02:52: MACs: umac-64-etm@openssh.com,umac-128-etm@openssh.com,hmac-sha2-256-etm@openssh.com,hmac-sha2-512-etm@openssh.com,hmac-sha1-etm@openssh.com,umac-64@openssh.com,umac-128@openssh.com,hmac-sha2-256,hmac-sha2-512,hmac-sha1
2026-01-09 00:02:52: Auth: start: publickey
2026-01-09 00:02:52: Auth: publickey: no keys available
2026-01-09 00:02:52: Auth: start: password
2026-01-09 00:02:53: -- Analysis Started by On File Change, After Delay
2026-01-09 00:02:54: Changes: 2, Conflicts: 0, CopyTime: 0, FixState: 0, Errors: 0, All: 3253
2026-01-09 00:02:54: Left to Right: Copy File: 2 
2026-01-09 00:02:54: == Sync Started by On File Change, After Delay
2026-01-09 00:02:54: Start only 2 threads, limited by tasks to run
2026-01-09 00:02:54: ConnectCloned connected to file:///~grabacr/VPSsync/01-WorkspaceSync/modelica-shared/CustomLib/NuclearSystem
2026-01-09 00:02:54: ConnectCloned connected to file:///~grabacr/VPSsync/01-WorkspaceSync/modelica-shared/CustomLib/NuclearSystem
2026-01-09 00:02:54: Server: SSH-2.0-OpenSSH_9.6p1 Ubuntu-3ubuntu13.14
2026-01-09 00:02:54: Server: SSH-2.0-OpenSSH_9.6p1 Ubuntu-3ubuntu13.14
2026-01-09 00:02:54: Server KEXes: sntrup761x25519-sha512@openssh.com,curve25519-sha256,curve25519-sha256@libssh.org,ecdh-sha2-nistp256,ecdh-sha2-nistp384,ecdh-sha2-nistp521,diffie-hellman-group-exchange-sha256,diffie-hellman-group16-sha512,diffie-hellman-group18-sha512,diffie-hellman-group14-sha256,ext-info-s,kex-strict-s-v00@openssh.com
2026-01-09 00:02:54: Server Host Keys: rsa-sha2-512,rsa-sha2-256,ecdsa-sha2-nistp256,ssh-ed25519
2026-01-09 00:02:54: Chosen Host Key: ssh-ed25519
2026-01-09 00:02:54: Ciphers: chacha20-poly1305@openssh.com,aes128-ctr,aes192-ctr,aes256-ctr,aes128-gcm@openssh.com,aes256-gcm@openssh.com
2026-01-09 00:02:54: MACs: umac-64-etm@openssh.com,umac-128-etm@openssh.com,hmac-sha2-256-etm@openssh.com,hmac-sha2-512-etm@openssh.com,hmac-sha1-etm@openssh.com,umac-64@openssh.com,umac-128@openssh.com,hmac-sha2-256,hmac-sha2-512,hmac-sha1
2026-01-09 00:02:54: Server KEXes: sntrup761x25519-sha512@openssh.com,curve25519-sha256,curve25519-sha256@libssh.org,ecdh-sha2-nistp256,ecdh-sha2-nistp384,ecdh-sha2-nistp521,diffie-hellman-group-exchange-sha256,diffie-hellman-group16-sha512,diffie-hellman-group18-sha512,diffie-hellman-group14-sha256,ext-info-s,kex-strict-s-v00@openssh.com
2026-01-09 00:02:54: Server Host Keys: rsa-sha2-512,rsa-sha2-256,ecdsa-sha2-nistp256,ssh-ed25519
2026-01-09 00:02:54: Chosen Host Key: ssh-ed25519
2026-01-09 00:02:54: Ciphers: chacha20-poly1305@openssh.com,aes128-ctr,aes192-ctr,aes256-ctr,aes128-gcm@openssh.com,aes256-gcm@openssh.com
2026-01-09 00:02:54: MACs: umac-64-etm@openssh.com,umac-128-etm@openssh.com,hmac-sha2-256-etm@openssh.com,hmac-sha2-512-etm@openssh.com,hmac-sha1-etm@openssh.com,umac-64@openssh.com,umac-128@openssh.com,hmac-sha2-256,hmac-sha2-512,hmac-sha1
2026-01-09 00:02:54: Auth: start: publickey
2026-01-09 00:02:54: Auth: publickey: no keys available
2026-01-09 00:02:54: Auth: start: password
2026-01-09 00:02:54: Auth: start: publickey
2026-01-09 00:02:54: Auth: publickey: no keys available
2026-01-09 00:02:54: Auth: start: password
2026-01-09 00:02:55: GsConnectAndSetRoot1 connected to sftp://os3-310-44666.vs.sakura.ne.jp/home/ubuntu/VPSsync/01-WorkspaceSync/modelica-shared/CustomLib/NuclearSystem
2026-01-09 00:02:55: GsConnectAndSetRoot1 connected to sftp://os3-310-44666.vs.sakura.ne.jp/home/ubuntu/VPSsync/01-WorkspaceSync/modelica-shared/CustomLib/NuclearSystem
2026-01-09 00:02:55: Copy Over 'C:/Users/grabacr/VPSsync/01-WorkspaceSync/modelica-shared/CustomLib/NuclearSystem/Kinetics/Components/KineticReactor_00.mo' -> 'sftp://os3-310-44666.vs.sakura.ne.jp/home/ubuntu/VPSsync/01-WorkspaceSync/modelica-shared/CustomLib/NuclearSystem/Kinetics/Components/KineticReactor_00.mo' (11,139)
2026-01-09 00:02:55: Copy Over 'C:/Users/grabacr/VPSsync/01-WorkspaceSync/modelica-shared/CustomLib/NuclearSystem/Kinetics/Components/package.order' -> 'sftp://os3-310-44666.vs.sakura.ne.jp/home/ubuntu/VPSsync/01-WorkspaceSync/modelica-shared/CustomLib/NuclearSystem/Kinetics/Components/package.order' (102)
2026-01-09 00:02:56: Save State File C:/Users/grabacr/VPSsync/01-WorkspaceSync/modelica-shared/CustomLib/NuclearSystem/_gsdata_/_file_state_v4._gs
2026-01-09 00:02:56: Save State File sftp://os3-310-44666.vs.sakura.ne.jp/home/ubuntu/VPSsync/01-WorkspaceSync/modelica-shared/CustomLib/NuclearSystem/_gsdata_/_file_state_v4._gs
2026-01-09 00:03:06: == Sync Complete. Time: 00:00:12, Speed: 0.00/s, OK: 2, Errors: 0
