2026-01-10 11:05:26: Server: SSH-2.0-OpenSSH_9.6p1 Ubuntu-3ubuntu13.14
2026-01-10 11:05:26: Server KEXes: sntrup761x25519-sha512@openssh.com,curve25519-sha256,curve25519-sha256@libssh.org,ecdh-sha2-nistp256,ecdh-sha2-nistp384,ecdh-sha2-nistp521,diffie-hellman-group-exchange-sha256,diffie-hellman-group16-sha512,diffie-hellman-group18-sha512,diffie-hellman-group14-sha256,ext-info-s,kex-strict-s-v00@openssh.com
2026-01-10 11:05:26: Server Host Keys: rsa-sha2-512,rsa-sha2-256,ecdsa-sha2-nistp256,ssh-ed25519
2026-01-10 11:05:26: Chosen Host Key: ssh-ed25519
2026-01-10 11:05:26: Ciphers: chacha20-poly1305@openssh.com,aes128-ctr,aes192-ctr,aes256-ctr,aes128-gcm@openssh.com,aes256-gcm@openssh.com
2026-01-10 11:05:26: MACs: umac-64-etm@openssh.com,umac-128-etm@openssh.com,hmac-sha2-256-etm@openssh.com,hmac-sha2-512-etm@openssh.com,hmac-sha1-etm@openssh.com,umac-64@openssh.com,umac-128@openssh.com,hmac-sha2-256,hmac-sha2-512,hmac-sha1
2026-01-10 11:05:26: Auth: start: publickey
2026-01-10 11:05:26: Auth: publickey: no keys available
2026-01-10 11:05:26: Auth: start: password
2026-01-10 11:05:28: -- Analysis Started by Periodic Timer
2026-01-10 11:05:28: L: Reading State File C:/Users/grabacr/VPSsync/01-WorkspaceSync/modelica-shared/CustomLib/NuclearSystem/_gsdata_/_file_state_v4._gs
2026-01-10 11:05:29: R: Reading State File sftp://os3-310-44666.vs.sakura.ne.jp/home/ubuntu/VPSsync/01-WorkspaceSync/modelica-shared/CustomLib/NuclearSystem/_gsdata_/_file_state_v4._gs
2026-01-10 11:06:02: Changes: 2, Conflicts: 0, CopyTime: 0, FixState: 3,249, Errors: 0, All: 3253
2026-01-10 11:06:02: Left to Right: Copy File: 2 
2026-01-10 11:06:02: == Sync Started by Periodic Timer
2026-01-10 11:06:02: Start only 2 threads, limited by tasks to run
2026-01-10 11:06:02: ConnectCloned connected to file:///~grabacr/VPSsync/01-WorkspaceSync/modelica-shared/CustomLib/NuclearSystem
2026-01-10 11:06:02: ConnectCloned connected to file:///~grabacr/VPSsync/01-WorkspaceSync/modelica-shared/CustomLib/NuclearSystem
2026-01-10 11:06:02: Server: SSH-2.0-OpenSSH_9.6p1 Ubuntu-3ubuntu13.14
2026-01-10 11:06:02: Server: SSH-2.0-OpenSSH_9.6p1 Ubuntu-3ubuntu13.14
2026-01-10 11:06:02: Server KEXes: sntrup761x25519-sha512@openssh.com,curve25519-sha256,curve25519-sha256@libssh.org,ecdh-sha2-nistp256,ecdh-sha2-nistp384,ecdh-sha2-nistp521,diffie-hellman-group-exchange-sha256,diffie-hellman-group16-sha512,diffie-hellman-group18-sha512,diffie-hellman-group14-sha256,ext-info-s,kex-strict-s-v00@openssh.com
2026-01-10 11:06:02: Server Host Keys: rsa-sha2-512,rsa-sha2-256,ecdsa-sha2-nistp256,ssh-ed25519
2026-01-10 11:06:02: Chosen Host Key: ssh-ed25519
2026-01-10 11:06:02: Ciphers: chacha20-poly1305@openssh.com,aes128-ctr,aes192-ctr,aes256-ctr,aes128-gcm@openssh.com,aes256-gcm@openssh.com
2026-01-10 11:06:02: MACs: umac-64-etm@openssh.com,umac-128-etm@openssh.com,hmac-sha2-256-etm@openssh.com,hmac-sha2-512-etm@openssh.com,hmac-sha1-etm@openssh.com,umac-64@openssh.com,umac-128@openssh.com,hmac-sha2-256,hmac-sha2-512,hmac-sha1
2026-01-10 11:06:02: Server KEXes: sntrup761x25519-sha512@openssh.com,curve25519-sha256,curve25519-sha256@libssh.org,ecdh-sha2-nistp256,ecdh-sha2-nistp384,ecdh-sha2-nistp521,diffie-hellman-group-exchange-sha256,diffie-hellman-group16-sha512,diffie-hellman-group18-sha512,diffie-hellman-group14-sha256,ext-info-s,kex-strict-s-v00@openssh.com
2026-01-10 11:06:02: Server Host Keys: rsa-sha2-512,rsa-sha2-256,ecdsa-sha2-nistp256,ssh-ed25519
2026-01-10 11:06:02: Chosen Host Key: ssh-ed25519
2026-01-10 11:06:02: Ciphers: chacha20-poly1305@openssh.com,aes128-ctr,aes192-ctr,aes256-ctr,aes128-gcm@openssh.com,aes256-gcm@openssh.com
2026-01-10 11:06:02: MACs: umac-64-etm@openssh.com,umac-128-etm@openssh.com,hmac-sha2-256-etm@openssh.com,hmac-sha2-512-etm@openssh.com,hmac-sha1-etm@openssh.com,umac-64@openssh.com,umac-128@openssh.com,hmac-sha2-256,hmac-sha2-512,hmac-sha1
2026-01-10 11:06:02: Auth: start: publickey
2026-01-10 11:06:02: Auth: publickey: no keys available
2026-01-10 11:06:02: Auth: start: password
2026-01-10 11:06:02: Auth: start: publickey
2026-01-10 11:06:02: Auth: publickey: no keys available
2026-01-10 11:06:02: Auth: start: password
2026-01-10 11:06:03: GsConnectAndSetRoot1 connected to sftp://os3-310-44666.vs.sakura.ne.jp/home/ubuntu/VPSsync/01-WorkspaceSync/modelica-shared/CustomLib/NuclearSystem
2026-01-10 11:06:03: GsConnectAndSetRoot1 connected to sftp://os3-310-44666.vs.sakura.ne.jp/home/ubuntu/VPSsync/01-WorkspaceSync/modelica-shared/CustomLib/NuclearSystem
2026-01-10 11:06:03: Copy Over 'C:/Users/grabacr/VPSsync/01-WorkspaceSync/modelica-shared/CustomLib/NuclearSystem/.git/sourcetreeconfig.json' -> 'sftp://os3-310-44666.vs.sakura.ne.jp/home/ubuntu/VPSsync/01-WorkspaceSync/modelica-shared/CustomLib/NuclearSystem/.git/sourcetreeconfig.json' (831)
2026-01-10 11:06:03: Copy Over 'C:/Users/grabacr/VPSsync/01-WorkspaceSync/modelica-shared/CustomLib/NuclearSystem/.git/FETCH_HEAD' -> 'sftp://os3-310-44666.vs.sakura.ne.jp/home/ubuntu/VPSsync/01-WorkspaceSync/modelica-shared/CustomLib/NuclearSystem/.git/FETCH_HEAD' (106)
2026-01-10 11:06:04: Save State File C:/Users/grabacr/VPSsync/01-WorkspaceSync/modelica-shared/CustomLib/NuclearSystem/_gsdata_/_file_state_v4._gs
2026-01-10 11:06:04: Save State File sftp://os3-310-44666.vs.sakura.ne.jp/home/ubuntu/VPSsync/01-WorkspaceSync/modelica-shared/CustomLib/NuclearSystem/_gsdata_/_file_state_v4._gs
2026-01-10 11:06:15: == Sync Complete. Time: 00:00:13, Speed: 0.00/s, OK: 3,251, Errors: 0
