2026-01-06 06:40:55: Server: SSH-2.0-OpenSSH_9.6p1 Ubuntu-3ubuntu13.14
2026-01-06 06:40:55: Server KEXes: sntrup761x25519-sha512@openssh.com,curve25519-sha256,curve25519-sha256@libssh.org,ecdh-sha2-nistp256,ecdh-sha2-nistp384,ecdh-sha2-nistp521,diffie-hellman-group-exchange-sha256,diffie-hellman-group16-sha512,diffie-hellman-group18-sha512,diffie-hellman-group14-sha256,ext-info-s,kex-strict-s-v00@openssh.com
2026-01-06 06:40:55: Server Host Keys: rsa-sha2-512,rsa-sha2-256,ecdsa-sha2-nistp256,ssh-ed25519
2026-01-06 06:40:55: Chosen Host Key: ssh-ed25519
2026-01-06 06:40:55: Ciphers: chacha20-poly1305@openssh.com,aes128-ctr,aes192-ctr,aes256-ctr,aes128-gcm@openssh.com,aes256-gcm@openssh.com
2026-01-06 06:40:55: MACs: umac-64-etm@openssh.com,umac-128-etm@openssh.com,hmac-sha2-256-etm@openssh.com,hmac-sha2-512-etm@openssh.com,hmac-sha1-etm@openssh.com,umac-64@openssh.com,umac-128@openssh.com,hmac-sha2-256,hmac-sha2-512,hmac-sha1
2026-01-06 06:40:55: Auth: start: publickey
2026-01-06 06:40:55: Auth: publickey: no keys available
2026-01-06 06:40:55: Auth: start: password
2026-01-06 06:40:56: -- Analysis Started by On File Change, After Delay
2026-01-06 06:40:56: L: State File has changed, so re-read it: C:/Users/grabacr/VPSsync/01-WorkspaceSync/modelica-shared/CustomLib/NuclearSystem/_gsdata_/_file_state_v4._gs
2026-01-06 06:40:56: L: Reading State File C:/Users/grabacr/VPSsync/01-WorkspaceSync/modelica-shared/CustomLib/NuclearSystem/_gsdata_/_file_state_v4._gs
2026-01-06 06:40:57: R: State File has changed, so re-read it: sftp://os3-310-44666.vs.sakura.ne.jp/home/ubuntu/VPSsync/01-WorkspaceSync/modelica-shared/CustomLib/NuclearSystem/_gsdata_/_file_state_v4._gs
2026-01-06 06:40:57: R: Reading State File sftp://os3-310-44666.vs.sakura.ne.jp/home/ubuntu/VPSsync/01-WorkspaceSync/modelica-shared/CustomLib/NuclearSystem/_gsdata_/_file_state_v4._gs
2026-01-06 06:40:57: /Kinetics/Components/dVolByThermalLinearExpansion.mo: R:TimeSize<>; Warning: Older file to replace Newer file
2026-01-06 06:40:57: /Kinetics/Components/KineticReactor_00.mo: R:TimeSize<>; Warning: Older file to replace Newer file
2026-01-06 06:40:57: /Kinetics/Components/package.order: R:TimeSize<>; Warning: Older file to replace Newer file
2026-01-06 06:40:57: /Kinetics/Examples/EngineeringStudyModels/KineticReactorWithVolumeFeedback_01.mo: R:TimeSize<>; Warning: Older file to replace Newer file
2026-01-06 06:40:57: /Kinetics/Examples/EngineeringStudyModels/package.order: R:TimeSize<>; Warning: Older file to replace Newer file
2026-01-06 06:40:58: Changes: 213, Conflicts: 0, CopyTime: 0, FixState: 0, Errors: 0, All: 3087
2026-01-06 06:40:58: Left to Right: Copy File: 208 
2026-01-06 06:40:58: Right to Left: Copy File: 5 
2026-01-06 06:40:58: == Sync Started by On File Change, After Delay
2026-01-06 06:40:58: ConnectCloned connected to file:///~grabacr/VPSsync/01-WorkspaceSync/modelica-shared/CustomLib/NuclearSystem
2026-01-06 06:40:58: ConnectCloned connected to file:///~grabacr/VPSsync/01-WorkspaceSync/modelica-shared/CustomLib/NuclearSystem
2026-01-06 06:40:58: ConnectCloned connected to file:///~grabacr/VPSsync/01-WorkspaceSync/modelica-shared/CustomLib/NuclearSystem
2026-01-06 06:40:58: Server: SSH-2.0-OpenSSH_9.6p1 Ubuntu-3ubuntu13.14
2026-01-06 06:40:58: Server: SSH-2.0-OpenSSH_9.6p1 Ubuntu-3ubuntu13.14
2026-01-06 06:40:58: Server: SSH-2.0-OpenSSH_9.6p1 Ubuntu-3ubuntu13.14
2026-01-06 06:40:58: Server KEXes: sntrup761x25519-sha512@openssh.com,curve25519-sha256,curve25519-sha256@libssh.org,ecdh-sha2-nistp256,ecdh-sha2-nistp384,ecdh-sha2-nistp521,diffie-hellman-group-exchange-sha256,diffie-hellman-group16-sha512,diffie-hellman-group18-sha512,diffie-hellman-group14-sha256,ext-info-s,kex-strict-s-v00@openssh.com
2026-01-06 06:40:58: Server Host Keys: rsa-sha2-512,rsa-sha2-256,ecdsa-sha2-nistp256,ssh-ed25519
2026-01-06 06:40:58: Chosen Host Key: ssh-ed25519
2026-01-06 06:40:58: Ciphers: chacha20-poly1305@openssh.com,aes128-ctr,aes192-ctr,aes256-ctr,aes128-gcm@openssh.com,aes256-gcm@openssh.com
2026-01-06 06:40:58: MACs: umac-64-etm@openssh.com,umac-128-etm@openssh.com,hmac-sha2-256-etm@openssh.com,hmac-sha2-512-etm@openssh.com,hmac-sha1-etm@openssh.com,umac-64@openssh.com,umac-128@openssh.com,hmac-sha2-256,hmac-sha2-512,hmac-sha1
2026-01-06 06:40:58: Server KEXes: sntrup761x25519-sha512@openssh.com,curve25519-sha256,curve25519-sha256@libssh.org,ecdh-sha2-nistp256,ecdh-sha2-nistp384,ecdh-sha2-nistp521,diffie-hellman-group-exchange-sha256,diffie-hellman-group16-sha512,diffie-hellman-group18-sha512,diffie-hellman-group14-sha256,ext-info-s,kex-strict-s-v00@openssh.com
2026-01-06 06:40:58: Server KEXes: sntrup761x25519-sha512@openssh.com,curve25519-sha256,curve25519-sha256@libssh.org,ecdh-sha2-nistp256,ecdh-sha2-nistp384,ecdh-sha2-nistp521,diffie-hellman-group-exchange-sha256,diffie-hellman-group16-sha512,diffie-hellman-group18-sha512,diffie-hellman-group14-sha256,ext-info-s,kex-strict-s-v00@openssh.com
2026-01-06 06:40:58: Server Host Keys: rsa-sha2-512,rsa-sha2-256,ecdsa-sha2-nistp256,ssh-ed25519
2026-01-06 06:40:58: Chosen Host Key: ssh-ed25519
2026-01-06 06:40:58: Ciphers: chacha20-poly1305@openssh.com,aes128-ctr,aes192-ctr,aes256-ctr,aes128-gcm@openssh.com,aes256-gcm@openssh.com
2026-01-06 06:40:58: MACs: umac-64-etm@openssh.com,umac-128-etm@openssh.com,hmac-sha2-256-etm@openssh.com,hmac-sha2-512-etm@openssh.com,hmac-sha1-etm@openssh.com,umac-64@openssh.com,umac-128@openssh.com,hmac-sha2-256,hmac-sha2-512,hmac-sha1
2026-01-06 06:40:58: Server Host Keys: rsa-sha2-512,rsa-sha2-256,ecdsa-sha2-nistp256,ssh-ed25519
2026-01-06 06:40:58: Chosen Host Key: ssh-ed25519
2026-01-06 06:40:58: Ciphers: chacha20-poly1305@openssh.com,aes128-ctr,aes192-ctr,aes256-ctr,aes128-gcm@openssh.com,aes256-gcm@openssh.com
2026-01-06 06:40:58: MACs: umac-64-etm@openssh.com,umac-128-etm@openssh.com,hmac-sha2-256-etm@openssh.com,hmac-sha2-512-etm@openssh.com,hmac-sha1-etm@openssh.com,umac-64@openssh.com,umac-128@openssh.com,hmac-sha2-256,hmac-sha2-512,hmac-sha1
2026-01-06 06:40:58: Auth: start: publickey
2026-01-06 06:40:58: Auth: publickey: no keys available
2026-01-06 06:40:58: Auth: start: password
2026-01-06 06:40:58: Auth: start: publickey
2026-01-06 06:40:58: Auth: publickey: no keys available
2026-01-06 06:40:58: Auth: start: password
2026-01-06 06:40:58: Auth: start: publickey
2026-01-06 06:40:58: Auth: publickey: no keys available
2026-01-06 06:40:58: Auth: start: password
2026-01-06 06:40:59: GsConnectAndSetRoot1 connected to sftp://os3-310-44666.vs.sakura.ne.jp/home/ubuntu/VPSsync/01-WorkspaceSync/modelica-shared/CustomLib/NuclearSystem
2026-01-06 06:40:59: GsConnectAndSetRoot1 connected to sftp://os3-310-44666.vs.sakura.ne.jp/home/ubuntu/VPSsync/01-WorkspaceSync/modelica-shared/CustomLib/NuclearSystem
2026-01-06 06:40:59: GsConnectAndSetRoot1 connected to sftp://os3-310-44666.vs.sakura.ne.jp/home/ubuntu/VPSsync/01-WorkspaceSync/modelica-shared/CustomLib/NuclearSystem
2026-01-06 06:40:59: Copy New 'C:/Users/grabacr/VPSsync/01-WorkspaceSync/modelica-shared/CustomLib/NuclearSystem/.git/objects/02/fc6b5e328f8cd5b787872357b83bd044986d92' -> 'sftp://os3-310-44666.vs.sakura.ne.jp/home/ubuntu/VPSsync/01-WorkspaceSync/modelica-shared/CustomLib/NuclearSystem/.git/objects/02/fc6b5e328f8cd5b787872357b83bd044986d92' (673)
2026-01-06 06:40:59: Copy Over 'C:/Users/grabacr/VPSsync/01-WorkspaceSync/modelica-shared/CustomLib/NuclearSystem/.git/FETCH_HEAD' -> 'sftp://os3-310-44666.vs.sakura.ne.jp/home/ubuntu/VPSsync/01-WorkspaceSync/modelica-shared/CustomLib/NuclearSystem/.git/FETCH_HEAD' (106)
2026-01-06 06:40:59: Copy New 'C:/Users/grabacr/VPSsync/01-WorkspaceSync/modelica-shared/CustomLib/NuclearSystem/.git/objects/01/20a2f4b615d1cf3a80dba2ec917eb9a29b7015' -> 'sftp://os3-310-44666.vs.sakura.ne.jp/home/ubuntu/VPSsync/01-WorkspaceSync/modelica-shared/CustomLib/NuclearSystem/.git/objects/01/20a2f4b615d1cf3a80dba2ec917eb9a29b7015' (2,736)
2026-01-06 06:40:59: Copy Over 'C:/Users/grabacr/VPSsync/01-WorkspaceSync/modelica-shared/CustomLib/NuclearSystem/.git/index' -> 'sftp://os3-310-44666.vs.sakura.ne.jp/home/ubuntu/VPSsync/01-WorkspaceSync/modelica-shared/CustomLib/NuclearSystem/.git/index' (150,125)
2026-01-06 06:40:59: Copy New 'C:/Users/grabacr/VPSsync/01-WorkspaceSync/modelica-shared/CustomLib/NuclearSystem/.git/objects/01/4e5e2e862c86fe5e133374c67f61c3b272d567' -> 'sftp://os3-310-44666.vs.sakura.ne.jp/home/ubuntu/VPSsync/01-WorkspaceSync/modelica-shared/CustomLib/NuclearSystem/.git/objects/01/4e5e2e862c86fe5e133374c67f61c3b272d567' (1,267)
2026-01-06 06:40:59: Copy New 'C:/Users/grabacr/VPSsync/01-WorkspaceSync/modelica-shared/CustomLib/NuclearSystem/.git/objects/03/1c975d902438eb45c684a2c6c55d5b9ab4c0af' -> 'sftp://os3-310-44666.vs.sakura.ne.jp/home/ubuntu/VPSsync/01-WorkspaceSync/modelica-shared/CustomLib/NuclearSystem/.git/objects/03/1c975d902438eb45c684a2c6c55d5b9ab4c0af' (782)
2026-01-06 06:40:59: Copy New 'C:/Users/grabacr/VPSsync/01-WorkspaceSync/modelica-shared/CustomLib/NuclearSystem/.git/objects/03/85386022cbeb696c6058b90ec7a9932a149989' -> 'sftp://os3-310-44666.vs.sakura.ne.jp/home/ubuntu/VPSsync/01-WorkspaceSync/modelica-shared/CustomLib/NuclearSystem/.git/objects/03/85386022cbeb696c6058b90ec7a9932a149989' (534)
2026-01-06 06:41:00: Copy New 'C:/Users/grabacr/VPSsync/01-WorkspaceSync/modelica-shared/CustomLib/NuclearSystem/.git/objects/06/8f28703cd238b5dbd0bfa32cebb9e7ce8a77d3' -> 'sftp://os3-310-44666.vs.sakura.ne.jp/home/ubuntu/VPSsync/01-WorkspaceSync/modelica-shared/CustomLib/NuclearSystem/.git/objects/06/8f28703cd238b5dbd0bfa32cebb9e7ce8a77d3' (718)
2026-01-06 06:41:00: Copy Over 'C:/Users/grabacr/VPSsync/01-WorkspaceSync/modelica-shared/CustomLib/NuclearSystem/.git/objects/03/68f3c04c6e0922e0b3cd844e26ea033ed672a1' -> 'sftp://os3-310-44666.vs.sakura.ne.jp/home/ubuntu/VPSsync/01-WorkspaceSync/modelica-shared/CustomLib/NuclearSystem/.git/objects/03/68f3c04c6e0922e0b3cd844e26ea033ed672a1' (24)
2026-01-06 06:41:00: Copy New 'C:/Users/grabacr/VPSsync/01-WorkspaceSync/modelica-shared/CustomLib/NuclearSystem/.git/objects/07/c2f07fb9815a7ad68645336e8f4824dc2e1a4f' -> 'sftp://os3-310-44666.vs.sakura.ne.jp/home/ubuntu/VPSsync/01-WorkspaceSync/modelica-shared/CustomLib/NuclearSystem/.git/objects/07/c2f07fb9815a7ad68645336e8f4824dc2e1a4f' (666)
2026-01-06 06:41:00: Copy New 'C:/Users/grabacr/VPSsync/01-WorkspaceSync/modelica-shared/CustomLib/NuclearSystem/.git/objects/06/d119fd12266ee46422a6516ed42192bd00f103' -> 'sftp://os3-310-44666.vs.sakura.ne.jp/home/ubuntu/VPSsync/01-WorkspaceSync/modelica-shared/CustomLib/NuclearSystem/.git/objects/06/d119fd12266ee46422a6516ed42192bd00f103' (668)
2026-01-06 06:41:00: Copy New 'C:/Users/grabacr/VPSsync/01-WorkspaceSync/modelica-shared/CustomLib/NuclearSystem/.git/objects/06/a1bb9e9965170da0bff5a98704e1af04715665' -> 'sftp://os3-310-44666.vs.sakura.ne.jp/home/ubuntu/VPSsync/01-WorkspaceSync/modelica-shared/CustomLib/NuclearSystem/.git/objects/06/a1bb9e9965170da0bff5a98704e1af04715665' (1,092)
2026-01-06 06:41:00: Copy New 'C:/Users/grabacr/VPSsync/01-WorkspaceSync/modelica-shared/CustomLib/NuclearSystem/.git/objects/08/5332e31cb2a1d1cd16f8f545cb87455becd96c' -> 'sftp://os3-310-44666.vs.sakura.ne.jp/home/ubuntu/VPSsync/01-WorkspaceSync/modelica-shared/CustomLib/NuclearSystem/.git/objects/08/5332e31cb2a1d1cd16f8f545cb87455becd96c' (111)
2026-01-06 06:41:00: Copy New 'C:/Users/grabacr/VPSsync/01-WorkspaceSync/modelica-shared/CustomLib/NuclearSystem/.git/objects/0b/3c014e1d5f7b81575f154e384e3bf395174d2c' -> 'sftp://os3-310-44666.vs.sakura.ne.jp/home/ubuntu/VPSsync/01-WorkspaceSync/modelica-shared/CustomLib/NuclearSystem/.git/objects/0b/3c014e1d5f7b81575f154e384e3bf395174d2c' (666)
2026-01-06 06:41:00: Copy New 'C:/Users/grabacr/VPSsync/01-WorkspaceSync/modelica-shared/CustomLib/NuclearSystem/.git/objects/09/e9eca24fb63187b43d355f191ec5a588c8e029' -> 'sftp://os3-310-44666.vs.sakura.ne.jp/home/ubuntu/VPSsync/01-WorkspaceSync/modelica-shared/CustomLib/NuclearSystem/.git/objects/09/e9eca24fb63187b43d355f191ec5a588c8e029' (809)
2026-01-06 06:41:00: Copy New 'C:/Users/grabacr/VPSsync/01-WorkspaceSync/modelica-shared/CustomLib/NuclearSystem/.git/objects/0c/d1af1f8096ac3bb4f334a6ee9062baadd43d09' -> 'sftp://os3-310-44666.vs.sakura.ne.jp/home/ubuntu/VPSsync/01-WorkspaceSync/modelica-shared/CustomLib/NuclearSystem/.git/objects/0c/d1af1f8096ac3bb4f334a6ee9062baadd43d09' (893)
2026-01-06 06:41:00: Copy New 'C:/Users/grabacr/VPSsync/01-WorkspaceSync/modelica-shared/CustomLib/NuclearSystem/.git/objects/0b/5d1798373890af5d91f8e4fa3bacb88f830dfb' -> 'sftp://os3-310-44666.vs.sakura.ne.jp/home/ubuntu/VPSsync/01-WorkspaceSync/modelica-shared/CustomLib/NuclearSystem/.git/objects/0b/5d1798373890af5d91f8e4fa3bacb88f830dfb' (893)
2026-01-06 06:41:00: Copy Over 'C:/Users/grabacr/VPSsync/01-WorkspaceSync/modelica-shared/CustomLib/NuclearSystem/.git/objects/0d/16c853003b58059763ba129cb554ecddbf0746' -> 'sftp://os3-310-44666.vs.sakura.ne.jp/home/ubuntu/VPSsync/01-WorkspaceSync/modelica-shared/CustomLib/NuclearSystem/.git/objects/0d/16c853003b58059763ba129cb554ecddbf0746' (93)
2026-01-06 06:41:00: Copy New 'C:/Users/grabacr/VPSsync/01-WorkspaceSync/modelica-shared/CustomLib/NuclearSystem/.git/objects/0e/bcda98b066871ae8ea0177fc09672e913ad07c' -> 'sftp://os3-310-44666.vs.sakura.ne.jp/home/ubuntu/VPSsync/01-WorkspaceSync/modelica-shared/CustomLib/NuclearSystem/.git/objects/0e/bcda98b066871ae8ea0177fc09672e913ad07c' (718)
2026-01-06 06:41:00: Copy New 'C:/Users/grabacr/VPSsync/01-WorkspaceSync/modelica-shared/CustomLib/NuclearSystem/.git/objects/10/2be26175d638148d940ac019145d21f11e6c6e' -> 'sftp://os3-310-44666.vs.sakura.ne.jp/home/ubuntu/VPSsync/01-WorkspaceSync/modelica-shared/CustomLib/NuclearSystem/.git/objects/10/2be26175d638148d940ac019145d21f11e6c6e' (719)
2026-01-06 06:41:00: Copy New 'C:/Users/grabacr/VPSsync/01-WorkspaceSync/modelica-shared/CustomLib/NuclearSystem/.git/objects/11/63bfd2b4602012e62178c6ee4422c490c71b45' -> 'sftp://os3-310-44666.vs.sakura.ne.jp/home/ubuntu/VPSsync/01-WorkspaceSync/modelica-shared/CustomLib/NuclearSystem/.git/objects/11/63bfd2b4602012e62178c6ee4422c490c71b45' (816)
2026-01-06 06:41:00: Copy New 'C:/Users/grabacr/VPSsync/01-WorkspaceSync/modelica-shared/CustomLib/NuclearSystem/.git/objects/12/501b275596e1b39bf84c29ab3def97ae2f8996' -> 'sftp://os3-310-44666.vs.sakura.ne.jp/home/ubuntu/VPSsync/01-WorkspaceSync/modelica-shared/CustomLib/NuclearSystem/.git/objects/12/501b275596e1b39bf84c29ab3def97ae2f8996' (895)
2026-01-06 06:41:00: Copy New 'C:/Users/grabacr/VPSsync/01-WorkspaceSync/modelica-shared/CustomLib/NuclearSystem/.git/objects/14/7fd042731ef8481a5d3890213d5145d77a558e' -> 'sftp://os3-310-44666.vs.sakura.ne.jp/home/ubuntu/VPSsync/01-WorkspaceSync/modelica-shared/CustomLib/NuclearSystem/.git/objects/14/7fd042731ef8481a5d3890213d5145d77a558e' (782)
2026-01-06 06:41:00: Copy New 'C:/Users/grabacr/VPSsync/01-WorkspaceSync/modelica-shared/CustomLib/NuclearSystem/.git/objects/17/5707fa48f6976c063c8cf657935388bb9893c0' -> 'sftp://os3-310-44666.vs.sakura.ne.jp/home/ubuntu/VPSsync/01-WorkspaceSync/modelica-shared/CustomLib/NuclearSystem/.git/objects/17/5707fa48f6976c063c8cf657935388bb9893c0' (1,037)
2026-01-06 06:41:00: Copy New 'C:/Users/grabacr/VPSsync/01-WorkspaceSync/modelica-shared/CustomLib/NuclearSystem/.git/objects/17/ff77958fb53e3cc9af71b2c24ee4b6a13da209' -> 'sftp://os3-310-44666.vs.sakura.ne.jp/home/ubuntu/VPSsync/01-WorkspaceSync/modelica-shared/CustomLib/NuclearSystem/.git/objects/17/ff77958fb53e3cc9af71b2c24ee4b6a13da209' (1,099)
2026-01-06 06:41:01: Copy New 'C:/Users/grabacr/VPSsync/01-WorkspaceSync/modelica-shared/CustomLib/NuclearSystem/.git/objects/14/ab460882c940c529319ebb4ef95631d09f5978' -> 'sftp://os3-310-44666.vs.sakura.ne.jp/home/ubuntu/VPSsync/01-WorkspaceSync/modelica-shared/CustomLib/NuclearSystem/.git/objects/14/ab460882c940c529319ebb4ef95631d09f5978' (1,235)
2026-01-06 06:41:01: Copy New 'C:/Users/grabacr/VPSsync/01-WorkspaceSync/modelica-shared/CustomLib/NuclearSystem/.git/objects/18/f7ce9bca3140cd55bbc4a2b90fc454c5f5781c' -> 'sftp://os3-310-44666.vs.sakura.ne.jp/home/ubuntu/VPSsync/01-WorkspaceSync/modelica-shared/CustomLib/NuclearSystem/.git/objects/18/f7ce9bca3140cd55bbc4a2b90fc454c5f5781c' (666)
2026-01-06 06:41:01: Copy New 'C:/Users/grabacr/VPSsync/01-WorkspaceSync/modelica-shared/CustomLib/NuclearSystem/.git/objects/19/9b60054b3264050404849559f09f2aab6f5dbb' -> 'sftp://os3-310-44666.vs.sakura.ne.jp/home/ubuntu/VPSsync/01-WorkspaceSync/modelica-shared/CustomLib/NuclearSystem/.git/objects/19/9b60054b3264050404849559f09f2aab6f5dbb' (1,085)
2026-01-06 06:41:01: Copy New 'C:/Users/grabacr/VPSsync/01-WorkspaceSync/modelica-shared/CustomLib/NuclearSystem/.git/objects/1a/7e8b940262cf82e5cccccb6dca3389c1b82e36' -> 'sftp://os3-310-44666.vs.sakura.ne.jp/home/ubuntu/VPSsync/01-WorkspaceSync/modelica-shared/CustomLib/NuclearSystem/.git/objects/1a/7e8b940262cf82e5cccccb6dca3389c1b82e36' (666)
2026-01-06 06:41:01: Copy New 'C:/Users/grabacr/VPSsync/01-WorkspaceSync/modelica-shared/CustomLib/NuclearSystem/.git/objects/1b/481a958d0a18a8a5db42ed8172f22369d29bb3' -> 'sftp://os3-310-44666.vs.sakura.ne.jp/home/ubuntu/VPSsync/01-WorkspaceSync/modelica-shared/CustomLib/NuclearSystem/.git/objects/1b/481a958d0a18a8a5db42ed8172f22369d29bb3' (1,097)
2026-01-06 06:41:01: Copy New 'C:/Users/grabacr/VPSsync/01-WorkspaceSync/modelica-shared/CustomLib/NuclearSystem/.git/objects/1c/67e02b494b619bfaf15121fd420a8e3f7c8482' -> 'sftp://os3-310-44666.vs.sakura.ne.jp/home/ubuntu/VPSsync/01-WorkspaceSync/modelica-shared/CustomLib/NuclearSystem/.git/objects/1c/67e02b494b619bfaf15121fd420a8e3f7c8482' (810)
2026-01-06 06:41:01: Copy New 'C:/Users/grabacr/VPSsync/01-WorkspaceSync/modelica-shared/CustomLib/NuclearSystem/.git/objects/1d/2a6a14006f734c25d97243b29bf7a9dce9f7f8' -> 'sftp://os3-310-44666.vs.sakura.ne.jp/home/ubuntu/VPSsync/01-WorkspaceSync/modelica-shared/CustomLib/NuclearSystem/.git/objects/1d/2a6a14006f734c25d97243b29bf7a9dce9f7f8' (782)
2026-01-06 06:41:01: Copy New 'C:/Users/grabacr/VPSsync/01-WorkspaceSync/modelica-shared/CustomLib/NuclearSystem/.git/objects/1e/8514ca33ed1ceb7762f608406ba36622192755' -> 'sftp://os3-310-44666.vs.sakura.ne.jp/home/ubuntu/VPSsync/01-WorkspaceSync/modelica-shared/CustomLib/NuclearSystem/.git/objects/1e/8514ca33ed1ceb7762f608406ba36622192755' (534)
2026-01-06 06:41:01: Copy New 'C:/Users/grabacr/VPSsync/01-WorkspaceSync/modelica-shared/CustomLib/NuclearSystem/.git/objects/20/c7296c75dba92ee6fdfff9860985446568e68f' -> 'sftp://os3-310-44666.vs.sakura.ne.jp/home/ubuntu/VPSsync/01-WorkspaceSync/modelica-shared/CustomLib/NuclearSystem/.git/objects/20/c7296c75dba92ee6fdfff9860985446568e68f' (1,235)
2026-01-06 06:41:01: Copy New 'C:/Users/grabacr/VPSsync/01-WorkspaceSync/modelica-shared/CustomLib/NuclearSystem/.git/objects/25/d33c824901665ffeb7626a2ee83f9ea8499ad0' -> 'sftp://os3-310-44666.vs.sakura.ne.jp/home/ubuntu/VPSsync/01-WorkspaceSync/modelica-shared/CustomLib/NuclearSystem/.git/objects/25/d33c824901665ffeb7626a2ee83f9ea8499ad0' (781)
2026-01-06 06:41:01: Copy New 'C:/Users/grabacr/VPSsync/01-WorkspaceSync/modelica-shared/CustomLib/NuclearSystem/.git/objects/29/c092b90965b7eddeb2cdf33506bc5e7ec4ea18' -> 'sftp://os3-310-44666.vs.sakura.ne.jp/home/ubuntu/VPSsync/01-WorkspaceSync/modelica-shared/CustomLib/NuclearSystem/.git/objects/29/c092b90965b7eddeb2cdf33506bc5e7ec4ea18' (668)
2026-01-06 06:41:01: Copy New 'C:/Users/grabacr/VPSsync/01-WorkspaceSync/modelica-shared/CustomLib/NuclearSystem/.git/objects/29/c795e3abeb37a0176bb9b12a1a3cda261f3bf9' -> 'sftp://os3-310-44666.vs.sakura.ne.jp/home/ubuntu/VPSsync/01-WorkspaceSync/modelica-shared/CustomLib/NuclearSystem/.git/objects/29/c795e3abeb37a0176bb9b12a1a3cda261f3bf9' (534)
2026-01-06 06:41:01: Copy New 'C:/Users/grabacr/VPSsync/01-WorkspaceSync/modelica-shared/CustomLib/NuclearSystem/.git/objects/27/5ca60b4242f1c8db8c80f33e78b18e8653d346' -> 'sftp://os3-310-44666.vs.sakura.ne.jp/home/ubuntu/VPSsync/01-WorkspaceSync/modelica-shared/CustomLib/NuclearSystem/.git/objects/27/5ca60b4242f1c8db8c80f33e78b18e8653d346' (672)
2026-01-06 06:41:01: Copy New 'C:/Users/grabacr/VPSsync/01-WorkspaceSync/modelica-shared/CustomLib/NuclearSystem/.git/objects/27/6df2f3f969b74dd0156c96912159a968cb2844' -> 'sftp://os3-310-44666.vs.sakura.ne.jp/home/ubuntu/VPSsync/01-WorkspaceSync/modelica-shared/CustomLib/NuclearSystem/.git/objects/27/6df2f3f969b74dd0156c96912159a968cb2844' (665)
2026-01-06 06:41:01: Copy Over 'C:/Users/grabacr/VPSsync/01-WorkspaceSync/modelica-shared/CustomLib/NuclearSystem/.git/objects/27/5dadefe5af9e16766ed21de24450af07b59083' -> 'sftp://os3-310-44666.vs.sakura.ne.jp/home/ubuntu/VPSsync/01-WorkspaceSync/modelica-shared/CustomLib/NuclearSystem/.git/objects/27/5dadefe5af9e16766ed21de24450af07b59083' (30)
2026-01-06 06:41:01: Copy New 'C:/Users/grabacr/VPSsync/01-WorkspaceSync/modelica-shared/CustomLib/NuclearSystem/.git/objects/27/cf71037dfc8c9654541e1b76ddad1b491eedd7' -> 'sftp://os3-310-44666.vs.sakura.ne.jp/home/ubuntu/VPSsync/01-WorkspaceSync/modelica-shared/CustomLib/NuclearSystem/.git/objects/27/cf71037dfc8c9654541e1b76ddad1b491eedd7' (675)
2026-01-06 06:41:01: Copy New 'C:/Users/grabacr/VPSsync/01-WorkspaceSync/modelica-shared/CustomLib/NuclearSystem/.git/objects/2d/d9ecbdc41be1333c62c58ad7ed819b27e09a78' -> 'sftp://os3-310-44666.vs.sakura.ne.jp/home/ubuntu/VPSsync/01-WorkspaceSync/modelica-shared/CustomLib/NuclearSystem/.git/objects/2d/d9ecbdc41be1333c62c58ad7ed819b27e09a78' (534)
2026-01-06 06:41:01: Copy New 'C:/Users/grabacr/VPSsync/01-WorkspaceSync/modelica-shared/CustomLib/NuclearSystem/.git/objects/2e/84c44b3f322ed86a961c98d826640bb3326d62' -> 'sftp://os3-310-44666.vs.sakura.ne.jp/home/ubuntu/VPSsync/01-WorkspaceSync/modelica-shared/CustomLib/NuclearSystem/.git/objects/2e/84c44b3f322ed86a961c98d826640bb3326d62' (665)
2026-01-06 06:41:01: Copy New 'C:/Users/grabacr/VPSsync/01-WorkspaceSync/modelica-shared/CustomLib/NuclearSystem/.git/objects/30/47c517288d773ff6b7f75543298dd94beb5ae0' -> 'sftp://os3-310-44666.vs.sakura.ne.jp/home/ubuntu/VPSsync/01-WorkspaceSync/modelica-shared/CustomLib/NuclearSystem/.git/objects/30/47c517288d773ff6b7f75543298dd94beb5ae0' (668)
2026-01-06 06:41:02: Copy New 'C:/Users/grabacr/VPSsync/01-WorkspaceSync/modelica-shared/CustomLib/NuclearSystem/.git/objects/32/0166f88918ea16fefcbc78ed63c04f6a23c9e7' -> 'sftp://os3-310-44666.vs.sakura.ne.jp/home/ubuntu/VPSsync/01-WorkspaceSync/modelica-shared/CustomLib/NuclearSystem/.git/objects/32/0166f88918ea16fefcbc78ed63c04f6a23c9e7' (534)
2026-01-06 06:41:02: Copy New 'C:/Users/grabacr/VPSsync/01-WorkspaceSync/modelica-shared/CustomLib/NuclearSystem/.git/objects/34/9bad5b6b9d96463f00c1621ed5f43e70052674' -> 'sftp://os3-310-44666.vs.sakura.ne.jp/home/ubuntu/VPSsync/01-WorkspaceSync/modelica-shared/CustomLib/NuclearSystem/.git/objects/34/9bad5b6b9d96463f00c1621ed5f43e70052674' (534)
2026-01-06 06:41:02: Copy New 'C:/Users/grabacr/VPSsync/01-WorkspaceSync/modelica-shared/CustomLib/NuclearSystem/.git/objects/33/e6982017ed6e3bf464f7fac9d874b6901f8720' -> 'sftp://os3-310-44666.vs.sakura.ne.jp/home/ubuntu/VPSsync/01-WorkspaceSync/modelica-shared/CustomLib/NuclearSystem/.git/objects/33/e6982017ed6e3bf464f7fac9d874b6901f8720' (1,271)
2026-01-06 06:41:02: Copy New 'C:/Users/grabacr/VPSsync/01-WorkspaceSync/modelica-shared/CustomLib/NuclearSystem/.git/objects/36/62351ef92d41a5cb6ad502cece35e9abc79ffe' -> 'sftp://os3-310-44666.vs.sakura.ne.jp/home/ubuntu/VPSsync/01-WorkspaceSync/modelica-shared/CustomLib/NuclearSystem/.git/objects/36/62351ef92d41a5cb6ad502cece35e9abc79ffe' (1,103)
2026-01-06 06:41:02: Copy New 'C:/Users/grabacr/VPSsync/01-WorkspaceSync/modelica-shared/CustomLib/NuclearSystem/.git/objects/39/4f0aa2229f72b5184f4e2300c9d88f9df869fd' -> 'sftp://os3-310-44666.vs.sakura.ne.jp/home/ubuntu/VPSsync/01-WorkspaceSync/modelica-shared/CustomLib/NuclearSystem/.git/objects/39/4f0aa2229f72b5184f4e2300c9d88f9df869fd' (718)
2026-01-06 06:41:02: Copy New 'C:/Users/grabacr/VPSsync/01-WorkspaceSync/modelica-shared/CustomLib/NuclearSystem/.git/objects/36/b4825bfb5c2d9ece25159c88f584f92c3dfa96' -> 'sftp://os3-310-44666.vs.sakura.ne.jp/home/ubuntu/VPSsync/01-WorkspaceSync/modelica-shared/CustomLib/NuclearSystem/.git/objects/36/b4825bfb5c2d9ece25159c88f584f92c3dfa96' (666)
2026-01-06 06:41:02: Copy New 'C:/Users/grabacr/VPSsync/01-WorkspaceSync/modelica-shared/CustomLib/NuclearSystem/.git/objects/39/a558034fe84cd9542e6f79e34490ccd8f5e3b1' -> 'sftp://os3-310-44666.vs.sakura.ne.jp/home/ubuntu/VPSsync/01-WorkspaceSync/modelica-shared/CustomLib/NuclearSystem/.git/objects/39/a558034fe84cd9542e6f79e34490ccd8f5e3b1' (1,235)
2026-01-06 06:41:02: Copy New 'C:/Users/grabacr/VPSsync/01-WorkspaceSync/modelica-shared/CustomLib/NuclearSystem/.git/objects/3d/e42899ae4a2a8adfdd2e7460cf6c66cf419f50' -> 'sftp://os3-310-44666.vs.sakura.ne.jp/home/ubuntu/VPSsync/01-WorkspaceSync/modelica-shared/CustomLib/NuclearSystem/.git/objects/3d/e42899ae4a2a8adfdd2e7460cf6c66cf419f50' (665)
2026-01-06 06:41:02: Copy New 'C:/Users/grabacr/VPSsync/01-WorkspaceSync/modelica-shared/CustomLib/NuclearSystem/.git/objects/3e/66c6c714732a02ddcc1725d22f1694c5bcebb9' -> 'sftp://os3-310-44666.vs.sakura.ne.jp/home/ubuntu/VPSsync/01-WorkspaceSync/modelica-shared/CustomLib/NuclearSystem/.git/objects/3e/66c6c714732a02ddcc1725d22f1694c5bcebb9' (893)
2026-01-06 06:41:02: Copy Over 'C:/Users/grabacr/VPSsync/01-WorkspaceSync/modelica-shared/CustomLib/NuclearSystem/.git/objects/3b/684966bca5514d43d84096db90db8c7fbdfd08' -> 'sftp://os3-310-44666.vs.sakura.ne.jp/home/ubuntu/VPSsync/01-WorkspaceSync/modelica-shared/CustomLib/NuclearSystem/.git/objects/3b/684966bca5514d43d84096db90db8c7fbdfd08' (48)
2026-01-06 06:41:02: Copy New 'C:/Users/grabacr/VPSsync/01-WorkspaceSync/modelica-shared/CustomLib/NuclearSystem/.git/objects/41/b340eb3ec6af1fe655d2dae637a583df12edfc' -> 'sftp://os3-310-44666.vs.sakura.ne.jp/home/ubuntu/VPSsync/01-WorkspaceSync/modelica-shared/CustomLib/NuclearSystem/.git/objects/41/b340eb3ec6af1fe655d2dae637a583df12edfc' (894)
2026-01-06 06:41:02: Copy New 'C:/Users/grabacr/VPSsync/01-WorkspaceSync/modelica-shared/CustomLib/NuclearSystem/.git/objects/3f/595cfd6d7adc4b6e7a3c6002c17786f94f213e' -> 'sftp://os3-310-44666.vs.sakura.ne.jp/home/ubuntu/VPSsync/01-WorkspaceSync/modelica-shared/CustomLib/NuclearSystem/.git/objects/3f/595cfd6d7adc4b6e7a3c6002c17786f94f213e' (783)
2026-01-06 06:41:02: Copy Over 'C:/Users/grabacr/VPSsync/01-WorkspaceSync/modelica-shared/CustomLib/NuclearSystem/.git/objects/3f/07a0dc711ead2fc4c9e8b84b999c98b0f329bd' -> 'sftp://os3-310-44666.vs.sakura.ne.jp/home/ubuntu/VPSsync/01-WorkspaceSync/modelica-shared/CustomLib/NuclearSystem/.git/objects/3f/07a0dc711ead2fc4c9e8b84b999c98b0f329bd' (103)
2026-01-06 06:41:02: Copy New 'C:/Users/grabacr/VPSsync/01-WorkspaceSync/modelica-shared/CustomLib/NuclearSystem/.git/objects/42/6e66b1e0e0c98358972392bf221c98b5f252f6' -> 'sftp://os3-310-44666.vs.sakura.ne.jp/home/ubuntu/VPSsync/01-WorkspaceSync/modelica-shared/CustomLib/NuclearSystem/.git/objects/42/6e66b1e0e0c98358972392bf221c98b5f252f6' (534)
2026-01-06 06:41:02: Copy New 'C:/Users/grabacr/VPSsync/01-WorkspaceSync/modelica-shared/CustomLib/NuclearSystem/.git/objects/48/77f8a10034ab49d888c01bcf9c7d9c9b54f35b' -> 'sftp://os3-310-44666.vs.sakura.ne.jp/home/ubuntu/VPSsync/01-WorkspaceSync/modelica-shared/CustomLib/NuclearSystem/.git/objects/48/77f8a10034ab49d888c01bcf9c7d9c9b54f35b' (1,438)
2026-01-06 06:41:02: Copy New 'C:/Users/grabacr/VPSsync/01-WorkspaceSync/modelica-shared/CustomLib/NuclearSystem/.git/objects/49/41ad806c71c2f9e5f54f0ed68e02fe149b9607' -> 'sftp://os3-310-44666.vs.sakura.ne.jp/home/ubuntu/VPSsync/01-WorkspaceSync/modelica-shared/CustomLib/NuclearSystem/.git/objects/49/41ad806c71c2f9e5f54f0ed68e02fe149b9607' (885)
2026-01-06 06:41:03: Copy New 'C:/Users/grabacr/VPSsync/01-WorkspaceSync/modelica-shared/CustomLib/NuclearSystem/.git/objects/4a/5da94944407cd01ae86fadefa840a78ea89b7c' -> 'sftp://os3-310-44666.vs.sakura.ne.jp/home/ubuntu/VPSsync/01-WorkspaceSync/modelica-shared/CustomLib/NuclearSystem/.git/objects/4a/5da94944407cd01ae86fadefa840a78ea89b7c' (781)
2026-01-06 06:41:03: Copy New 'C:/Users/grabacr/VPSsync/01-WorkspaceSync/modelica-shared/CustomLib/NuclearSystem/.git/objects/49/ac903caed057f3a09cd919ded95225b1229f8e' -> 'sftp://os3-310-44666.vs.sakura.ne.jp/home/ubuntu/VPSsync/01-WorkspaceSync/modelica-shared/CustomLib/NuclearSystem/.git/objects/49/ac903caed057f3a09cd919ded95225b1229f8e' (782)
2026-01-06 06:41:03: Copy New 'C:/Users/grabacr/VPSsync/01-WorkspaceSync/modelica-shared/CustomLib/NuclearSystem/.git/objects/49/dd7fb898bf04a4aa4ea4f58902709e1d8dbe77' -> 'sftp://os3-310-44666.vs.sakura.ne.jp/home/ubuntu/VPSsync/01-WorkspaceSync/modelica-shared/CustomLib/NuclearSystem/.git/objects/49/dd7fb898bf04a4aa4ea4f58902709e1d8dbe77' (783)
2026-01-06 06:41:03: Copy New 'C:/Users/grabacr/VPSsync/01-WorkspaceSync/modelica-shared/CustomLib/NuclearSystem/.git/objects/4b/bae30a97dc5fcbb034f626dfafe12437d38a2d' -> 'sftp://os3-310-44666.vs.sakura.ne.jp/home/ubuntu/VPSsync/01-WorkspaceSync/modelica-shared/CustomLib/NuclearSystem/.git/objects/4b/bae30a97dc5fcbb034f626dfafe12437d38a2d' (534)
2026-01-06 06:41:03: Copy New 'C:/Users/grabacr/VPSsync/01-WorkspaceSync/modelica-shared/CustomLib/NuclearSystem/.git/objects/4c/9e4f52e87df5301dfaae963e372b7f00f5b32f' -> 'sftp://os3-310-44666.vs.sakura.ne.jp/home/ubuntu/VPSsync/01-WorkspaceSync/modelica-shared/CustomLib/NuclearSystem/.git/objects/4c/9e4f52e87df5301dfaae963e372b7f00f5b32f' (533)
2026-01-06 06:41:03: Copy New 'C:/Users/grabacr/VPSsync/01-WorkspaceSync/modelica-shared/CustomLib/NuclearSystem/.git/objects/4d/1958cb2a6905a4df050ff04d6ad7a3fb52e0d3' -> 'sftp://os3-310-44666.vs.sakura.ne.jp/home/ubuntu/VPSsync/01-WorkspaceSync/modelica-shared/CustomLib/NuclearSystem/.git/objects/4d/1958cb2a6905a4df050ff04d6ad7a3fb52e0d3' (895)
2026-01-06 06:41:03: Copy New 'C:/Users/grabacr/VPSsync/01-WorkspaceSync/modelica-shared/CustomLib/NuclearSystem/.git/objects/4c/d87499c2a0de49569bc11cf047a1431de7bce1' -> 'sftp://os3-310-44666.vs.sakura.ne.jp/home/ubuntu/VPSsync/01-WorkspaceSync/modelica-shared/CustomLib/NuclearSystem/.git/objects/4c/d87499c2a0de49569bc11cf047a1431de7bce1' (1,084)
2026-01-06 06:41:03: Copy New 'C:/Users/grabacr/VPSsync/01-WorkspaceSync/modelica-shared/CustomLib/NuclearSystem/.git/objects/4c/fac5ec73381766da940f9cc445c8889d63b13b' -> 'sftp://os3-310-44666.vs.sakura.ne.jp/home/ubuntu/VPSsync/01-WorkspaceSync/modelica-shared/CustomLib/NuclearSystem/.git/objects/4c/fac5ec73381766da940f9cc445c8889d63b13b' (665)
2026-01-06 06:41:03: Copy New 'C:/Users/grabacr/VPSsync/01-WorkspaceSync/modelica-shared/CustomLib/NuclearSystem/.git/objects/50/58338d0eeaacd17de992d3a9984251390fcbdf' -> 'sftp://os3-310-44666.vs.sakura.ne.jp/home/ubuntu/VPSsync/01-WorkspaceSync/modelica-shared/CustomLib/NuclearSystem/.git/objects/50/58338d0eeaacd17de992d3a9984251390fcbdf' (666)
2026-01-06 06:41:03: Copy New 'C:/Users/grabacr/VPSsync/01-WorkspaceSync/modelica-shared/CustomLib/NuclearSystem/.git/objects/51/1346b067b0770dcfc71622695da0d9642d0936' -> 'sftp://os3-310-44666.vs.sakura.ne.jp/home/ubuntu/VPSsync/01-WorkspaceSync/modelica-shared/CustomLib/NuclearSystem/.git/objects/51/1346b067b0770dcfc71622695da0d9642d0936' (1,233)
2026-01-06 06:41:03: Copy New 'C:/Users/grabacr/VPSsync/01-WorkspaceSync/modelica-shared/CustomLib/NuclearSystem/.git/objects/50/d3ceb8fb61cd465370d53a60d01932e38ca5b0' -> 'sftp://os3-310-44666.vs.sakura.ne.jp/home/ubuntu/VPSsync/01-WorkspaceSync/modelica-shared/CustomLib/NuclearSystem/.git/objects/50/d3ceb8fb61cd465370d53a60d01932e38ca5b0' (534)
2026-01-06 06:41:03: Copy New 'C:/Users/grabacr/VPSsync/01-WorkspaceSync/modelica-shared/CustomLib/NuclearSystem/.git/objects/52/4ed1fceed235e3f3f1f81072a09e2b854e3e51' -> 'sftp://os3-310-44666.vs.sakura.ne.jp/home/ubuntu/VPSsync/01-WorkspaceSync/modelica-shared/CustomLib/NuclearSystem/.git/objects/52/4ed1fceed235e3f3f1f81072a09e2b854e3e51' (784)
2026-01-06 06:41:03: Copy New 'C:/Users/grabacr/VPSsync/01-WorkspaceSync/modelica-shared/CustomLib/NuclearSystem/.git/objects/53/9e90f4cc453613089e68edfacf99d511659f24' -> 'sftp://os3-310-44666.vs.sakura.ne.jp/home/ubuntu/VPSsync/01-WorkspaceSync/modelica-shared/CustomLib/NuclearSystem/.git/objects/53/9e90f4cc453613089e68edfacf99d511659f24' (718)
2026-01-06 06:41:03: Copy New 'C:/Users/grabacr/VPSsync/01-WorkspaceSync/modelica-shared/CustomLib/NuclearSystem/.git/objects/53/f0a421843e3e5db3014199139d2bf2572b7311' -> 'sftp://os3-310-44666.vs.sakura.ne.jp/home/ubuntu/VPSsync/01-WorkspaceSync/modelica-shared/CustomLib/NuclearSystem/.git/objects/53/f0a421843e3e5db3014199139d2bf2572b7311' (665)
2026-01-06 06:41:03: Copy Over 'C:/Users/grabacr/VPSsync/01-WorkspaceSync/modelica-shared/CustomLib/NuclearSystem/.git/objects/55/54df896819689100c824b453a02c004bfd73e6' -> 'sftp://os3-310-44666.vs.sakura.ne.jp/home/ubuntu/VPSsync/01-WorkspaceSync/modelica-shared/CustomLib/NuclearSystem/.git/objects/55/54df896819689100c824b453a02c004bfd73e6' (72)
2026-01-06 06:41:03: Copy New 'C:/Users/grabacr/VPSsync/01-WorkspaceSync/modelica-shared/CustomLib/NuclearSystem/.git/objects/54/365d56059d1859f100d152f50d341451a3dbaa' -> 'sftp://os3-310-44666.vs.sakura.ne.jp/home/ubuntu/VPSsync/01-WorkspaceSync/modelica-shared/CustomLib/NuclearSystem/.git/objects/54/365d56059d1859f100d152f50d341451a3dbaa' (782)
2026-01-06 06:41:03: Copy New 'C:/Users/grabacr/VPSsync/01-WorkspaceSync/modelica-shared/CustomLib/NuclearSystem/.git/objects/54/f8138e0bf671483f8e45721146eb740390133d' -> 'sftp://os3-310-44666.vs.sakura.ne.jp/home/ubuntu/VPSsync/01-WorkspaceSync/modelica-shared/CustomLib/NuclearSystem/.git/objects/54/f8138e0bf671483f8e45721146eb740390133d' (782)
2026-01-06 06:41:03: Copy New 'C:/Users/grabacr/VPSsync/01-WorkspaceSync/modelica-shared/CustomLib/NuclearSystem/.git/objects/59/832dae6937ad54193cdb86493f4f1e2a627977' -> 'sftp://os3-310-44666.vs.sakura.ne.jp/home/ubuntu/VPSsync/01-WorkspaceSync/modelica-shared/CustomLib/NuclearSystem/.git/objects/59/832dae6937ad54193cdb86493f4f1e2a627977' (1,281)
2026-01-06 06:41:03: Copy New 'C:/Users/grabacr/VPSsync/01-WorkspaceSync/modelica-shared/CustomLib/NuclearSystem/.git/objects/59/a4e1f120be850a07c2eaeabbdd1dbc96c8da6d' -> 'sftp://os3-310-44666.vs.sakura.ne.jp/home/ubuntu/VPSsync/01-WorkspaceSync/modelica-shared/CustomLib/NuclearSystem/.git/objects/59/a4e1f120be850a07c2eaeabbdd1dbc96c8da6d' (1,100)
2026-01-06 06:41:04: Copy New 'C:/Users/grabacr/VPSsync/01-WorkspaceSync/modelica-shared/CustomLib/NuclearSystem/.git/objects/57/496ee9b159647000937911bf9df1ba03cb4854' -> 'sftp://os3-310-44666.vs.sakura.ne.jp/home/ubuntu/VPSsync/01-WorkspaceSync/modelica-shared/CustomLib/NuclearSystem/.git/objects/57/496ee9b159647000937911bf9df1ba03cb4854' (849)
2026-01-06 06:41:04: Copy New 'C:/Users/grabacr/VPSsync/01-WorkspaceSync/modelica-shared/CustomLib/NuclearSystem/.git/objects/5f/434e019e5bb64fc784560c314727df9bad01e8' -> 'sftp://os3-310-44666.vs.sakura.ne.jp/home/ubuntu/VPSsync/01-WorkspaceSync/modelica-shared/CustomLib/NuclearSystem/.git/objects/5f/434e019e5bb64fc784560c314727df9bad01e8' (781)
2026-01-06 06:41:04: Copy New 'C:/Users/grabacr/VPSsync/01-WorkspaceSync/modelica-shared/CustomLib/NuclearSystem/.git/objects/5f/45e2229bdf677747f55ce745c2a0a9ccfdbfd7' -> 'sftp://os3-310-44666.vs.sakura.ne.jp/home/ubuntu/VPSsync/01-WorkspaceSync/modelica-shared/CustomLib/NuclearSystem/.git/objects/5f/45e2229bdf677747f55ce745c2a0a9ccfdbfd7' (95)
2026-01-06 06:41:04: Copy Over 'C:/Users/grabacr/VPSsync/01-WorkspaceSync/modelica-shared/CustomLib/NuclearSystem/.git/objects/5c/68e9fd352e3da812dcc8f7a582be523af8b813' -> 'sftp://os3-310-44666.vs.sakura.ne.jp/home/ubuntu/VPSsync/01-WorkspaceSync/modelica-shared/CustomLib/NuclearSystem/.git/objects/5c/68e9fd352e3da812dcc8f7a582be523af8b813' (50)
2026-01-06 06:41:04: Copy New 'C:/Users/grabacr/VPSsync/01-WorkspaceSync/modelica-shared/CustomLib/NuclearSystem/.git/objects/5c/9b136382d0fa05e05458249832a7eb6e2ad96e' -> 'sftp://os3-310-44666.vs.sakura.ne.jp/home/ubuntu/VPSsync/01-WorkspaceSync/modelica-shared/CustomLib/NuclearSystem/.git/objects/5c/9b136382d0fa05e05458249832a7eb6e2ad96e' (721)
2026-01-06 06:41:04: Copy New 'C:/Users/grabacr/VPSsync/01-WorkspaceSync/modelica-shared/CustomLib/NuclearSystem/.git/objects/61/50e2fda43e1ea22d7aeb65cf794abdc5862d67' -> 'sftp://os3-310-44666.vs.sakura.ne.jp/home/ubuntu/VPSsync/01-WorkspaceSync/modelica-shared/CustomLib/NuclearSystem/.git/objects/61/50e2fda43e1ea22d7aeb65cf794abdc5862d67' (534)
2026-01-06 06:41:04: Copy New 'C:/Users/grabacr/VPSsync/01-WorkspaceSync/modelica-shared/CustomLib/NuclearSystem/.git/objects/63/9ef80b031aecdb3722e426471338b6c7d68705' -> 'sftp://os3-310-44666.vs.sakura.ne.jp/home/ubuntu/VPSsync/01-WorkspaceSync/modelica-shared/CustomLib/NuclearSystem/.git/objects/63/9ef80b031aecdb3722e426471338b6c7d68705' (719)
2026-01-06 06:41:04: Copy New 'C:/Users/grabacr/VPSsync/01-WorkspaceSync/modelica-shared/CustomLib/NuclearSystem/.git/objects/6a/48f260be22a5602dbc947a9fb419dd76e2b08e' -> 'sftp://os3-310-44666.vs.sakura.ne.jp/home/ubuntu/VPSsync/01-WorkspaceSync/modelica-shared/CustomLib/NuclearSystem/.git/objects/6a/48f260be22a5602dbc947a9fb419dd76e2b08e' (1,090)
2026-01-06 06:41:04: Copy New 'C:/Users/grabacr/VPSsync/01-WorkspaceSync/modelica-shared/CustomLib/NuclearSystem/.git/objects/6a/bb6e78fbc58e5f9145bb467480bbe31b02a951' -> 'sftp://os3-310-44666.vs.sakura.ne.jp/home/ubuntu/VPSsync/01-WorkspaceSync/modelica-shared/CustomLib/NuclearSystem/.git/objects/6a/bb6e78fbc58e5f9145bb467480bbe31b02a951' (1,232)
2026-01-06 06:41:04: Copy New 'C:/Users/grabacr/VPSsync/01-WorkspaceSync/modelica-shared/CustomLib/NuclearSystem/.git/objects/64/c0b9bd4207b68540b56491988cf8c8fd3457fe' -> 'sftp://os3-310-44666.vs.sakura.ne.jp/home/ubuntu/VPSsync/01-WorkspaceSync/modelica-shared/CustomLib/NuclearSystem/.git/objects/64/c0b9bd4207b68540b56491988cf8c8fd3457fe' (126,977)
2026-01-06 06:41:04: Copy New 'C:/Users/grabacr/VPSsync/01-WorkspaceSync/modelica-shared/CustomLib/NuclearSystem/.git/objects/6b/4109560ba786c4d1fa87b825f8dd8e611159ac' -> 'sftp://os3-310-44666.vs.sakura.ne.jp/home/ubuntu/VPSsync/01-WorkspaceSync/modelica-shared/CustomLib/NuclearSystem/.git/objects/6b/4109560ba786c4d1fa87b825f8dd8e611159ac' (1,099)
2026-01-06 06:41:04: Copy New 'C:/Users/grabacr/VPSsync/01-WorkspaceSync/modelica-shared/CustomLib/NuclearSystem/.git/objects/6b/95312ceecabfd4096a9f9098efa9d331235355' -> 'sftp://os3-310-44666.vs.sakura.ne.jp/home/ubuntu/VPSsync/01-WorkspaceSync/modelica-shared/CustomLib/NuclearSystem/.git/objects/6b/95312ceecabfd4096a9f9098efa9d331235355' (534)
2026-01-06 06:41:04: Copy New 'C:/Users/grabacr/VPSsync/01-WorkspaceSync/modelica-shared/CustomLib/NuclearSystem/.git/objects/6b/a8e49dbf01d5845ca51fa6a180ebce2d7c33e8' -> 'sftp://os3-310-44666.vs.sakura.ne.jp/home/ubuntu/VPSsync/01-WorkspaceSync/modelica-shared/CustomLib/NuclearSystem/.git/objects/6b/a8e49dbf01d5845ca51fa6a180ebce2d7c33e8' (715)
2026-01-06 06:41:04: Copy New 'C:/Users/grabacr/VPSsync/01-WorkspaceSync/modelica-shared/CustomLib/NuclearSystem/.git/objects/6b/d5d5f45f30b96bfc1c7d0e32e288750625fde0' -> 'sftp://os3-310-44666.vs.sakura.ne.jp/home/ubuntu/VPSsync/01-WorkspaceSync/modelica-shared/CustomLib/NuclearSystem/.git/objects/6b/d5d5f45f30b96bfc1c7d0e32e288750625fde0' (667)
2026-01-06 06:41:04: Copy New 'C:/Users/grabacr/VPSsync/01-WorkspaceSync/modelica-shared/CustomLib/NuclearSystem/.git/objects/6d/64195eda0c41fc1680f4002872f98b6d249779' -> 'sftp://os3-310-44666.vs.sakura.ne.jp/home/ubuntu/VPSsync/01-WorkspaceSync/modelica-shared/CustomLib/NuclearSystem/.git/objects/6d/64195eda0c41fc1680f4002872f98b6d249779' (666)
2026-01-06 06:41:04: Copy New 'C:/Users/grabacr/VPSsync/01-WorkspaceSync/modelica-shared/CustomLib/NuclearSystem/.git/objects/6e/18247d9489bc6d507eb6cf502c538a2342253e' -> 'sftp://os3-310-44666.vs.sakura.ne.jp/home/ubuntu/VPSsync/01-WorkspaceSync/modelica-shared/CustomLib/NuclearSystem/.git/objects/6e/18247d9489bc6d507eb6cf502c538a2342253e' (781)
2026-01-06 06:41:05: Copy New 'C:/Users/grabacr/VPSsync/01-WorkspaceSync/modelica-shared/CustomLib/NuclearSystem/.git/objects/6f/8a5ebd5ddf315eae1afd74d09f50935698710e' -> 'sftp://os3-310-44666.vs.sakura.ne.jp/home/ubuntu/VPSsync/01-WorkspaceSync/modelica-shared/CustomLib/NuclearSystem/.git/objects/6f/8a5ebd5ddf315eae1afd74d09f50935698710e' (718)
2026-01-06 06:41:05: Copy New 'C:/Users/grabacr/VPSsync/01-WorkspaceSync/modelica-shared/CustomLib/NuclearSystem/.git/objects/71/3913cbfbab31b6a1dd7847b7a2351665d9bc9a' -> 'sftp://os3-310-44666.vs.sakura.ne.jp/home/ubuntu/VPSsync/01-WorkspaceSync/modelica-shared/CustomLib/NuclearSystem/.git/objects/71/3913cbfbab31b6a1dd7847b7a2351665d9bc9a' (892)
2026-01-06 06:41:05: Copy New 'C:/Users/grabacr/VPSsync/01-WorkspaceSync/modelica-shared/CustomLib/NuclearSystem/.git/objects/6f/91747a29b453ce2ee5af0de67c852469a3dbe1' -> 'sftp://os3-310-44666.vs.sakura.ne.jp/home/ubuntu/VPSsync/01-WorkspaceSync/modelica-shared/CustomLib/NuclearSystem/.git/objects/6f/91747a29b453ce2ee5af0de67c852469a3dbe1' (887)
2026-01-06 06:41:05: Copy New 'C:/Users/grabacr/VPSsync/01-WorkspaceSync/modelica-shared/CustomLib/NuclearSystem/.git/objects/73/2b9f0751d03f3511b39c11dd0d329a3ea32724' -> 'sftp://os3-310-44666.vs.sakura.ne.jp/home/ubuntu/VPSsync/01-WorkspaceSync/modelica-shared/CustomLib/NuclearSystem/.git/objects/73/2b9f0751d03f3511b39c11dd0d329a3ea32724' (893)
2026-01-06 06:41:05: Copy New 'C:/Users/grabacr/VPSsync/01-WorkspaceSync/modelica-shared/CustomLib/NuclearSystem/.git/objects/6f/e1187fbd38ff292d68305822fdf2ec998ccdc6' -> 'sftp://os3-310-44666.vs.sakura.ne.jp/home/ubuntu/VPSsync/01-WorkspaceSync/modelica-shared/CustomLib/NuclearSystem/.git/objects/6f/e1187fbd38ff292d68305822fdf2ec998ccdc6' (664)
2026-01-06 06:41:05: Copy New 'C:/Users/grabacr/VPSsync/01-WorkspaceSync/modelica-shared/CustomLib/NuclearSystem/.git/objects/74/37759f264c60c5b8566b87f1029a8abcc67562' -> 'sftp://os3-310-44666.vs.sakura.ne.jp/home/ubuntu/VPSsync/01-WorkspaceSync/modelica-shared/CustomLib/NuclearSystem/.git/objects/74/37759f264c60c5b8566b87f1029a8abcc67562' (719)
2026-01-06 06:41:05: Copy New 'C:/Users/grabacr/VPSsync/01-WorkspaceSync/modelica-shared/CustomLib/NuclearSystem/.git/objects/74/692bb7f5dab36a313f33ed241ac5c16e49713a' -> 'sftp://os3-310-44666.vs.sakura.ne.jp/home/ubuntu/VPSsync/01-WorkspaceSync/modelica-shared/CustomLib/NuclearSystem/.git/objects/74/692bb7f5dab36a313f33ed241ac5c16e49713a' (888)
2026-01-06 06:41:05: Copy New 'C:/Users/grabacr/VPSsync/01-WorkspaceSync/modelica-shared/CustomLib/NuclearSystem/.git/objects/75/814b6edfa3f5cd99cf78fdd484575adea3fc6f' -> 'sftp://os3-310-44666.vs.sakura.ne.jp/home/ubuntu/VPSsync/01-WorkspaceSync/modelica-shared/CustomLib/NuclearSystem/.git/objects/75/814b6edfa3f5cd99cf78fdd484575adea3fc6f' (1,289)
2026-01-06 06:41:05: Copy New 'C:/Users/grabacr/VPSsync/01-WorkspaceSync/modelica-shared/CustomLib/NuclearSystem/.git/objects/77/a0a044e66696b725f3132322d5507c71522843' -> 'sftp://os3-310-44666.vs.sakura.ne.jp/home/ubuntu/VPSsync/01-WorkspaceSync/modelica-shared/CustomLib/NuclearSystem/.git/objects/77/a0a044e66696b725f3132322d5507c71522843' (534)
2026-01-06 06:41:05: Copy New 'C:/Users/grabacr/VPSsync/01-WorkspaceSync/modelica-shared/CustomLib/NuclearSystem/.git/objects/7b/cb429eb609c1a492f196ab10bf9ad6c42f639c' -> 'sftp://os3-310-44666.vs.sakura.ne.jp/home/ubuntu/VPSsync/01-WorkspaceSync/modelica-shared/CustomLib/NuclearSystem/.git/objects/7b/cb429eb609c1a492f196ab10bf9ad6c42f639c' (784)
2026-01-06 06:41:05: Copy Over 'C:/Users/grabacr/VPSsync/01-WorkspaceSync/modelica-shared/CustomLib/NuclearSystem/.git/objects/7a/a79e0bba97ae2d24a2a51d34c05bcbd3e85853' -> 'sftp://os3-310-44666.vs.sakura.ne.jp/home/ubuntu/VPSsync/01-WorkspaceSync/modelica-shared/CustomLib/NuclearSystem/.git/objects/7a/a79e0bba97ae2d24a2a51d34c05bcbd3e85853' (59)
2026-01-06 06:41:05: Copy Over 'C:/Users/grabacr/VPSsync/01-WorkspaceSync/modelica-shared/CustomLib/NuclearSystem/.git/objects/78/00751f7a6da45c6cfbb14c33f91dbb4956e7e7' -> 'sftp://os3-310-44666.vs.sakura.ne.jp/home/ubuntu/VPSsync/01-WorkspaceSync/modelica-shared/CustomLib/NuclearSystem/.git/objects/78/00751f7a6da45c6cfbb14c33f91dbb4956e7e7' (35)
2026-01-06 06:41:05: Copy New 'C:/Users/grabacr/VPSsync/01-WorkspaceSync/modelica-shared/CustomLib/NuclearSystem/.git/objects/7c/b3d74bff7debaec3a77ae66410699b6abcc327' -> 'sftp://os3-310-44666.vs.sakura.ne.jp/home/ubuntu/VPSsync/01-WorkspaceSync/modelica-shared/CustomLib/NuclearSystem/.git/objects/7c/b3d74bff7debaec3a77ae66410699b6abcc327' (893)
2026-01-06 06:41:05: Copy New 'C:/Users/grabacr/VPSsync/01-WorkspaceSync/modelica-shared/CustomLib/NuclearSystem/.git/objects/7d/b3848ceba6b341cbd58a04e752ef56a4cfc747' -> 'sftp://os3-310-44666.vs.sakura.ne.jp/home/ubuntu/VPSsync/01-WorkspaceSync/modelica-shared/CustomLib/NuclearSystem/.git/objects/7d/b3848ceba6b341cbd58a04e752ef56a4cfc747' (171)
2026-01-06 06:41:05: Copy New 'C:/Users/grabacr/VPSsync/01-WorkspaceSync/modelica-shared/CustomLib/NuclearSystem/.git/objects/7f/9640bee2cf5c217828ca67ea402be934aa1f24' -> 'sftp://os3-310-44666.vs.sakura.ne.jp/home/ubuntu/VPSsync/01-WorkspaceSync/modelica-shared/CustomLib/NuclearSystem/.git/objects/7f/9640bee2cf5c217828ca67ea402be934aa1f24' (1,098)
2026-01-06 06:41:05: Copy New 'C:/Users/grabacr/VPSsync/01-WorkspaceSync/modelica-shared/CustomLib/NuclearSystem/.git/objects/81/3f83e11515f834dbda1b352c8e42efe390781b' -> 'sftp://os3-310-44666.vs.sakura.ne.jp/home/ubuntu/VPSsync/01-WorkspaceSync/modelica-shared/CustomLib/NuclearSystem/.git/objects/81/3f83e11515f834dbda1b352c8e42efe390781b' (667)
2026-01-06 06:41:05: Copy New 'C:/Users/grabacr/VPSsync/01-WorkspaceSync/modelica-shared/CustomLib/NuclearSystem/.git/objects/83/7604af74705585d9a7bf1045040a78c0c773b9' -> 'sftp://os3-310-44666.vs.sakura.ne.jp/home/ubuntu/VPSsync/01-WorkspaceSync/modelica-shared/CustomLib/NuclearSystem/.git/objects/83/7604af74705585d9a7bf1045040a78c0c773b9' (535)
2026-01-06 06:41:05: Copy Over 'C:/Users/grabacr/VPSsync/01-WorkspaceSync/modelica-shared/CustomLib/NuclearSystem/.git/objects/81/7a7f447a7f29d99d0f3d18d682f8029810b08d' -> 'sftp://os3-310-44666.vs.sakura.ne.jp/home/ubuntu/VPSsync/01-WorkspaceSync/modelica-shared/CustomLib/NuclearSystem/.git/objects/81/7a7f447a7f29d99d0f3d18d682f8029810b08d' (53)
2026-01-06 06:41:06: Copy New 'C:/Users/grabacr/VPSsync/01-WorkspaceSync/modelica-shared/CustomLib/NuclearSystem/.git/objects/83/90efec8595251614fa7a8ef95d8b1332f01c4d' -> 'sftp://os3-310-44666.vs.sakura.ne.jp/home/ubuntu/VPSsync/01-WorkspaceSync/modelica-shared/CustomLib/NuclearSystem/.git/objects/83/90efec8595251614fa7a8ef95d8b1332f01c4d' (718)
2026-01-06 06:41:06: Copy New 'C:/Users/grabacr/VPSsync/01-WorkspaceSync/modelica-shared/CustomLib/NuclearSystem/.git/objects/83/ed5e763f4412cfa1b97f504c34762337a1e323' -> 'sftp://os3-310-44666.vs.sakura.ne.jp/home/ubuntu/VPSsync/01-WorkspaceSync/modelica-shared/CustomLib/NuclearSystem/.git/objects/83/ed5e763f4412cfa1b97f504c34762337a1e323' (1,047)
2026-01-06 06:41:06: Copy New 'C:/Users/grabacr/VPSsync/01-WorkspaceSync/modelica-shared/CustomLib/NuclearSystem/.git/objects/85/42d8419aa3ec206d3bb3b84776f5880d7b9720' -> 'sftp://os3-310-44666.vs.sakura.ne.jp/home/ubuntu/VPSsync/01-WorkspaceSync/modelica-shared/CustomLib/NuclearSystem/.git/objects/85/42d8419aa3ec206d3bb3b84776f5880d7b9720' (892)
2026-01-06 06:41:06: Copy New 'C:/Users/grabacr/VPSsync/01-WorkspaceSync/modelica-shared/CustomLib/NuclearSystem/.git/objects/86/9b638de54391007e797294f461fcdc49e2bcd1' -> 'sftp://os3-310-44666.vs.sakura.ne.jp/home/ubuntu/VPSsync/01-WorkspaceSync/modelica-shared/CustomLib/NuclearSystem/.git/objects/86/9b638de54391007e797294f461fcdc49e2bcd1' (1,084)
2026-01-06 06:41:06: Copy New 'C:/Users/grabacr/VPSsync/01-WorkspaceSync/modelica-shared/CustomLib/NuclearSystem/.git/objects/87/0a9f116f9dd4160f369910df810bec001155d1' -> 'sftp://os3-310-44666.vs.sakura.ne.jp/home/ubuntu/VPSsync/01-WorkspaceSync/modelica-shared/CustomLib/NuclearSystem/.git/objects/87/0a9f116f9dd4160f369910df810bec001155d1' (1,101)
2026-01-06 06:41:06: Copy New 'C:/Users/grabacr/VPSsync/01-WorkspaceSync/modelica-shared/CustomLib/NuclearSystem/.git/objects/87/e6754787561130dd3358ebadc59a0ec5e3db22' -> 'sftp://os3-310-44666.vs.sakura.ne.jp/home/ubuntu/VPSsync/01-WorkspaceSync/modelica-shared/CustomLib/NuclearSystem/.git/objects/87/e6754787561130dd3358ebadc59a0ec5e3db22' (671)
2026-01-06 06:41:06: Copy New 'C:/Users/grabacr/VPSsync/01-WorkspaceSync/modelica-shared/CustomLib/NuclearSystem/.git/objects/88/4d0524c240e1417fde6afca1ade25ffe2e4dbf' -> 'sftp://os3-310-44666.vs.sakura.ne.jp/home/ubuntu/VPSsync/01-WorkspaceSync/modelica-shared/CustomLib/NuclearSystem/.git/objects/88/4d0524c240e1417fde6afca1ade25ffe2e4dbf' (1,099)
2026-01-06 06:41:06: Copy New 'C:/Users/grabacr/VPSsync/01-WorkspaceSync/modelica-shared/CustomLib/NuclearSystem/.git/objects/8b/608f7a165900cdd7544de90674389c01cb152b' -> 'sftp://os3-310-44666.vs.sakura.ne.jp/home/ubuntu/VPSsync/01-WorkspaceSync/modelica-shared/CustomLib/NuclearSystem/.git/objects/8b/608f7a165900cdd7544de90674389c01cb152b' (779)
2026-01-06 06:41:06: Copy New 'C:/Users/grabacr/VPSsync/01-WorkspaceSync/modelica-shared/CustomLib/NuclearSystem/.git/objects/89/9a9fc43a047c4374b1f5871b1baaabe1e25764' -> 'sftp://os3-310-44666.vs.sakura.ne.jp/home/ubuntu/VPSsync/01-WorkspaceSync/modelica-shared/CustomLib/NuclearSystem/.git/objects/89/9a9fc43a047c4374b1f5871b1baaabe1e25764' (783)
2026-01-06 06:41:06: Copy New 'C:/Users/grabacr/VPSsync/01-WorkspaceSync/modelica-shared/CustomLib/NuclearSystem/.git/objects/8c/bf35503ed8379b0b3716d608c7858336f0a2ad' -> 'sftp://os3-310-44666.vs.sakura.ne.jp/home/ubuntu/VPSsync/01-WorkspaceSync/modelica-shared/CustomLib/NuclearSystem/.git/objects/8c/bf35503ed8379b0b3716d608c7858336f0a2ad' (1,282)
2026-01-06 06:41:06: Copy New 'C:/Users/grabacr/VPSsync/01-WorkspaceSync/modelica-shared/CustomLib/NuclearSystem/.git/objects/8d/25ea0b423ffbee70cc72d48bdccde6327c7b14' -> 'sftp://os3-310-44666.vs.sakura.ne.jp/home/ubuntu/VPSsync/01-WorkspaceSync/modelica-shared/CustomLib/NuclearSystem/.git/objects/8d/25ea0b423ffbee70cc72d48bdccde6327c7b14' (1,510)
2026-01-06 06:41:06: Copy New 'C:/Users/grabacr/VPSsync/01-WorkspaceSync/modelica-shared/CustomLib/NuclearSystem/.git/objects/8d/4e67ac27f1fdf9bf90bd719fbcfa9ba66f9b2a' -> 'sftp://os3-310-44666.vs.sakura.ne.jp/home/ubuntu/VPSsync/01-WorkspaceSync/modelica-shared/CustomLib/NuclearSystem/.git/objects/8d/4e67ac27f1fdf9bf90bd719fbcfa9ba66f9b2a' (1,101)
2026-01-06 06:41:06: Copy New 'C:/Users/grabacr/VPSsync/01-WorkspaceSync/modelica-shared/CustomLib/NuclearSystem/.git/objects/92/cee967527e7ce048c80514a4fdd0ad5739d7d1' -> 'sftp://os3-310-44666.vs.sakura.ne.jp/home/ubuntu/VPSsync/01-WorkspaceSync/modelica-shared/CustomLib/NuclearSystem/.git/objects/92/cee967527e7ce048c80514a4fdd0ad5739d7d1' (667)
2026-01-06 06:41:06: Copy New 'C:/Users/grabacr/VPSsync/01-WorkspaceSync/modelica-shared/CustomLib/NuclearSystem/.git/objects/96/f2ed97206e556afe585d531c460b64b975397f' -> 'sftp://os3-310-44666.vs.sakura.ne.jp/home/ubuntu/VPSsync/01-WorkspaceSync/modelica-shared/CustomLib/NuclearSystem/.git/objects/96/f2ed97206e556afe585d531c460b64b975397f' (723)
2026-01-06 06:41:06: Copy New 'C:/Users/grabacr/VPSsync/01-WorkspaceSync/modelica-shared/CustomLib/NuclearSystem/.git/objects/95/d901be169fef9b490ecd8613b40df133b7c3ed' -> 'sftp://os3-310-44666.vs.sakura.ne.jp/home/ubuntu/VPSsync/01-WorkspaceSync/modelica-shared/CustomLib/NuclearSystem/.git/objects/95/d901be169fef9b490ecd8613b40df133b7c3ed' (666)
2026-01-06 06:41:06: Copy New 'C:/Users/grabacr/VPSsync/01-WorkspaceSync/modelica-shared/CustomLib/NuclearSystem/.git/objects/97/ab987698139eddeb8988b721316633ca5cb2cb' -> 'sftp://os3-310-44666.vs.sakura.ne.jp/home/ubuntu/VPSsync/01-WorkspaceSync/modelica-shared/CustomLib/NuclearSystem/.git/objects/97/ab987698139eddeb8988b721316633ca5cb2cb' (892)
2026-01-06 06:41:06: Copy New 'C:/Users/grabacr/VPSsync/01-WorkspaceSync/modelica-shared/CustomLib/NuclearSystem/.git/objects/9a/635aabe1124e03804c51dbd5a6214ec71631ad' -> 'sftp://os3-310-44666.vs.sakura.ne.jp/home/ubuntu/VPSsync/01-WorkspaceSync/modelica-shared/CustomLib/NuclearSystem/.git/objects/9a/635aabe1124e03804c51dbd5a6214ec71631ad' (1,040)
2026-01-06 06:41:06: Copy New 'C:/Users/grabacr/VPSsync/01-WorkspaceSync/modelica-shared/CustomLib/NuclearSystem/.git/objects/98/54fc63b431d82e331e06f619d9cdd77dad14d1' -> 'sftp://os3-310-44666.vs.sakura.ne.jp/home/ubuntu/VPSsync/01-WorkspaceSync/modelica-shared/CustomLib/NuclearSystem/.git/objects/98/54fc63b431d82e331e06f619d9cdd77dad14d1' (780)
2026-01-06 06:41:06: Copy New 'C:/Users/grabacr/VPSsync/01-WorkspaceSync/modelica-shared/CustomLib/NuclearSystem/.git/objects/9a/d0ef2585650948716c40dbddb3664f7a3ed1fe' -> 'sftp://os3-310-44666.vs.sakura.ne.jp/home/ubuntu/VPSsync/01-WorkspaceSync/modelica-shared/CustomLib/NuclearSystem/.git/objects/9a/d0ef2585650948716c40dbddb3664f7a3ed1fe' (666)
2026-01-06 06:41:07: Copy New 'C:/Users/grabacr/VPSsync/01-WorkspaceSync/modelica-shared/CustomLib/NuclearSystem/.git/objects/9c/3954e3bd617df836e6c4a3a0cb6ea2e8b67275' -> 'sftp://os3-310-44666.vs.sakura.ne.jp/home/ubuntu/VPSsync/01-WorkspaceSync/modelica-shared/CustomLib/NuclearSystem/.git/objects/9c/3954e3bd617df836e6c4a3a0cb6ea2e8b67275' (718)
2026-01-06 06:41:07: Copy New 'C:/Users/grabacr/VPSsync/01-WorkspaceSync/modelica-shared/CustomLib/NuclearSystem/.git/objects/98/7d3ea06ab0ecb40b5a5fb6944f81a95b41bec2' -> 'sftp://os3-310-44666.vs.sakura.ne.jp/home/ubuntu/VPSsync/01-WorkspaceSync/modelica-shared/CustomLib/NuclearSystem/.git/objects/98/7d3ea06ab0ecb40b5a5fb6944f81a95b41bec2' (775)
2026-01-06 06:41:07: Copy New 'C:/Users/grabacr/VPSsync/01-WorkspaceSync/modelica-shared/CustomLib/NuclearSystem/.git/objects/9c/449a9242d73c4b81a0f1876001e14a62766b0d' -> 'sftp://os3-310-44666.vs.sakura.ne.jp/home/ubuntu/VPSsync/01-WorkspaceSync/modelica-shared/CustomLib/NuclearSystem/.git/objects/9c/449a9242d73c4b81a0f1876001e14a62766b0d' (666)
2026-01-06 06:41:07: Copy New 'C:/Users/grabacr/VPSsync/01-WorkspaceSync/modelica-shared/CustomLib/NuclearSystem/.git/objects/9b/38e604cb0d341e34624a06553064923bde8f3e' -> 'sftp://os3-310-44666.vs.sakura.ne.jp/home/ubuntu/VPSsync/01-WorkspaceSync/modelica-shared/CustomLib/NuclearSystem/.git/objects/9b/38e604cb0d341e34624a06553064923bde8f3e' (1,271)
2026-01-06 06:41:07: Copy New 'C:/Users/grabacr/VPSsync/01-WorkspaceSync/modelica-shared/CustomLib/NuclearSystem/.git/objects/9d/f3cb951e3b79ce72735c677c2d1b830bfe2ead' -> 'sftp://os3-310-44666.vs.sakura.ne.jp/home/ubuntu/VPSsync/01-WorkspaceSync/modelica-shared/CustomLib/NuclearSystem/.git/objects/9d/f3cb951e3b79ce72735c677c2d1b830bfe2ead' (719)
2026-01-06 06:41:07: Copy New 'C:/Users/grabacr/VPSsync/01-WorkspaceSync/modelica-shared/CustomLib/NuclearSystem/.git/objects/9f/2971bb7de813362f639de174d66330dd4ea44c' -> 'sftp://os3-310-44666.vs.sakura.ne.jp/home/ubuntu/VPSsync/01-WorkspaceSync/modelica-shared/CustomLib/NuclearSystem/.git/objects/9f/2971bb7de813362f639de174d66330dd4ea44c' (669)
2026-01-06 06:41:07: Copy New 'C:/Users/grabacr/VPSsync/01-WorkspaceSync/modelica-shared/CustomLib/NuclearSystem/.git/objects/a1/4d297a430da94fe5d748988d4382fb4543342f' -> 'sftp://os3-310-44666.vs.sakura.ne.jp/home/ubuntu/VPSsync/01-WorkspaceSync/modelica-shared/CustomLib/NuclearSystem/.git/objects/a1/4d297a430da94fe5d748988d4382fb4543342f' (783)
2026-01-06 06:41:07: Copy New 'C:/Users/grabacr/VPSsync/01-WorkspaceSync/modelica-shared/CustomLib/NuclearSystem/.git/objects/a1/b4fbffa32a21dc7afe8448df97bb582779a566' -> 'sftp://os3-310-44666.vs.sakura.ne.jp/home/ubuntu/VPSsync/01-WorkspaceSync/modelica-shared/CustomLib/NuclearSystem/.git/objects/a1/b4fbffa32a21dc7afe8448df97bb582779a566' (719)
2026-01-06 06:41:07: Copy New 'C:/Users/grabacr/VPSsync/01-WorkspaceSync/modelica-shared/CustomLib/NuclearSystem/.git/objects/a6/cd1ed37be0914e4423e321985a4df219cb237b' -> 'sftp://os3-310-44666.vs.sakura.ne.jp/home/ubuntu/VPSsync/01-WorkspaceSync/modelica-shared/CustomLib/NuclearSystem/.git/objects/a6/cd1ed37be0914e4423e321985a4df219cb237b' (889)
2026-01-06 06:41:07: Copy New 'C:/Users/grabacr/VPSsync/01-WorkspaceSync/modelica-shared/CustomLib/NuclearSystem/.git/objects/a3/e05b39dbb951abcd3d433df5b48c83da0e6c56' -> 'sftp://os3-310-44666.vs.sakura.ne.jp/home/ubuntu/VPSsync/01-WorkspaceSync/modelica-shared/CustomLib/NuclearSystem/.git/objects/a3/e05b39dbb951abcd3d433df5b48c83da0e6c56' (892)
2026-01-06 06:41:07: Copy New 'C:/Users/grabacr/VPSsync/01-WorkspaceSync/modelica-shared/CustomLib/NuclearSystem/.git/objects/a7/fde982b6f6185dd9996affbfa75dd99c0c620a' -> 'sftp://os3-310-44666.vs.sakura.ne.jp/home/ubuntu/VPSsync/01-WorkspaceSync/modelica-shared/CustomLib/NuclearSystem/.git/objects/a7/fde982b6f6185dd9996affbfa75dd99c0c620a' (668)
2026-01-06 06:41:07: Copy New 'C:/Users/grabacr/VPSsync/01-WorkspaceSync/modelica-shared/CustomLib/NuclearSystem/.git/objects/a7/1a6983f9b8cbf5385f270b43d6504dd8e926b8' -> 'sftp://os3-310-44666.vs.sakura.ne.jp/home/ubuntu/VPSsync/01-WorkspaceSync/modelica-shared/CustomLib/NuclearSystem/.git/objects/a7/1a6983f9b8cbf5385f270b43d6504dd8e926b8' (535)
2026-01-06 06:41:07: Copy New 'C:/Users/grabacr/VPSsync/01-WorkspaceSync/modelica-shared/CustomLib/NuclearSystem/.git/objects/a8/ef3d818123f56f2f9e78bdb331923a0bf29b6d' -> 'sftp://os3-310-44666.vs.sakura.ne.jp/home/ubuntu/VPSsync/01-WorkspaceSync/modelica-shared/CustomLib/NuclearSystem/.git/objects/a8/ef3d818123f56f2f9e78bdb331923a0bf29b6d' (534)
2026-01-06 06:41:07: Copy New 'C:/Users/grabacr/VPSsync/01-WorkspaceSync/modelica-shared/CustomLib/NuclearSystem/.git/objects/a9/713e358b1460e1e779f8a1d1b04746f88f5b3a' -> 'sftp://os3-310-44666.vs.sakura.ne.jp/home/ubuntu/VPSsync/01-WorkspaceSync/modelica-shared/CustomLib/NuclearSystem/.git/objects/a9/713e358b1460e1e779f8a1d1b04746f88f5b3a' (669)
2026-01-06 06:41:07: Copy New 'C:/Users/grabacr/VPSsync/01-WorkspaceSync/modelica-shared/CustomLib/NuclearSystem/.git/objects/aa/49e06d153ec98a1fa2c92d836a401795e90ab3' -> 'sftp://os3-310-44666.vs.sakura.ne.jp/home/ubuntu/VPSsync/01-WorkspaceSync/modelica-shared/CustomLib/NuclearSystem/.git/objects/aa/49e06d153ec98a1fa2c92d836a401795e90ab3' (719)
2026-01-06 06:41:07: Copy New 'C:/Users/grabacr/VPSsync/01-WorkspaceSync/modelica-shared/CustomLib/NuclearSystem/.git/objects/ab/1eb0aa1ac0e2ce29f33a5908031948ba3cec6e' -> 'sftp://os3-310-44666.vs.sakura.ne.jp/home/ubuntu/VPSsync/01-WorkspaceSync/modelica-shared/CustomLib/NuclearSystem/.git/objects/ab/1eb0aa1ac0e2ce29f33a5908031948ba3cec6e' (783)
2026-01-06 06:41:07: Copy New 'C:/Users/grabacr/VPSsync/01-WorkspaceSync/modelica-shared/CustomLib/NuclearSystem/.git/objects/ad/161bf9aeb65478499ef06328b188dcf41f79ab' -> 'sftp://os3-310-44666.vs.sakura.ne.jp/home/ubuntu/VPSsync/01-WorkspaceSync/modelica-shared/CustomLib/NuclearSystem/.git/objects/ad/161bf9aeb65478499ef06328b188dcf41f79ab' (533)
2026-01-06 06:41:07: Copy New 'C:/Users/grabacr/VPSsync/01-WorkspaceSync/modelica-shared/CustomLib/NuclearSystem/.git/objects/af/c40adc1585391167f475e381997dab97cee4c7' -> 'sftp://os3-310-44666.vs.sakura.ne.jp/home/ubuntu/VPSsync/01-WorkspaceSync/modelica-shared/CustomLib/NuclearSystem/.git/objects/af/c40adc1585391167f475e381997dab97cee4c7' (534)
2026-01-06 06:41:07: Copy New 'C:/Users/grabacr/VPSsync/01-WorkspaceSync/modelica-shared/CustomLib/NuclearSystem/.git/objects/b1/8be1c9c9f5467ca55f16e12a40c28ca77b216b' -> 'sftp://os3-310-44666.vs.sakura.ne.jp/home/ubuntu/VPSsync/01-WorkspaceSync/modelica-shared/CustomLib/NuclearSystem/.git/objects/b1/8be1c9c9f5467ca55f16e12a40c28ca77b216b' (533)
2026-01-06 06:41:07: Copy New 'C:/Users/grabacr/VPSsync/01-WorkspaceSync/modelica-shared/CustomLib/NuclearSystem/.git/objects/af/e2b472dedd1f9344d020315cd8532d13fe120f' -> 'sftp://os3-310-44666.vs.sakura.ne.jp/home/ubuntu/VPSsync/01-WorkspaceSync/modelica-shared/CustomLib/NuclearSystem/.git/objects/af/e2b472dedd1f9344d020315cd8532d13fe120f' (1,266)
2026-01-06 06:41:07: Copy New 'C:/Users/grabacr/VPSsync/01-WorkspaceSync/modelica-shared/CustomLib/NuclearSystem/.git/objects/b2/92934862b70872d20008c4361d16f546401145' -> 'sftp://os3-310-44666.vs.sakura.ne.jp/home/ubuntu/VPSsync/01-WorkspaceSync/modelica-shared/CustomLib/NuclearSystem/.git/objects/b2/92934862b70872d20008c4361d16f546401145' (718)
2026-01-06 06:41:08: Copy New 'C:/Users/grabacr/VPSsync/01-WorkspaceSync/modelica-shared/CustomLib/NuclearSystem/.git/objects/b5/ac103a7c0eea24fc1cd104a297d0ed4b61d6bc' -> 'sftp://os3-310-44666.vs.sakura.ne.jp/home/ubuntu/VPSsync/01-WorkspaceSync/modelica-shared/CustomLib/NuclearSystem/.git/objects/b5/ac103a7c0eea24fc1cd104a297d0ed4b61d6bc' (718)
2026-01-06 06:41:08: Copy New 'C:/Users/grabacr/VPSsync/01-WorkspaceSync/modelica-shared/CustomLib/NuclearSystem/.git/objects/b3/5fb19d753d4bb3d912af4bdde456feb370d429' -> 'sftp://os3-310-44666.vs.sakura.ne.jp/home/ubuntu/VPSsync/01-WorkspaceSync/modelica-shared/CustomLib/NuclearSystem/.git/objects/b3/5fb19d753d4bb3d912af4bdde456feb370d429' (1,090)
2026-01-06 06:41:08: Copy New 'C:/Users/grabacr/VPSsync/01-WorkspaceSync/modelica-shared/CustomLib/NuclearSystem/.git/objects/b3/8f979da8daa48a9f0844b20f4a66845f01c79e' -> 'sftp://os3-310-44666.vs.sakura.ne.jp/home/ubuntu/VPSsync/01-WorkspaceSync/modelica-shared/CustomLib/NuclearSystem/.git/objects/b3/8f979da8daa48a9f0844b20f4a66845f01c79e' (664)
2026-01-06 06:41:08: Copy New 'C:/Users/grabacr/VPSsync/01-WorkspaceSync/modelica-shared/CustomLib/NuclearSystem/.git/objects/b7/061e10fcf840b61e99f30762626b88eb35b2a1' -> 'sftp://os3-310-44666.vs.sakura.ne.jp/home/ubuntu/VPSsync/01-WorkspaceSync/modelica-shared/CustomLib/NuclearSystem/.git/objects/b7/061e10fcf840b61e99f30762626b88eb35b2a1' (534)
2026-01-06 06:41:08: Copy New 'C:/Users/grabacr/VPSsync/01-WorkspaceSync/modelica-shared/CustomLib/NuclearSystem/.git/objects/b9/a2dd8dd418142d6b6c7503d55d62d2f3981cfc' -> 'sftp://os3-310-44666.vs.sakura.ne.jp/home/ubuntu/VPSsync/01-WorkspaceSync/modelica-shared/CustomLib/NuclearSystem/.git/objects/b9/a2dd8dd418142d6b6c7503d55d62d2f3981cfc' (668)
2026-01-06 06:41:08: Copy New 'C:/Users/grabacr/VPSsync/01-WorkspaceSync/modelica-shared/CustomLib/NuclearSystem/.git/objects/ba/59077211884c007457ad0f5a5444cb9a34c91d' -> 'sftp://os3-310-44666.vs.sakura.ne.jp/home/ubuntu/VPSsync/01-WorkspaceSync/modelica-shared/CustomLib/NuclearSystem/.git/objects/ba/59077211884c007457ad0f5a5444cb9a34c91d' (666)
2026-01-06 06:41:08: Copy New 'C:/Users/grabacr/VPSsync/01-WorkspaceSync/modelica-shared/CustomLib/NuclearSystem/.git/objects/be/521143ea6cf7c83a4e0eae8e287da31411b32b' -> 'sftp://os3-310-44666.vs.sakura.ne.jp/home/ubuntu/VPSsync/01-WorkspaceSync/modelica-shared/CustomLib/NuclearSystem/.git/objects/be/521143ea6cf7c83a4e0eae8e287da31411b32b' (1,260)
2026-01-06 06:41:08: Copy New 'C:/Users/grabacr/VPSsync/01-WorkspaceSync/modelica-shared/CustomLib/NuclearSystem/.git/objects/c1/3c460db11ef5692340e44c2d3cc18a3d473be3' -> 'sftp://os3-310-44666.vs.sakura.ne.jp/home/ubuntu/VPSsync/01-WorkspaceSync/modelica-shared/CustomLib/NuclearSystem/.git/objects/c1/3c460db11ef5692340e44c2d3cc18a3d473be3' (666)
2026-01-06 06:41:08: Copy New 'C:/Users/grabacr/VPSsync/01-WorkspaceSync/modelica-shared/CustomLib/NuclearSystem/.git/objects/c3/d10b1c457faaf37b32c3d1deb1afd3c466cfbb' -> 'sftp://os3-310-44666.vs.sakura.ne.jp/home/ubuntu/VPSsync/01-WorkspaceSync/modelica-shared/CustomLib/NuclearSystem/.git/objects/c3/d10b1c457faaf37b32c3d1deb1afd3c466cfbb' (719)
2026-01-06 06:41:08: Copy New 'C:/Users/grabacr/VPSsync/01-WorkspaceSync/modelica-shared/CustomLib/NuclearSystem/.git/objects/c4/6fc9a1b2646ad9954966505f0a4e7a6e4d322a' -> 'sftp://os3-310-44666.vs.sakura.ne.jp/home/ubuntu/VPSsync/01-WorkspaceSync/modelica-shared/CustomLib/NuclearSystem/.git/objects/c4/6fc9a1b2646ad9954966505f0a4e7a6e4d322a' (71)
2026-01-06 06:41:08: Copy New 'C:/Users/grabacr/VPSsync/01-WorkspaceSync/modelica-shared/CustomLib/NuclearSystem/.git/objects/c5/26eb8207fbe7f32b20fecfa8ccd3e38b6908d9' -> 'sftp://os3-310-44666.vs.sakura.ne.jp/home/ubuntu/VPSsync/01-WorkspaceSync/modelica-shared/CustomLib/NuclearSystem/.git/objects/c5/26eb8207fbe7f32b20fecfa8ccd3e38b6908d9' (719)
2026-01-06 06:41:08: Copy New 'C:/Users/grabacr/VPSsync/01-WorkspaceSync/modelica-shared/CustomLib/NuclearSystem/.git/objects/c5/629b2289f41390360a26463d43e84fa826a095' -> 'sftp://os3-310-44666.vs.sakura.ne.jp/home/ubuntu/VPSsync/01-WorkspaceSync/modelica-shared/CustomLib/NuclearSystem/.git/objects/c5/629b2289f41390360a26463d43e84fa826a095' (534)
2026-01-06 06:41:08: Copy New 'C:/Users/grabacr/VPSsync/01-WorkspaceSync/modelica-shared/CustomLib/NuclearSystem/.git/objects/c5/ef159c99f122328d248a804b6dc290043d7ed8' -> 'sftp://os3-310-44666.vs.sakura.ne.jp/home/ubuntu/VPSsync/01-WorkspaceSync/modelica-shared/CustomLib/NuclearSystem/.git/objects/c5/ef159c99f122328d248a804b6dc290043d7ed8' (534)
2026-01-06 06:41:08: Copy New 'C:/Users/grabacr/VPSsync/01-WorkspaceSync/modelica-shared/CustomLib/NuclearSystem/.git/objects/c4/aa2ce29da98b3a0a3af100f970269433f28dfe' -> 'sftp://os3-310-44666.vs.sakura.ne.jp/home/ubuntu/VPSsync/01-WorkspaceSync/modelica-shared/CustomLib/NuclearSystem/.git/objects/c4/aa2ce29da98b3a0a3af100f970269433f28dfe' (666)
2026-01-06 06:41:08: Copy New 'C:/Users/grabacr/VPSsync/01-WorkspaceSync/modelica-shared/CustomLib/NuclearSystem/.git/objects/c6/84452daf9f44aaf3766e9c39341288d1c3cf6c' -> 'sftp://os3-310-44666.vs.sakura.ne.jp/home/ubuntu/VPSsync/01-WorkspaceSync/modelica-shared/CustomLib/NuclearSystem/.git/objects/c6/84452daf9f44aaf3766e9c39341288d1c3cf6c' (782)
2026-01-06 06:41:08: Copy New 'C:/Users/grabacr/VPSsync/01-WorkspaceSync/modelica-shared/CustomLib/NuclearSystem/.git/objects/ca/5d7e22cb4a094d4f7448afea92aa7ee15bc5b3' -> 'sftp://os3-310-44666.vs.sakura.ne.jp/home/ubuntu/VPSsync/01-WorkspaceSync/modelica-shared/CustomLib/NuclearSystem/.git/objects/ca/5d7e22cb4a094d4f7448afea92aa7ee15bc5b3' (672)
2026-01-06 06:41:08: Copy New 'C:/Users/grabacr/VPSsync/01-WorkspaceSync/modelica-shared/CustomLib/NuclearSystem/.git/objects/d1/7bf30656fd6fdb3bbcb6e535c1cb1bcf4fe01c' -> 'sftp://os3-310-44666.vs.sakura.ne.jp/home/ubuntu/VPSsync/01-WorkspaceSync/modelica-shared/CustomLib/NuclearSystem/.git/objects/d1/7bf30656fd6fdb3bbcb6e535c1cb1bcf4fe01c' (1,123)
2026-01-06 06:41:08: Copy Over 'C:/Users/grabacr/VPSsync/01-WorkspaceSync/modelica-shared/CustomLib/NuclearSystem/.git/objects/cd/0b403fddf26d7892edc6afff6f8a11978390c1' -> 'sftp://os3-310-44666.vs.sakura.ne.jp/home/ubuntu/VPSsync/01-WorkspaceSync/modelica-shared/CustomLib/NuclearSystem/.git/objects/cd/0b403fddf26d7892edc6afff6f8a11978390c1' (59)
2026-01-06 06:41:08: Copy New 'C:/Users/grabacr/VPSsync/01-WorkspaceSync/modelica-shared/CustomLib/NuclearSystem/.git/objects/d4/0bca86260ac2659fca8a9798fb03d4bca92912' -> 'sftp://os3-310-44666.vs.sakura.ne.jp/home/ubuntu/VPSsync/01-WorkspaceSync/modelica-shared/CustomLib/NuclearSystem/.git/objects/d4/0bca86260ac2659fca8a9798fb03d4bca92912' (1,240)
2026-01-06 06:41:08: Copy New 'C:/Users/grabacr/VPSsync/01-WorkspaceSync/modelica-shared/CustomLib/NuclearSystem/.git/objects/d4/3fabae77bcbac6fe985eeeb448b426e60933e7' -> 'sftp://os3-310-44666.vs.sakura.ne.jp/home/ubuntu/VPSsync/01-WorkspaceSync/modelica-shared/CustomLib/NuclearSystem/.git/objects/d4/3fabae77bcbac6fe985eeeb448b426e60933e7' (668)
2026-01-06 06:41:08: Copy New 'C:/Users/grabacr/VPSsync/01-WorkspaceSync/modelica-shared/CustomLib/NuclearSystem/.git/objects/d4/5df6418aab80bc51db4da0521b279c18b7a066' -> 'sftp://os3-310-44666.vs.sakura.ne.jp/home/ubuntu/VPSsync/01-WorkspaceSync/modelica-shared/CustomLib/NuclearSystem/.git/objects/d4/5df6418aab80bc51db4da0521b279c18b7a066' (718)
2026-01-06 06:41:08: Copy New 'C:/Users/grabacr/VPSsync/01-WorkspaceSync/modelica-shared/CustomLib/NuclearSystem/.git/objects/d5/e75a164b07a67433e5df3a255a53d7544a91a2' -> 'sftp://os3-310-44666.vs.sakura.ne.jp/home/ubuntu/VPSsync/01-WorkspaceSync/modelica-shared/CustomLib/NuclearSystem/.git/objects/d5/e75a164b07a67433e5df3a255a53d7544a91a2' (673)
2026-01-06 06:41:09: Copy New 'C:/Users/grabacr/VPSsync/01-WorkspaceSync/modelica-shared/CustomLib/NuclearSystem/.git/objects/d6/29e0932242610fb85ce8bd055566799b68db50' -> 'sftp://os3-310-44666.vs.sakura.ne.jp/home/ubuntu/VPSsync/01-WorkspaceSync/modelica-shared/CustomLib/NuclearSystem/.git/objects/d6/29e0932242610fb85ce8bd055566799b68db50' (718)
2026-01-06 06:41:09: Copy New 'C:/Users/grabacr/VPSsync/01-WorkspaceSync/modelica-shared/CustomLib/NuclearSystem/.git/objects/d8/d840758b5577f9f549999c7efcad9b45301da1' -> 'sftp://os3-310-44666.vs.sakura.ne.jp/home/ubuntu/VPSsync/01-WorkspaceSync/modelica-shared/CustomLib/NuclearSystem/.git/objects/d8/d840758b5577f9f549999c7efcad9b45301da1' (668)
2026-01-06 06:41:09: Copy New 'C:/Users/grabacr/VPSsync/01-WorkspaceSync/modelica-shared/CustomLib/NuclearSystem/.git/objects/da/8177a8edd7978d137a2ae8b9a62bb22db84341' -> 'sftp://os3-310-44666.vs.sakura.ne.jp/home/ubuntu/VPSsync/01-WorkspaceSync/modelica-shared/CustomLib/NuclearSystem/.git/objects/da/8177a8edd7978d137a2ae8b9a62bb22db84341' (666)
2026-01-06 06:41:09: Copy New 'C:/Users/grabacr/VPSsync/01-WorkspaceSync/modelica-shared/CustomLib/NuclearSystem/.git/objects/d8/edb87ed945cd4e5491969bdaa36006e847ac92' -> 'sftp://os3-310-44666.vs.sakura.ne.jp/home/ubuntu/VPSsync/01-WorkspaceSync/modelica-shared/CustomLib/NuclearSystem/.git/objects/d8/edb87ed945cd4e5491969bdaa36006e847ac92' (665)
2026-01-06 06:41:09: Copy New 'C:/Users/grabacr/VPSsync/01-WorkspaceSync/modelica-shared/CustomLib/NuclearSystem/.git/objects/dc/06e2827c15befceecf006353f5861cab0ae5b1' -> 'sftp://os3-310-44666.vs.sakura.ne.jp/home/ubuntu/VPSsync/01-WorkspaceSync/modelica-shared/CustomLib/NuclearSystem/.git/objects/dc/06e2827c15befceecf006353f5861cab0ae5b1' (888)
2026-01-06 06:41:09: Copy New 'C:/Users/grabacr/VPSsync/01-WorkspaceSync/modelica-shared/CustomLib/NuclearSystem/.git/objects/dc/7f08eef5b22b24d995fd164b5bf7d7cfe7b5a6' -> 'sftp://os3-310-44666.vs.sakura.ne.jp/home/ubuntu/VPSsync/01-WorkspaceSync/modelica-shared/CustomLib/NuclearSystem/.git/objects/dc/7f08eef5b22b24d995fd164b5bf7d7cfe7b5a6' (1,226)
2026-01-06 06:41:09: Copy New 'C:/Users/grabacr/VPSsync/01-WorkspaceSync/modelica-shared/CustomLib/NuclearSystem/.git/objects/de/87d9c6fdf7b61c9e1ab3cb9a60956edf545b95' -> 'sftp://os3-310-44666.vs.sakura.ne.jp/home/ubuntu/VPSsync/01-WorkspaceSync/modelica-shared/CustomLib/NuclearSystem/.git/objects/de/87d9c6fdf7b61c9e1ab3cb9a60956edf545b95' (534)
2026-01-06 06:41:09: Copy New 'C:/Users/grabacr/VPSsync/01-WorkspaceSync/modelica-shared/CustomLib/NuclearSystem/.git/objects/df/1852c32fd7af1587970f41c60e7cd56ac5d91a' -> 'sftp://os3-310-44666.vs.sakura.ne.jp/home/ubuntu/VPSsync/01-WorkspaceSync/modelica-shared/CustomLib/NuclearSystem/.git/objects/df/1852c32fd7af1587970f41c60e7cd56ac5d91a' (668)
2026-01-06 06:41:09: Copy New 'C:/Users/grabacr/VPSsync/01-WorkspaceSync/modelica-shared/CustomLib/NuclearSystem/.git/objects/e1/1460eb697718bbde78fa8d46ee94e15da51de1' -> 'sftp://os3-310-44666.vs.sakura.ne.jp/home/ubuntu/VPSsync/01-WorkspaceSync/modelica-shared/CustomLib/NuclearSystem/.git/objects/e1/1460eb697718bbde78fa8d46ee94e15da51de1' (779)
2026-01-06 06:41:09: Copy Over 'C:/Users/grabacr/VPSsync/01-WorkspaceSync/modelica-shared/CustomLib/NuclearSystem/.git/objects/df/a925df23e2d0d82f795dbdbee012bdf80610ae' -> 'sftp://os3-310-44666.vs.sakura.ne.jp/home/ubuntu/VPSsync/01-WorkspaceSync/modelica-shared/CustomLib/NuclearSystem/.git/objects/df/a925df23e2d0d82f795dbdbee012bdf80610ae' (141)
2026-01-06 06:41:09: Copy New 'C:/Users/grabacr/VPSsync/01-WorkspaceSync/modelica-shared/CustomLib/NuclearSystem/.git/objects/e2/675f67ed7ab254531813d4eaea8b4ccf51b2d2' -> 'sftp://os3-310-44666.vs.sakura.ne.jp/home/ubuntu/VPSsync/01-WorkspaceSync/modelica-shared/CustomLib/NuclearSystem/.git/objects/e2/675f67ed7ab254531813d4eaea8b4ccf51b2d2' (668)
2026-01-06 06:41:09: Copy New 'C:/Users/grabacr/VPSsync/01-WorkspaceSync/modelica-shared/CustomLib/NuclearSystem/.git/objects/e3/0ae2b77048e8be2af68024642b6bf56e1bd3d9' -> 'sftp://os3-310-44666.vs.sakura.ne.jp/home/ubuntu/VPSsync/01-WorkspaceSync/modelica-shared/CustomLib/NuclearSystem/.git/objects/e3/0ae2b77048e8be2af68024642b6bf56e1bd3d9' (718)
2026-01-06 06:41:09: Copy New 'C:/Users/grabacr/VPSsync/01-WorkspaceSync/modelica-shared/CustomLib/NuclearSystem/.git/objects/e6/5e14015e958a983ff53d2d8597b26c0f60efd3' -> 'sftp://os3-310-44666.vs.sakura.ne.jp/home/ubuntu/VPSsync/01-WorkspaceSync/modelica-shared/CustomLib/NuclearSystem/.git/objects/e6/5e14015e958a983ff53d2d8597b26c0f60efd3' (664)
2026-01-06 06:41:09: Copy New 'C:/Users/grabacr/VPSsync/01-WorkspaceSync/modelica-shared/CustomLib/NuclearSystem/.git/objects/e6/9bc3b7bd898f5e8750ad782f42e48d9661e21a' -> 'sftp://os3-310-44666.vs.sakura.ne.jp/home/ubuntu/VPSsync/01-WorkspaceSync/modelica-shared/CustomLib/NuclearSystem/.git/objects/e6/9bc3b7bd898f5e8750ad782f42e48d9661e21a' (666)
2026-01-06 06:41:09: Copy New 'C:/Users/grabacr/VPSsync/01-WorkspaceSync/modelica-shared/CustomLib/NuclearSystem/.git/objects/ea/30b6c83b9d52ad1550be039ca84db1484cfb00' -> 'sftp://os3-310-44666.vs.sakura.ne.jp/home/ubuntu/VPSsync/01-WorkspaceSync/modelica-shared/CustomLib/NuclearSystem/.git/objects/ea/30b6c83b9d52ad1550be039ca84db1484cfb00' (894)
2026-01-06 06:41:09: Copy New 'C:/Users/grabacr/VPSsync/01-WorkspaceSync/modelica-shared/CustomLib/NuclearSystem/.git/objects/e9/00f15155fba7e043cc6d3905b87b9cf54375a5' -> 'sftp://os3-310-44666.vs.sakura.ne.jp/home/ubuntu/VPSsync/01-WorkspaceSync/modelica-shared/CustomLib/NuclearSystem/.git/objects/e9/00f15155fba7e043cc6d3905b87b9cf54375a5' (718)
2026-01-06 06:41:09: Copy New 'C:/Users/grabacr/VPSsync/01-WorkspaceSync/modelica-shared/CustomLib/NuclearSystem/.git/objects/ea/c60808d48eb802b69dbbc8b29cf8849fac8ef3' -> 'sftp://os3-310-44666.vs.sakura.ne.jp/home/ubuntu/VPSsync/01-WorkspaceSync/modelica-shared/CustomLib/NuclearSystem/.git/objects/ea/c60808d48eb802b69dbbc8b29cf8849fac8ef3' (534)
2026-01-06 06:41:09: Copy New 'C:/Users/grabacr/VPSsync/01-WorkspaceSync/modelica-shared/CustomLib/NuclearSystem/.git/objects/ec/c081b0ffe8f21c2a182c5a2386445d6ae02e6a' -> 'sftp://os3-310-44666.vs.sakura.ne.jp/home/ubuntu/VPSsync/01-WorkspaceSync/modelica-shared/CustomLib/NuclearSystem/.git/objects/ec/c081b0ffe8f21c2a182c5a2386445d6ae02e6a' (1,097)
2026-01-06 06:41:09: Copy New 'C:/Users/grabacr/VPSsync/01-WorkspaceSync/modelica-shared/CustomLib/NuclearSystem/.git/objects/ed/38435f6406d7174ba690130397dc2746c3e0f1' -> 'sftp://os3-310-44666.vs.sakura.ne.jp/home/ubuntu/VPSsync/01-WorkspaceSync/modelica-shared/CustomLib/NuclearSystem/.git/objects/ed/38435f6406d7174ba690130397dc2746c3e0f1' (1,104)
2026-01-06 06:41:10: Copy New 'C:/Users/grabacr/VPSsync/01-WorkspaceSync/modelica-shared/CustomLib/NuclearSystem/.git/objects/ee/ed62f849780778774cd100292d54a736b92141' -> 'sftp://os3-310-44666.vs.sakura.ne.jp/home/ubuntu/VPSsync/01-WorkspaceSync/modelica-shared/CustomLib/NuclearSystem/.git/objects/ee/ed62f849780778774cd100292d54a736b92141' (718)
2026-01-06 06:41:10: Copy New 'C:/Users/grabacr/VPSsync/01-WorkspaceSync/modelica-shared/CustomLib/NuclearSystem/.git/objects/ef/4da68129e5552f916ad78e1d46bb1a5b9ad19a' -> 'sftp://os3-310-44666.vs.sakura.ne.jp/home/ubuntu/VPSsync/01-WorkspaceSync/modelica-shared/CustomLib/NuclearSystem/.git/objects/ef/4da68129e5552f916ad78e1d46bb1a5b9ad19a' (720)
2026-01-06 06:41:10: Copy Over 'C:/Users/grabacr/VPSsync/01-WorkspaceSync/modelica-shared/CustomLib/NuclearSystem/.git/objects/ed/f19915c3720bd838a7d87210287c0bebc9d3b9' -> 'sftp://os3-310-44666.vs.sakura.ne.jp/home/ubuntu/VPSsync/01-WorkspaceSync/modelica-shared/CustomLib/NuclearSystem/.git/objects/ed/f19915c3720bd838a7d87210287c0bebc9d3b9' (47)
2026-01-06 06:41:10: Copy New 'C:/Users/grabacr/VPSsync/01-WorkspaceSync/modelica-shared/CustomLib/NuclearSystem/.git/objects/f0/5d05e0fd6b74d26f5474638bcb2c7cea58fc8a' -> 'sftp://os3-310-44666.vs.sakura.ne.jp/home/ubuntu/VPSsync/01-WorkspaceSync/modelica-shared/CustomLib/NuclearSystem/.git/objects/f0/5d05e0fd6b74d26f5474638bcb2c7cea58fc8a' (666)
2026-01-06 06:41:10: Copy New 'C:/Users/grabacr/VPSsync/01-WorkspaceSync/modelica-shared/CustomLib/NuclearSystem/.git/objects/f1/6c2fb96e71eeae379307ffbb565c99138f1893' -> 'sftp://os3-310-44666.vs.sakura.ne.jp/home/ubuntu/VPSsync/01-WorkspaceSync/modelica-shared/CustomLib/NuclearSystem/.git/objects/f1/6c2fb96e71eeae379307ffbb565c99138f1893' (534)
2026-01-06 06:41:10: Copy Over 'C:/Users/grabacr/VPSsync/01-WorkspaceSync/modelica-shared/CustomLib/NuclearSystem/.git/objects/f5/14ef28e14a9dcf4c9ca165ed1e3bbcf094d364' -> 'sftp://os3-310-44666.vs.sakura.ne.jp/home/ubuntu/VPSsync/01-WorkspaceSync/modelica-shared/CustomLib/NuclearSystem/.git/objects/f5/14ef28e14a9dcf4c9ca165ed1e3bbcf094d364' (111)
2026-01-06 06:41:10: Copy New 'C:/Users/grabacr/VPSsync/01-WorkspaceSync/modelica-shared/CustomLib/NuclearSystem/.git/objects/f3/69235ffa8d03fcf9558c01b29a72da3a55e0b9' -> 'sftp://os3-310-44666.vs.sakura.ne.jp/home/ubuntu/VPSsync/01-WorkspaceSync/modelica-shared/CustomLib/NuclearSystem/.git/objects/f3/69235ffa8d03fcf9558c01b29a72da3a55e0b9' (635)
2026-01-06 06:41:10: Copy New 'C:/Users/grabacr/VPSsync/01-WorkspaceSync/modelica-shared/CustomLib/NuclearSystem/.git/objects/f6/9b16b419dd8537e383bd2966c718fdee53df3a' -> 'sftp://os3-310-44666.vs.sakura.ne.jp/home/ubuntu/VPSsync/01-WorkspaceSync/modelica-shared/CustomLib/NuclearSystem/.git/objects/f6/9b16b419dd8537e383bd2966c718fdee53df3a' (783)
2026-01-06 06:41:10: Copy New 'C:/Users/grabacr/VPSsync/01-WorkspaceSync/modelica-shared/CustomLib/NuclearSystem/.git/objects/f7/f8b2009cf0270bb5097974034d9662cc89f97d' -> 'sftp://os3-310-44666.vs.sakura.ne.jp/home/ubuntu/VPSsync/01-WorkspaceSync/modelica-shared/CustomLib/NuclearSystem/.git/objects/f7/f8b2009cf0270bb5097974034d9662cc89f97d' (1,276)
2026-01-06 06:41:10: Copy New 'C:/Users/grabacr/VPSsync/01-WorkspaceSync/modelica-shared/CustomLib/NuclearSystem/.git/objects/fc/3c5ed6847fb98f8bc0c507b1e45ae29eea77cd' -> 'sftp://os3-310-44666.vs.sakura.ne.jp/home/ubuntu/VPSsync/01-WorkspaceSync/modelica-shared/CustomLib/NuclearSystem/.git/objects/fc/3c5ed6847fb98f8bc0c507b1e45ae29eea77cd' (605)
2026-01-06 06:41:10: Copy New 'C:/Users/grabacr/VPSsync/01-WorkspaceSync/modelica-shared/CustomLib/NuclearSystem/.git/objects/f8/f0b8cc5fcaa695944b5e26f3eafcb447831dff' -> 'sftp://os3-310-44666.vs.sakura.ne.jp/home/ubuntu/VPSsync/01-WorkspaceSync/modelica-shared/CustomLib/NuclearSystem/.git/objects/f8/f0b8cc5fcaa695944b5e26f3eafcb447831dff' (534)
2026-01-06 06:41:10: Copy New 'C:/Users/grabacr/VPSsync/01-WorkspaceSync/modelica-shared/CustomLib/NuclearSystem/.git/objects/fc/cc7a71a2d12ece65ed106a7ec897e1b0b2c3a1' -> 'sftp://os3-310-44666.vs.sakura.ne.jp/home/ubuntu/VPSsync/01-WorkspaceSync/modelica-shared/CustomLib/NuclearSystem/.git/objects/fc/cc7a71a2d12ece65ed106a7ec897e1b0b2c3a1' (718)
2026-01-06 06:41:10: Copy Over 'sftp://os3-310-44666.vs.sakura.ne.jp/home/ubuntu/VPSsync/01-WorkspaceSync/modelica-shared/CustomLib/NuclearSystem/Kinetics/Components/dVolByThermalLinearExpansion.mo' -> 'C:/Users/grabacr/VPSsync/01-WorkspaceSync/modelica-shared/CustomLib/NuclearSystem/Kinetics/Components/dVolByThermalLinearExpansion.mo' (2,265)
2026-01-06 06:41:10: Copy Over 'C:/Users/grabacr/VPSsync/01-WorkspaceSync/modelica-shared/CustomLib/NuclearSystem/.git/sourcetreeconfig.json' -> 'sftp://os3-310-44666.vs.sakura.ne.jp/home/ubuntu/VPSsync/01-WorkspaceSync/modelica-shared/CustomLib/NuclearSystem/.git/sourcetreeconfig.json' (886)
2026-01-06 06:41:10: Copy Over 'C:/Users/grabacr/VPSsync/01-WorkspaceSync/modelica-shared/CustomLib/NuclearSystem/.git/objects/pack/pack-9aa13b22f35ee8d0fad4e9b8b12a8156d5291047.pack' -> 'sftp://os3-310-44666.vs.sakura.ne.jp/home/ubuntu/VPSsync/01-WorkspaceSync/modelica-shared/CustomLib/NuclearSystem/.git/objects/pack/pack-9aa13b22f35ee8d0fad4e9b8b12a8156d5291047.pack' (15,899)
2026-01-06 06:41:10: Copy Over 'sftp://os3-310-44666.vs.sakura.ne.jp/home/ubuntu/VPSsync/01-WorkspaceSync/modelica-shared/CustomLib/NuclearSystem/Kinetics/Examples/EngineeringStudyModels/KineticReactorWithVolumeFeedback_01.mo' -> 'C:/Users/grabacr/VPSsync/01-WorkspaceSync/modelica-shared/CustomLib/NuclearSystem/Kinetics/Examples/EngineeringStudyModels/KineticReactorWithVolumeFeedback_01.mo' (5,196)
2026-01-06 06:41:10: Copy Over 'sftp://os3-310-44666.vs.sakura.ne.jp/home/ubuntu/VPSsync/01-WorkspaceSync/modelica-shared/CustomLib/NuclearSystem/Kinetics/Components/KineticReactor_00.mo' -> 'C:/Users/grabacr/VPSsync/01-WorkspaceSync/modelica-shared/CustomLib/NuclearSystem/Kinetics/Components/KineticReactor_00.mo' (10,602)
2026-01-06 06:41:10: Copy Over 'sftp://os3-310-44666.vs.sakura.ne.jp/home/ubuntu/VPSsync/01-WorkspaceSync/modelica-shared/CustomLib/NuclearSystem/Kinetics/Examples/EngineeringStudyModels/package.order' -> 'C:/Users/grabacr/VPSsync/01-WorkspaceSync/modelica-shared/CustomLib/NuclearSystem/Kinetics/Examples/EngineeringStudyModels/package.order' (190)
2026-01-06 06:41:10: Copy Over 'sftp://os3-310-44666.vs.sakura.ne.jp/home/ubuntu/VPSsync/01-WorkspaceSync/modelica-shared/CustomLib/NuclearSystem/Kinetics/Components/package.order' -> 'C:/Users/grabacr/VPSsync/01-WorkspaceSync/modelica-shared/CustomLib/NuclearSystem/Kinetics/Components/package.order' (98)
2026-01-06 06:41:12: Save State File C:/Users/grabacr/VPSsync/01-WorkspaceSync/modelica-shared/CustomLib/NuclearSystem/_gsdata_/_file_state_v4._gs
2026-01-06 06:41:13: Save State File sftp://os3-310-44666.vs.sakura.ne.jp/home/ubuntu/VPSsync/01-WorkspaceSync/modelica-shared/CustomLib/NuclearSystem/_gsdata_/_file_state_v4._gs
2026-01-06 06:41:22: == Sync Complete. Time: 00:00:24, Speed: 77.38 KB/s, OK: 213, Errors: 0
