2026-01-24 19:08:53: Server: SSH-2.0-OpenSSH_9.6p1 Ubuntu-3ubuntu13.14
2026-01-24 19:08:53: Server KEXes: sntrup761x25519-sha512@openssh.com,curve25519-sha256,curve25519-sha256@libssh.org,ecdh-sha2-nistp256,ecdh-sha2-nistp384,ecdh-sha2-nistp521,diffie-hellman-group-exchange-sha256,diffie-hellman-group16-sha512,diffie-hellman-group18-sha512,diffie-hellman-group14-sha256,ext-info-s,kex-strict-s-v00@openssh.com
2026-01-24 19:08:53: Server Host Keys: rsa-sha2-512,rsa-sha2-256,ecdsa-sha2-nistp256,ssh-ed25519
2026-01-24 19:08:53: Chosen Host Key: ssh-ed25519
2026-01-24 19:08:53: Ciphers: chacha20-poly1305@openssh.com,aes128-ctr,aes192-ctr,aes256-ctr,aes128-gcm@openssh.com,aes256-gcm@openssh.com
2026-01-24 19:08:53: MACs: umac-64-etm@openssh.com,umac-128-etm@openssh.com,hmac-sha2-256-etm@openssh.com,hmac-sha2-512-etm@openssh.com,hmac-sha1-etm@openssh.com,umac-64@openssh.com,umac-128@openssh.com,hmac-sha2-256,hmac-sha2-512,hmac-sha1
2026-01-24 19:08:53: Auth: start: publickey
2026-01-24 19:08:53: Auth: publickey: no keys available
2026-01-24 19:08:53: Auth: start: password
2026-01-24 19:08:55: -- Analysis Started by On File Change, After Delay
2026-01-24 19:08:55: Changes: 70, Conflicts: 0, CopyTime: 0, FixState: 0, Errors: 0, All: 4046
2026-01-24 19:08:55: Left to Right: Copy File: 70 
2026-01-24 19:08:55: == Sync Started by On File Change, After Delay
2026-01-24 19:08:55: ConnectCloned connected to file:///~grabacr/VPSsync/01-WorkspaceSync/modelica-shared/CustomLib/NuclearSystem
2026-01-24 19:08:55: ConnectCloned connected to file:///~grabacr/VPSsync/01-WorkspaceSync/modelica-shared/CustomLib/NuclearSystem
2026-01-24 19:08:55: ConnectCloned connected to file:///~grabacr/VPSsync/01-WorkspaceSync/modelica-shared/CustomLib/NuclearSystem
2026-01-24 19:08:55: Server: SSH-2.0-OpenSSH_9.6p1 Ubuntu-3ubuntu13.14
2026-01-24 19:08:55: Server: SSH-2.0-OpenSSH_9.6p1 Ubuntu-3ubuntu13.14
2026-01-24 19:08:55: Server: SSH-2.0-OpenSSH_9.6p1 Ubuntu-3ubuntu13.14
2026-01-24 19:08:55: Server KEXes: sntrup761x25519-sha512@openssh.com,curve25519-sha256,curve25519-sha256@libssh.org,ecdh-sha2-nistp256,ecdh-sha2-nistp384,ecdh-sha2-nistp521,diffie-hellman-group-exchange-sha256,diffie-hellman-group16-sha512,diffie-hellman-group18-sha512,diffie-hellman-group14-sha256,ext-info-s,kex-strict-s-v00@openssh.com
2026-01-24 19:08:55: Server KEXes: sntrup761x25519-sha512@openssh.com,curve25519-sha256,curve25519-sha256@libssh.org,ecdh-sha2-nistp256,ecdh-sha2-nistp384,ecdh-sha2-nistp521,diffie-hellman-group-exchange-sha256,diffie-hellman-group16-sha512,diffie-hellman-group18-sha512,diffie-hellman-group14-sha256,ext-info-s,kex-strict-s-v00@openssh.com
2026-01-24 19:08:55: Server KEXes: sntrup761x25519-sha512@openssh.com,curve25519-sha256,curve25519-sha256@libssh.org,ecdh-sha2-nistp256,ecdh-sha2-nistp384,ecdh-sha2-nistp521,diffie-hellman-group-exchange-sha256,diffie-hellman-group16-sha512,diffie-hellman-group18-sha512,diffie-hellman-group14-sha256,ext-info-s,kex-strict-s-v00@openssh.com
2026-01-24 19:08:55: Server Host Keys: rsa-sha2-512,rsa-sha2-256,ecdsa-sha2-nistp256,ssh-ed25519
2026-01-24 19:08:55: Server Host Keys: rsa-sha2-512,rsa-sha2-256,ecdsa-sha2-nistp256,ssh-ed25519
2026-01-24 19:08:55: Server Host Keys: rsa-sha2-512,rsa-sha2-256,ecdsa-sha2-nistp256,ssh-ed25519
2026-01-24 19:08:55: Chosen Host Key: ssh-ed25519
2026-01-24 19:08:55: Chosen Host Key: ssh-ed25519
2026-01-24 19:08:55: Chosen Host Key: ssh-ed25519
2026-01-24 19:08:55: Ciphers: chacha20-poly1305@openssh.com,aes128-ctr,aes192-ctr,aes256-ctr,aes128-gcm@openssh.com,aes256-gcm@openssh.com
2026-01-24 19:08:55: Ciphers: chacha20-poly1305@openssh.com,aes128-ctr,aes192-ctr,aes256-ctr,aes128-gcm@openssh.com,aes256-gcm@openssh.com
2026-01-24 19:08:55: Ciphers: chacha20-poly1305@openssh.com,aes128-ctr,aes192-ctr,aes256-ctr,aes128-gcm@openssh.com,aes256-gcm@openssh.com
2026-01-24 19:08:55: MACs: umac-64-etm@openssh.com,umac-128-etm@openssh.com,hmac-sha2-256-etm@openssh.com,hmac-sha2-512-etm@openssh.com,hmac-sha1-etm@openssh.com,umac-64@openssh.com,umac-128@openssh.com,hmac-sha2-256,hmac-sha2-512,hmac-sha1
2026-01-24 19:08:55: MACs: umac-64-etm@openssh.com,umac-128-etm@openssh.com,hmac-sha2-256-etm@openssh.com,hmac-sha2-512-etm@openssh.com,hmac-sha1-etm@openssh.com,umac-64@openssh.com,umac-128@openssh.com,hmac-sha2-256,hmac-sha2-512,hmac-sha1
2026-01-24 19:08:55: MACs: umac-64-etm@openssh.com,umac-128-etm@openssh.com,hmac-sha2-256-etm@openssh.com,hmac-sha2-512-etm@openssh.com,hmac-sha1-etm@openssh.com,umac-64@openssh.com,umac-128@openssh.com,hmac-sha2-256,hmac-sha2-512,hmac-sha1
2026-01-24 19:08:55: Auth: start: publickey
2026-01-24 19:08:55: Auth: start: publickey
2026-01-24 19:08:55: Auth: start: publickey
2026-01-24 19:08:55: Auth: publickey: no keys available
2026-01-24 19:08:55: Auth: start: password
2026-01-24 19:08:55: Auth: publickey: no keys available
2026-01-24 19:08:55: Auth: start: password
2026-01-24 19:08:55: Auth: publickey: no keys available
2026-01-24 19:08:55: Auth: start: password
2026-01-24 19:08:56: GsConnectAndSetRoot1 connected to sftp://os3-310-44666.vs.sakura.ne.jp/home/ubuntu/VPSsync/01-WorkspaceSync/modelica-shared/CustomLib/NuclearSystem
2026-01-24 19:08:56: GsConnectAndSetRoot1 connected to sftp://os3-310-44666.vs.sakura.ne.jp/home/ubuntu/VPSsync/01-WorkspaceSync/modelica-shared/CustomLib/NuclearSystem
2026-01-24 19:08:56: GsConnectAndSetRoot1 connected to sftp://os3-310-44666.vs.sakura.ne.jp/home/ubuntu/VPSsync/01-WorkspaceSync/modelica-shared/CustomLib/NuclearSystem
2026-01-24 19:08:56: Copy New 'C:/Users/grabacr/VPSsync/01-WorkspaceSync/modelica-shared/CustomLib/NuclearSystem/.git/objects/04/5a25f97e7307546297b48c32aacfbd6bad3c9d' -> 'sftp://os3-310-44666.vs.sakura.ne.jp/home/ubuntu/VPSsync/01-WorkspaceSync/modelica-shared/CustomLib/NuclearSystem/.git/objects/04/5a25f97e7307546297b48c32aacfbd6bad3c9d' (1,022)
2026-01-24 19:08:57: Copy Over 'C:/Users/grabacr/VPSsync/01-WorkspaceSync/modelica-shared/CustomLib/NuclearSystem/.git/objects/05/796a78574163fca39936f9ce892f4e605e9ead' -> 'sftp://os3-310-44666.vs.sakura.ne.jp/home/ubuntu/VPSsync/01-WorkspaceSync/modelica-shared/CustomLib/NuclearSystem/.git/objects/05/796a78574163fca39936f9ce892f4e605e9ead' (3,066)
2026-01-24 19:08:57: Copy New 'C:/Users/grabacr/VPSsync/01-WorkspaceSync/modelica-shared/CustomLib/NuclearSystem/.git/objects/0e/73f301b47e5feeeda09769b17cf88cf4d60555' -> 'sftp://os3-310-44666.vs.sakura.ne.jp/home/ubuntu/VPSsync/01-WorkspaceSync/modelica-shared/CustomLib/NuclearSystem/.git/objects/0e/73f301b47e5feeeda09769b17cf88cf4d60555' (664)
2026-01-24 19:08:57: Copy Over 'C:/Users/grabacr/VPSsync/01-WorkspaceSync/modelica-shared/CustomLib/NuclearSystem/.git/index' -> 'sftp://os3-310-44666.vs.sakura.ne.jp/home/ubuntu/VPSsync/01-WorkspaceSync/modelica-shared/CustomLib/NuclearSystem/.git/index' (109,233)
2026-01-24 19:08:57: Copy New 'C:/Users/grabacr/VPSsync/01-WorkspaceSync/modelica-shared/CustomLib/NuclearSystem/.git/objects/12/ffff6cc5598d48a53735d4e7920f8903fcbfdf' -> 'sftp://os3-310-44666.vs.sakura.ne.jp/home/ubuntu/VPSsync/01-WorkspaceSync/modelica-shared/CustomLib/NuclearSystem/.git/objects/12/ffff6cc5598d48a53735d4e7920f8903fcbfdf' (1,950)
2026-01-24 19:08:57: Copy New 'C:/Users/grabacr/VPSsync/01-WorkspaceSync/modelica-shared/CustomLib/NuclearSystem/.git/objects/12/94d8d9a94613359dce1e8bb0cae4cb04344b93' -> 'sftp://os3-310-44666.vs.sakura.ne.jp/home/ubuntu/VPSsync/01-WorkspaceSync/modelica-shared/CustomLib/NuclearSystem/.git/objects/12/94d8d9a94613359dce1e8bb0cae4cb04344b93' (665)
2026-01-24 19:08:57: Copy New 'C:/Users/grabacr/VPSsync/01-WorkspaceSync/modelica-shared/CustomLib/NuclearSystem/.git/objects/18/e0cae1420902056b8f1a3a8e19c3677f0347d9' -> 'sftp://os3-310-44666.vs.sakura.ne.jp/home/ubuntu/VPSsync/01-WorkspaceSync/modelica-shared/CustomLib/NuclearSystem/.git/objects/18/e0cae1420902056b8f1a3a8e19c3677f0347d9' (687)
2026-01-24 19:08:57: Copy New 'C:/Users/grabacr/VPSsync/01-WorkspaceSync/modelica-shared/CustomLib/NuclearSystem/.git/objects/1e/07bdc1f73394c593502ac50b0c8a11b30980d6' -> 'sftp://os3-310-44666.vs.sakura.ne.jp/home/ubuntu/VPSsync/01-WorkspaceSync/modelica-shared/CustomLib/NuclearSystem/.git/objects/1e/07bdc1f73394c593502ac50b0c8a11b30980d6' (686)
2026-01-24 19:08:57: Copy New 'C:/Users/grabacr/VPSsync/01-WorkspaceSync/modelica-shared/CustomLib/NuclearSystem/.git/objects/24/d72957845a018a62a3df05c4991ad00a6d1a2e' -> 'sftp://os3-310-44666.vs.sakura.ne.jp/home/ubuntu/VPSsync/01-WorkspaceSync/modelica-shared/CustomLib/NuclearSystem/.git/objects/24/d72957845a018a62a3df05c4991ad00a6d1a2e' (1,397)
2026-01-24 19:08:57: Copy New 'C:/Users/grabacr/VPSsync/01-WorkspaceSync/modelica-shared/CustomLib/NuclearSystem/.git/objects/26/e2221440e752c6ea2dc154cf26aad6946883a2' -> 'sftp://os3-310-44666.vs.sakura.ne.jp/home/ubuntu/VPSsync/01-WorkspaceSync/modelica-shared/CustomLib/NuclearSystem/.git/objects/26/e2221440e752c6ea2dc154cf26aad6946883a2' (668)
2026-01-24 19:08:57: Copy New 'C:/Users/grabacr/VPSsync/01-WorkspaceSync/modelica-shared/CustomLib/NuclearSystem/.git/objects/2d/dcd2105854af92d22a0efb227deb2881a10710' -> 'sftp://os3-310-44666.vs.sakura.ne.jp/home/ubuntu/VPSsync/01-WorkspaceSync/modelica-shared/CustomLib/NuclearSystem/.git/objects/2d/dcd2105854af92d22a0efb227deb2881a10710' (669)
2026-01-24 19:08:57: Copy New 'C:/Users/grabacr/VPSsync/01-WorkspaceSync/modelica-shared/CustomLib/NuclearSystem/.git/objects/30/a81ea9c8e4ff36bec22976c6a2dc772cde275e' -> 'sftp://os3-310-44666.vs.sakura.ne.jp/home/ubuntu/VPSsync/01-WorkspaceSync/modelica-shared/CustomLib/NuclearSystem/.git/objects/30/a81ea9c8e4ff36bec22976c6a2dc772cde275e' (3,050)
2026-01-24 19:08:57: Copy New 'C:/Users/grabacr/VPSsync/01-WorkspaceSync/modelica-shared/CustomLib/NuclearSystem/.git/objects/32/d6751f7edf4d6b551179fbfb4605fbca9cf627' -> 'sftp://os3-310-44666.vs.sakura.ne.jp/home/ubuntu/VPSsync/01-WorkspaceSync/modelica-shared/CustomLib/NuclearSystem/.git/objects/32/d6751f7edf4d6b551179fbfb4605fbca9cf627' (674)
2026-01-24 19:08:57: Copy New 'C:/Users/grabacr/VPSsync/01-WorkspaceSync/modelica-shared/CustomLib/NuclearSystem/.git/objects/39/7ae87715b1bc67c8a025bc234ded1eb542a7a4' -> 'sftp://os3-310-44666.vs.sakura.ne.jp/home/ubuntu/VPSsync/01-WorkspaceSync/modelica-shared/CustomLib/NuclearSystem/.git/objects/39/7ae87715b1bc67c8a025bc234ded1eb542a7a4' (1,469)
2026-01-24 19:08:57: Copy New 'C:/Users/grabacr/VPSsync/01-WorkspaceSync/modelica-shared/CustomLib/NuclearSystem/.git/objects/3a/e85815c3e9c49dcec53829a909d4ad5f75f2f5' -> 'sftp://os3-310-44666.vs.sakura.ne.jp/home/ubuntu/VPSsync/01-WorkspaceSync/modelica-shared/CustomLib/NuclearSystem/.git/objects/3a/e85815c3e9c49dcec53829a909d4ad5f75f2f5' (1,074)
2026-01-24 19:08:57: Copy New 'C:/Users/grabacr/VPSsync/01-WorkspaceSync/modelica-shared/CustomLib/NuclearSystem/.git/objects/43/f6217e77b2ec1b4e4e82233175c2c86c883399' -> 'sftp://os3-310-44666.vs.sakura.ne.jp/home/ubuntu/VPSsync/01-WorkspaceSync/modelica-shared/CustomLib/NuclearSystem/.git/objects/43/f6217e77b2ec1b4e4e82233175c2c86c883399' (171)
2026-01-24 19:08:57: Copy New 'C:/Users/grabacr/VPSsync/01-WorkspaceSync/modelica-shared/CustomLib/NuclearSystem/.git/objects/44/d67e15efaa6cd192eea971a1fac45572426ddb' -> 'sftp://os3-310-44666.vs.sakura.ne.jp/home/ubuntu/VPSsync/01-WorkspaceSync/modelica-shared/CustomLib/NuclearSystem/.git/objects/44/d67e15efaa6cd192eea971a1fac45572426ddb' (668)
2026-01-24 19:08:57: Copy New 'C:/Users/grabacr/VPSsync/01-WorkspaceSync/modelica-shared/CustomLib/NuclearSystem/.git/objects/46/7516a919cf2301fd9fcd75c53b2b92cd22f300' -> 'sftp://os3-310-44666.vs.sakura.ne.jp/home/ubuntu/VPSsync/01-WorkspaceSync/modelica-shared/CustomLib/NuclearSystem/.git/objects/46/7516a919cf2301fd9fcd75c53b2b92cd22f300' (177)
2026-01-24 19:08:57: Copy New 'C:/Users/grabacr/VPSsync/01-WorkspaceSync/modelica-shared/CustomLib/NuclearSystem/.git/objects/4c/85fb7e9fea6eb80e980f0826fe9ac2d81f57e8' -> 'sftp://os3-310-44666.vs.sakura.ne.jp/home/ubuntu/VPSsync/01-WorkspaceSync/modelica-shared/CustomLib/NuclearSystem/.git/objects/4c/85fb7e9fea6eb80e980f0826fe9ac2d81f57e8' (666)
2026-01-24 19:08:57: Copy New 'C:/Users/grabacr/VPSsync/01-WorkspaceSync/modelica-shared/CustomLib/NuclearSystem/.git/objects/49/c61e2cfc0834ee1a298aa3708a7b9b2a734fce' -> 'sftp://os3-310-44666.vs.sakura.ne.jp/home/ubuntu/VPSsync/01-WorkspaceSync/modelica-shared/CustomLib/NuclearSystem/.git/objects/49/c61e2cfc0834ee1a298aa3708a7b9b2a734fce' (666)
2026-01-24 19:08:58: Copy New 'C:/Users/grabacr/VPSsync/01-WorkspaceSync/modelica-shared/CustomLib/NuclearSystem/.git/objects/52/64ac60326cfaa6cef02082ceaf10e95542c9c7' -> 'sftp://os3-310-44666.vs.sakura.ne.jp/home/ubuntu/VPSsync/01-WorkspaceSync/modelica-shared/CustomLib/NuclearSystem/.git/objects/52/64ac60326cfaa6cef02082ceaf10e95542c9c7' (1,023)
2026-01-24 19:08:58: Copy New 'C:/Users/grabacr/VPSsync/01-WorkspaceSync/modelica-shared/CustomLib/NuclearSystem/.git/objects/52/ceba832917ed646491f2be6c678c1ab51d681e' -> 'sftp://os3-310-44666.vs.sakura.ne.jp/home/ubuntu/VPSsync/01-WorkspaceSync/modelica-shared/CustomLib/NuclearSystem/.git/objects/52/ceba832917ed646491f2be6c678c1ab51d681e' (993)
2026-01-24 19:08:58: Copy Over 'C:/Users/grabacr/VPSsync/01-WorkspaceSync/modelica-shared/CustomLib/NuclearSystem/.git/objects/4f/45948780813d1a545192fe4a5e7d6895cc6721' -> 'sftp://os3-310-44666.vs.sakura.ne.jp/home/ubuntu/VPSsync/01-WorkspaceSync/modelica-shared/CustomLib/NuclearSystem/.git/objects/4f/45948780813d1a545192fe4a5e7d6895cc6721' (46)
2026-01-24 19:08:58: Copy New 'C:/Users/grabacr/VPSsync/01-WorkspaceSync/modelica-shared/CustomLib/NuclearSystem/.git/objects/55/29fc38c9bf03a27256b1f3b743ae25f0d80aa6' -> 'sftp://os3-310-44666.vs.sakura.ne.jp/home/ubuntu/VPSsync/01-WorkspaceSync/modelica-shared/CustomLib/NuclearSystem/.git/objects/55/29fc38c9bf03a27256b1f3b743ae25f0d80aa6' (779)
2026-01-24 19:08:58: Copy New 'C:/Users/grabacr/VPSsync/01-WorkspaceSync/modelica-shared/CustomLib/NuclearSystem/.git/objects/56/40bb58cc3679b5ebf1ea68b9b40849eecefa29' -> 'sftp://os3-310-44666.vs.sakura.ne.jp/home/ubuntu/VPSsync/01-WorkspaceSync/modelica-shared/CustomLib/NuclearSystem/.git/objects/56/40bb58cc3679b5ebf1ea68b9b40849eecefa29' (1,003)
2026-01-24 19:08:58: Copy New 'C:/Users/grabacr/VPSsync/01-WorkspaceSync/modelica-shared/CustomLib/NuclearSystem/.git/objects/56/4a703448a3a777c4f1cc60288bae2f83be9b9c' -> 'sftp://os3-310-44666.vs.sakura.ne.jp/home/ubuntu/VPSsync/01-WorkspaceSync/modelica-shared/CustomLib/NuclearSystem/.git/objects/56/4a703448a3a777c4f1cc60288bae2f83be9b9c' (995)
2026-01-24 19:08:58: Copy New 'C:/Users/grabacr/VPSsync/01-WorkspaceSync/modelica-shared/CustomLib/NuclearSystem/.git/objects/5b/f36fed893bc1ccc743d83314ae3466668853d0' -> 'sftp://os3-310-44666.vs.sakura.ne.jp/home/ubuntu/VPSsync/01-WorkspaceSync/modelica-shared/CustomLib/NuclearSystem/.git/objects/5b/f36fed893bc1ccc743d83314ae3466668853d0' (672)
2026-01-24 19:08:58: Copy New 'C:/Users/grabacr/VPSsync/01-WorkspaceSync/modelica-shared/CustomLib/NuclearSystem/.git/objects/61/b1ed94e55eb428ba1092763950f03b585ffa48' -> 'sftp://os3-310-44666.vs.sakura.ne.jp/home/ubuntu/VPSsync/01-WorkspaceSync/modelica-shared/CustomLib/NuclearSystem/.git/objects/61/b1ed94e55eb428ba1092763950f03b585ffa48' (1,027)
2026-01-24 19:08:58: Copy New 'C:/Users/grabacr/VPSsync/01-WorkspaceSync/modelica-shared/CustomLib/NuclearSystem/.git/objects/64/28df69475eae705c5ad2706fd7c56d9f9c1bf4' -> 'sftp://os3-310-44666.vs.sakura.ne.jp/home/ubuntu/VPSsync/01-WorkspaceSync/modelica-shared/CustomLib/NuclearSystem/.git/objects/64/28df69475eae705c5ad2706fd7c56d9f9c1bf4' (666)
2026-01-24 19:08:58: Copy New 'C:/Users/grabacr/VPSsync/01-WorkspaceSync/modelica-shared/CustomLib/NuclearSystem/.git/objects/6a/5feace510deac5ec456902b363b6131c9ee022' -> 'sftp://os3-310-44666.vs.sakura.ne.jp/home/ubuntu/VPSsync/01-WorkspaceSync/modelica-shared/CustomLib/NuclearSystem/.git/objects/6a/5feace510deac5ec456902b363b6131c9ee022' (3,592)
2026-01-24 19:08:58: Copy New 'C:/Users/grabacr/VPSsync/01-WorkspaceSync/modelica-shared/CustomLib/NuclearSystem/.git/objects/64/8ca3d42de3364e530abe685256340f6eb44287' -> 'sftp://os3-310-44666.vs.sakura.ne.jp/home/ubuntu/VPSsync/01-WorkspaceSync/modelica-shared/CustomLib/NuclearSystem/.git/objects/64/8ca3d42de3364e530abe685256340f6eb44287' (665)
2026-01-24 19:08:58: Copy New 'C:/Users/grabacr/VPSsync/01-WorkspaceSync/modelica-shared/CustomLib/NuclearSystem/.git/objects/6a/81ab8e16287e97fa44239e99babd7013a7e340' -> 'sftp://os3-310-44666.vs.sakura.ne.jp/home/ubuntu/VPSsync/01-WorkspaceSync/modelica-shared/CustomLib/NuclearSystem/.git/objects/6a/81ab8e16287e97fa44239e99babd7013a7e340' (85)
2026-01-24 19:08:58: Copy New 'C:/Users/grabacr/VPSsync/01-WorkspaceSync/modelica-shared/CustomLib/NuclearSystem/.git/objects/6b/2636bd1bb0879926b138ce12aa098039985732' -> 'sftp://os3-310-44666.vs.sakura.ne.jp/home/ubuntu/VPSsync/01-WorkspaceSync/modelica-shared/CustomLib/NuclearSystem/.git/objects/6b/2636bd1bb0879926b138ce12aa098039985732' (991)
2026-01-24 19:08:58: Copy New 'C:/Users/grabacr/VPSsync/01-WorkspaceSync/modelica-shared/CustomLib/NuclearSystem/.git/objects/6c/1e277d3155e89b53654b4ebeec57dbb596ea02' -> 'sftp://os3-310-44666.vs.sakura.ne.jp/home/ubuntu/VPSsync/01-WorkspaceSync/modelica-shared/CustomLib/NuclearSystem/.git/objects/6c/1e277d3155e89b53654b4ebeec57dbb596ea02' (665)
2026-01-24 19:08:58: Copy New 'C:/Users/grabacr/VPSsync/01-WorkspaceSync/modelica-shared/CustomLib/NuclearSystem/.git/objects/6d/62f93849a5ef9131c30ae255b1a6b4cfc88f1b' -> 'sftp://os3-310-44666.vs.sakura.ne.jp/home/ubuntu/VPSsync/01-WorkspaceSync/modelica-shared/CustomLib/NuclearSystem/.git/objects/6d/62f93849a5ef9131c30ae255b1a6b4cfc88f1b' (786)
2026-01-24 19:08:58: Copy New 'C:/Users/grabacr/VPSsync/01-WorkspaceSync/modelica-shared/CustomLib/NuclearSystem/.git/objects/78/25eb6bec60d293a407873cba8cd986d638589d' -> 'sftp://os3-310-44666.vs.sakura.ne.jp/home/ubuntu/VPSsync/01-WorkspaceSync/modelica-shared/CustomLib/NuclearSystem/.git/objects/78/25eb6bec60d293a407873cba8cd986d638589d' (1,360)
2026-01-24 19:08:58: Copy New 'C:/Users/grabacr/VPSsync/01-WorkspaceSync/modelica-shared/CustomLib/NuclearSystem/.git/objects/7c/7eb212b07de0180d540c4f6e096c42a2d6519b' -> 'sftp://os3-310-44666.vs.sakura.ne.jp/home/ubuntu/VPSsync/01-WorkspaceSync/modelica-shared/CustomLib/NuclearSystem/.git/objects/7c/7eb212b07de0180d540c4f6e096c42a2d6519b' (2,072)
2026-01-24 19:08:58: Copy New 'C:/Users/grabacr/VPSsync/01-WorkspaceSync/modelica-shared/CustomLib/NuclearSystem/.git/objects/7f/039f77482971970bf26da65e3e01867fc79535' -> 'sftp://os3-310-44666.vs.sakura.ne.jp/home/ubuntu/VPSsync/01-WorkspaceSync/modelica-shared/CustomLib/NuclearSystem/.git/objects/7f/039f77482971970bf26da65e3e01867fc79535' (999)
2026-01-24 19:08:58: Copy New 'C:/Users/grabacr/VPSsync/01-WorkspaceSync/modelica-shared/CustomLib/NuclearSystem/.git/objects/84/b1282ad67c90b0cdad50f7d42c6dc34876c447' -> 'sftp://os3-310-44666.vs.sakura.ne.jp/home/ubuntu/VPSsync/01-WorkspaceSync/modelica-shared/CustomLib/NuclearSystem/.git/objects/84/b1282ad67c90b0cdad50f7d42c6dc34876c447' (672)
2026-01-24 19:08:58: Copy New 'C:/Users/grabacr/VPSsync/01-WorkspaceSync/modelica-shared/CustomLib/NuclearSystem/.git/objects/84/ed8e47f4edc66c35d2f3543a9bc3eb75880dbf' -> 'sftp://os3-310-44666.vs.sakura.ne.jp/home/ubuntu/VPSsync/01-WorkspaceSync/modelica-shared/CustomLib/NuclearSystem/.git/objects/84/ed8e47f4edc66c35d2f3543a9bc3eb75880dbf' (991)
2026-01-24 19:08:59: Copy Over 'C:/Users/grabacr/VPSsync/01-WorkspaceSync/modelica-shared/CustomLib/NuclearSystem/.git/objects/7f/7acb27432c9069b39a49d3524b14b8eff71554' -> 'sftp://os3-310-44666.vs.sakura.ne.jp/home/ubuntu/VPSsync/01-WorkspaceSync/modelica-shared/CustomLib/NuclearSystem/.git/objects/7f/7acb27432c9069b39a49d3524b14b8eff71554' (28)
2026-01-24 19:08:59: Copy New 'C:/Users/grabacr/VPSsync/01-WorkspaceSync/modelica-shared/CustomLib/NuclearSystem/.git/objects/93/e4a33ed921c476326e479243495c60336dbc26' -> 'sftp://os3-310-44666.vs.sakura.ne.jp/home/ubuntu/VPSsync/01-WorkspaceSync/modelica-shared/CustomLib/NuclearSystem/.git/objects/93/e4a33ed921c476326e479243495c60336dbc26' (667)
2026-01-24 19:08:59: Copy New 'C:/Users/grabacr/VPSsync/01-WorkspaceSync/modelica-shared/CustomLib/NuclearSystem/.git/objects/96/92269974070baff78430cd6c2a5b75066a432f' -> 'sftp://os3-310-44666.vs.sakura.ne.jp/home/ubuntu/VPSsync/01-WorkspaceSync/modelica-shared/CustomLib/NuclearSystem/.git/objects/96/92269974070baff78430cd6c2a5b75066a432f' (985)
2026-01-24 19:08:59: Copy New 'C:/Users/grabacr/VPSsync/01-WorkspaceSync/modelica-shared/CustomLib/NuclearSystem/.git/objects/9d/dc48f6cdf69557465f5902f10864ee866823e4' -> 'sftp://os3-310-44666.vs.sakura.ne.jp/home/ubuntu/VPSsync/01-WorkspaceSync/modelica-shared/CustomLib/NuclearSystem/.git/objects/9d/dc48f6cdf69557465f5902f10864ee866823e4' (779)
2026-01-24 19:08:59: Copy New 'C:/Users/grabacr/VPSsync/01-WorkspaceSync/modelica-shared/CustomLib/NuclearSystem/.git/objects/a3/46990a86c5a980d36c71d86d46dc398af3e5ef' -> 'sftp://os3-310-44666.vs.sakura.ne.jp/home/ubuntu/VPSsync/01-WorkspaceSync/modelica-shared/CustomLib/NuclearSystem/.git/objects/a3/46990a86c5a980d36c71d86d46dc398af3e5ef' (667)
2026-01-24 19:08:59: Copy New 'C:/Users/grabacr/VPSsync/01-WorkspaceSync/modelica-shared/CustomLib/NuclearSystem/.git/objects/a5/1c839e3b5745c1847e6905841cd150b612c111' -> 'sftp://os3-310-44666.vs.sakura.ne.jp/home/ubuntu/VPSsync/01-WorkspaceSync/modelica-shared/CustomLib/NuclearSystem/.git/objects/a5/1c839e3b5745c1847e6905841cd150b612c111' (667)
2026-01-24 19:08:59: Copy New 'C:/Users/grabacr/VPSsync/01-WorkspaceSync/modelica-shared/CustomLib/NuclearSystem/.git/objects/a0/047b276968cf65df1f97c26652694992e2d447' -> 'sftp://os3-310-44666.vs.sakura.ne.jp/home/ubuntu/VPSsync/01-WorkspaceSync/modelica-shared/CustomLib/NuclearSystem/.git/objects/a0/047b276968cf65df1f97c26652694992e2d447' (179,069)
2026-01-24 19:08:59: Copy New 'C:/Users/grabacr/VPSsync/01-WorkspaceSync/modelica-shared/CustomLib/NuclearSystem/.git/objects/a6/756bc4e0af63cf8fdf3ccf49a9251894e4f208' -> 'sftp://os3-310-44666.vs.sakura.ne.jp/home/ubuntu/VPSsync/01-WorkspaceSync/modelica-shared/CustomLib/NuclearSystem/.git/objects/a6/756bc4e0af63cf8fdf3ccf49a9251894e4f208' (669)
2026-01-24 19:08:59: Copy New 'C:/Users/grabacr/VPSsync/01-WorkspaceSync/modelica-shared/CustomLib/NuclearSystem/.git/objects/a8/ecb9f370513478c83f87825094c96bece595a3' -> 'sftp://os3-310-44666.vs.sakura.ne.jp/home/ubuntu/VPSsync/01-WorkspaceSync/modelica-shared/CustomLib/NuclearSystem/.git/objects/a8/ecb9f370513478c83f87825094c96bece595a3' (785)
2026-01-24 19:08:59: Copy New 'C:/Users/grabacr/VPSsync/01-WorkspaceSync/modelica-shared/CustomLib/NuclearSystem/.git/objects/ad/1e936a31516eab7b11ad5cf6d4c9865b018911' -> 'sftp://os3-310-44666.vs.sakura.ne.jp/home/ubuntu/VPSsync/01-WorkspaceSync/modelica-shared/CustomLib/NuclearSystem/.git/objects/ad/1e936a31516eab7b11ad5cf6d4c9865b018911' (991)
2026-01-24 19:08:59: Copy New 'C:/Users/grabacr/VPSsync/01-WorkspaceSync/modelica-shared/CustomLib/NuclearSystem/.git/objects/aa/a30bdedc9b58ebd08f4203f94107d498623484' -> 'sftp://os3-310-44666.vs.sakura.ne.jp/home/ubuntu/VPSsync/01-WorkspaceSync/modelica-shared/CustomLib/NuclearSystem/.git/objects/aa/a30bdedc9b58ebd08f4203f94107d498623484' (665)
2026-01-24 19:08:59: Copy New 'C:/Users/grabacr/VPSsync/01-WorkspaceSync/modelica-shared/CustomLib/NuclearSystem/.git/objects/af/f7af794a4fc3c0c66ab20e2ea0562d4cdb00f8' -> 'sftp://os3-310-44666.vs.sakura.ne.jp/home/ubuntu/VPSsync/01-WorkspaceSync/modelica-shared/CustomLib/NuclearSystem/.git/objects/af/f7af794a4fc3c0c66ab20e2ea0562d4cdb00f8' (1,136)
2026-01-24 19:08:59: Copy New 'C:/Users/grabacr/VPSsync/01-WorkspaceSync/modelica-shared/CustomLib/NuclearSystem/.git/objects/b1/b2433ef5cdcc542bbf96b102afcddfed3313bc' -> 'sftp://os3-310-44666.vs.sakura.ne.jp/home/ubuntu/VPSsync/01-WorkspaceSync/modelica-shared/CustomLib/NuclearSystem/.git/objects/b1/b2433ef5cdcc542bbf96b102afcddfed3313bc' (998)
2026-01-24 19:08:59: Copy New 'C:/Users/grabacr/VPSsync/01-WorkspaceSync/modelica-shared/CustomLib/NuclearSystem/.git/objects/b0/6c8f05ea0d6219643d5f6ba51076bd8ef23b2f' -> 'sftp://os3-310-44666.vs.sakura.ne.jp/home/ubuntu/VPSsync/01-WorkspaceSync/modelica-shared/CustomLib/NuclearSystem/.git/objects/b0/6c8f05ea0d6219643d5f6ba51076bd8ef23b2f' (998)
2026-01-24 19:08:59: Copy New 'C:/Users/grabacr/VPSsync/01-WorkspaceSync/modelica-shared/CustomLib/NuclearSystem/.git/objects/b0/a9f655a35ba3bd6b2cb38097e81041c2018411' -> 'sftp://os3-310-44666.vs.sakura.ne.jp/home/ubuntu/VPSsync/01-WorkspaceSync/modelica-shared/CustomLib/NuclearSystem/.git/objects/b0/a9f655a35ba3bd6b2cb38097e81041c2018411' (988)
2026-01-24 19:08:59: Copy New 'C:/Users/grabacr/VPSsync/01-WorkspaceSync/modelica-shared/CustomLib/NuclearSystem/.git/objects/b9/d8bd6e3b784835d13ff26527468b2371c817c3' -> 'sftp://os3-310-44666.vs.sakura.ne.jp/home/ubuntu/VPSsync/01-WorkspaceSync/modelica-shared/CustomLib/NuclearSystem/.git/objects/b9/d8bd6e3b784835d13ff26527468b2371c817c3' (666)
2026-01-24 19:08:59: Copy New 'C:/Users/grabacr/VPSsync/01-WorkspaceSync/modelica-shared/CustomLib/NuclearSystem/.git/objects/ba/b205b5871c16d0a82106be11dee5ec60c6bf54' -> 'sftp://os3-310-44666.vs.sakura.ne.jp/home/ubuntu/VPSsync/01-WorkspaceSync/modelica-shared/CustomLib/NuclearSystem/.git/objects/ba/b205b5871c16d0a82106be11dee5ec60c6bf54' (667)
2026-01-24 19:08:59: Copy New 'C:/Users/grabacr/VPSsync/01-WorkspaceSync/modelica-shared/CustomLib/NuclearSystem/.git/objects/bd/818f2678d4a853d7d81b3e97b49c021b441821' -> 'sftp://os3-310-44666.vs.sakura.ne.jp/home/ubuntu/VPSsync/01-WorkspaceSync/modelica-shared/CustomLib/NuclearSystem/.git/objects/bd/818f2678d4a853d7d81b3e97b49c021b441821' (665)
2026-01-24 19:09:00: Copy New 'C:/Users/grabacr/VPSsync/01-WorkspaceSync/modelica-shared/CustomLib/NuclearSystem/.git/objects/be/03fee1bfd2622760115176b28f36c20f5dd91c' -> 'sftp://os3-310-44666.vs.sakura.ne.jp/home/ubuntu/VPSsync/01-WorkspaceSync/modelica-shared/CustomLib/NuclearSystem/.git/objects/be/03fee1bfd2622760115176b28f36c20f5dd91c' (1,107)
2026-01-24 19:09:00: Copy New 'C:/Users/grabacr/VPSsync/01-WorkspaceSync/modelica-shared/CustomLib/NuclearSystem/.git/objects/be/3bbe0fbddd7dcd9d0627ba0d06917ffbc36a2b' -> 'sftp://os3-310-44666.vs.sakura.ne.jp/home/ubuntu/VPSsync/01-WorkspaceSync/modelica-shared/CustomLib/NuclearSystem/.git/objects/be/3bbe0fbddd7dcd9d0627ba0d06917ffbc36a2b' (1,128)
2026-01-24 19:09:00: Copy New 'C:/Users/grabacr/VPSsync/01-WorkspaceSync/modelica-shared/CustomLib/NuclearSystem/.git/objects/bd/cf42ebab78043e9d8f8e0f707f78a90211b31a' -> 'sftp://os3-310-44666.vs.sakura.ne.jp/home/ubuntu/VPSsync/01-WorkspaceSync/modelica-shared/CustomLib/NuclearSystem/.git/objects/bd/cf42ebab78043e9d8f8e0f707f78a90211b31a' (665)
2026-01-24 19:09:00: Copy New 'C:/Users/grabacr/VPSsync/01-WorkspaceSync/modelica-shared/CustomLib/NuclearSystem/.git/objects/c5/dce585132c124e1d2fb051a2dcd798ed3a81ed' -> 'sftp://os3-310-44666.vs.sakura.ne.jp/home/ubuntu/VPSsync/01-WorkspaceSync/modelica-shared/CustomLib/NuclearSystem/.git/objects/c5/dce585132c124e1d2fb051a2dcd798ed3a81ed' (779)
2026-01-24 19:09:00: Copy New 'C:/Users/grabacr/VPSsync/01-WorkspaceSync/modelica-shared/CustomLib/NuclearSystem/.git/objects/cc/5108dc03daed9949642e1a9d8ec216c5b06036' -> 'sftp://os3-310-44666.vs.sakura.ne.jp/home/ubuntu/VPSsync/01-WorkspaceSync/modelica-shared/CustomLib/NuclearSystem/.git/objects/cc/5108dc03daed9949642e1a9d8ec216c5b06036' (204)
2026-01-24 19:09:00: Copy New 'C:/Users/grabacr/VPSsync/01-WorkspaceSync/modelica-shared/CustomLib/NuclearSystem/.git/objects/e1/2cf19fd4892c6346a804972fd16d15aeaa2e3a' -> 'sftp://os3-310-44666.vs.sakura.ne.jp/home/ubuntu/VPSsync/01-WorkspaceSync/modelica-shared/CustomLib/NuclearSystem/.git/objects/e1/2cf19fd4892c6346a804972fd16d15aeaa2e3a' (2,010)
2026-01-24 19:09:00: Copy New 'C:/Users/grabacr/VPSsync/01-WorkspaceSync/modelica-shared/CustomLib/NuclearSystem/.git/objects/e1/5eba061edcf7bf8f2857b42c9dfda7a193b7f5' -> 'sftp://os3-310-44666.vs.sakura.ne.jp/home/ubuntu/VPSsync/01-WorkspaceSync/modelica-shared/CustomLib/NuclearSystem/.git/objects/e1/5eba061edcf7bf8f2857b42c9dfda7a193b7f5' (665)
2026-01-24 19:09:00: Copy New 'C:/Users/grabacr/VPSsync/01-WorkspaceSync/modelica-shared/CustomLib/NuclearSystem/.git/objects/d4/128cc66b2d056f685fe601003fd1ac726444b6' -> 'sftp://os3-310-44666.vs.sakura.ne.jp/home/ubuntu/VPSsync/01-WorkspaceSync/modelica-shared/CustomLib/NuclearSystem/.git/objects/d4/128cc66b2d056f685fe601003fd1ac726444b6' (133)
2026-01-24 19:09:00: > Copy Over 'C:/Users/grabacr/VPSsync/01-WorkspaceSync/modelica-shared/CustomLib/NuclearSystem/.git/objects/pack/pack-a8187e931d4692c35c39c14d85fa3ee668f297a5.pack' -> 'sftp://os3-310-44666.vs.sakura.ne.jp/home/ubuntu/VPSsync/01-WorkspaceSync/modelica-shared/CustomLib/NuclearSystem/.git/objects/pack/pack-a8187e931d4692c35c39c14d85fa3ee668f297a5.pack' (5,385,365)
2026-01-24 19:09:00: Copy New 'C:/Users/grabacr/VPSsync/01-WorkspaceSync/modelica-shared/CustomLib/NuclearSystem/.git/objects/e9/41ed2b36c837509fdb750995cffda08c3abcbe' -> 'sftp://os3-310-44666.vs.sakura.ne.jp/home/ubuntu/VPSsync/01-WorkspaceSync/modelica-shared/CustomLib/NuclearSystem/.git/objects/e9/41ed2b36c837509fdb750995cffda08c3abcbe' (989)
2026-01-24 19:09:00: Copy New 'C:/Users/grabacr/VPSsync/01-WorkspaceSync/modelica-shared/CustomLib/NuclearSystem/.git/objects/fd/4c82a06d4d06f0a4b65a77318754a1ae835d82' -> 'sftp://os3-310-44666.vs.sakura.ne.jp/home/ubuntu/VPSsync/01-WorkspaceSync/modelica-shared/CustomLib/NuclearSystem/.git/objects/fd/4c82a06d4d06f0a4b65a77318754a1ae835d82' (668)
2026-01-24 19:09:01: C:/Users/grabacr/VPSsync/01-WorkspaceSync/modelica-shared/CustomLib/NuclearSystem/.git/sourcetreeconfig.json: Source file has changed between Analyze and Sync from '[file] size=886 accu-time=2026-01-24 19:08:29 attr=Archive,WArchive cktype=0' to 'size=831 time=2026-01-24 19:08:59', noted in source file state
2026-01-24 19:09:01: Copy Over 'C:/Users/grabacr/VPSsync/01-WorkspaceSync/modelica-shared/CustomLib/NuclearSystem/.git/sourcetreeconfig.json' -> 'sftp://os3-310-44666.vs.sakura.ne.jp/home/ubuntu/VPSsync/01-WorkspaceSync/modelica-shared/CustomLib/NuclearSystem/.git/sourcetreeconfig.json' (886)
2026-01-24 19:09:02: C:/Users/grabacr/VPSsync/01-WorkspaceSync/modelica-shared/CustomLib/NuclearSystem/.git/objects/pack/pack-a8187e931d4692c35c39c14d85fa3ee668f297a5.pack: Source file has changed between Analyze and Sync from '[file] size=5,385,365 accu-time=2026-01-24 19:08:36 attr=ReadOnly,Archive,WArchive,WReadOnly cktype=0' to 'size=5,385,365 time=2026-01-24 19:09:00', noted in source file state
2026-01-24 19:09:02: < Copy Over 'C:/Users/grabacr/VPSsync/01-WorkspaceSync/modelica-shared/CustomLib/NuclearSystem/.git/objects/pack/pack-a8187e931d4692c35c39c14d85fa3ee668f297a5.pack' -> 'sftp://os3-310-44666.vs.sakura.ne.jp/home/ubuntu/VPSsync/01-WorkspaceSync/modelica-shared/CustomLib/NuclearSystem/.git/objects/pack/pack-a8187e931d4692c35c39c14d85fa3ee668f297a5.pack' (5,385,365)
2026-01-24 19:09:03: Save State File C:/Users/grabacr/VPSsync/01-WorkspaceSync/modelica-shared/CustomLib/NuclearSystem/_gsdata_/_file_state_v4._gs
2026-01-24 19:09:03: Save State File sftp://os3-310-44666.vs.sakura.ne.jp/home/ubuntu/VPSsync/01-WorkspaceSync/modelica-shared/CustomLib/NuclearSystem/_gsdata_/_file_state_v4._gs
2026-01-24 19:09:13: == Sync Complete. Time: 00:00:18, Speed: 743.51 KB/s, OK: 70, Errors: 0
