2026-01-22 03:05:08: Server: SSH-2.0-OpenSSH_9.6p1 Ubuntu-3ubuntu13.14
2026-01-22 03:05:08: Server KEXes: sntrup761x25519-sha512@openssh.com,curve25519-sha256,curve25519-sha256@libssh.org,ecdh-sha2-nistp256,ecdh-sha2-nistp384,ecdh-sha2-nistp521,diffie-hellman-group-exchange-sha256,diffie-hellman-group16-sha512,diffie-hellman-group18-sha512,diffie-hellman-group14-sha256,ext-info-s,kex-strict-s-v00@openssh.com
2026-01-22 03:05:08: Server Host Keys: rsa-sha2-512,rsa-sha2-256,ecdsa-sha2-nistp256,ssh-ed25519
2026-01-22 03:05:08: Chosen Host Key: ssh-ed25519
2026-01-22 03:05:08: Ciphers: chacha20-poly1305@openssh.com,aes128-ctr,aes192-ctr,aes256-ctr,aes128-gcm@openssh.com,aes256-gcm@openssh.com
2026-01-22 03:05:08: MACs: umac-64-etm@openssh.com,umac-128-etm@openssh.com,hmac-sha2-256-etm@openssh.com,hmac-sha2-512-etm@openssh.com,hmac-sha1-etm@openssh.com,umac-64@openssh.com,umac-128@openssh.com,hmac-sha2-256,hmac-sha2-512,hmac-sha1
2026-01-22 03:05:08: Auth: start: publickey
2026-01-22 03:05:08: Auth: publickey: no keys available
2026-01-22 03:05:08: Auth: start: password
2026-01-22 03:05:09: -- Analysis Started by On File Change First Full Analyze Upon Folder Connect
2026-01-22 03:05:09: Deleted abandoned lock file at C:/Users/grabacr/VPSsync/01-WorkspaceSync/modelica-shared/CustomLib/NuclearSystem
2026-01-22 03:05:09: L: Reading State File C:/Users/grabacr/VPSsync/01-WorkspaceSync/modelica-shared/CustomLib/NuclearSystem/_gsdata_/_file_state_v4._gs
2026-01-22 03:05:10: Deleted abandoned lock file at sftp://os3-310-44666.vs.sakura.ne.jp/home/ubuntu/VPSsync/01-WorkspaceSync/modelica-shared/CustomLib/NuclearSystem
2026-01-22 03:05:10: R: Reading State File sftp://os3-310-44666.vs.sakura.ne.jp/home/ubuntu/VPSsync/01-WorkspaceSync/modelica-shared/CustomLib/NuclearSystem/_gsdata_/_file_state_v4._gs
2026-01-22 03:05:10: Not using/deleting cached state file, because remote state file has changed since last Sync:
State file: sftp://os3-310-44666.vs.sakura.ne.jp/home/ubuntu/VPSsync/01-WorkspaceSync/modelica-shared/CustomLib/NuclearSystem/_gsdata_/_file_state_v4._gs
name= folder=0 link=0 file=1 attrs=800001B4 size=178655 mod-time=2026-01-22 00:19:12 cre-time=2026-01-22 00:19:12 ab=0 ckt=0 cks= dsply= cmnt= != 
name= folder=0 link=0 file=1 attrs=800001B4 size=178655 mod-time=2026-01-22 00:10:49 cre-time=2026-01-22 00:10:49 ab=0 ckt=0 cks= dsply= cmnt=
2026-01-22 03:05:40: Changes: 64, Conflicts: 0, CopyTime: 0, FixState: 0, Errors: 0, All: 3979
2026-01-22 03:05:40: Left to Right: Copy File: 64 
2026-01-22 03:05:40: == Sync Started by On File Change First Full Analyze Upon Folder Connect
2026-01-22 03:05:40: ConnectCloned connected to file:///~grabacr/VPSsync/01-WorkspaceSync/modelica-shared/CustomLib/NuclearSystem
2026-01-22 03:05:40: ConnectCloned connected to file:///~grabacr/VPSsync/01-WorkspaceSync/modelica-shared/CustomLib/NuclearSystem
2026-01-22 03:05:40: ConnectCloned connected to file:///~grabacr/VPSsync/01-WorkspaceSync/modelica-shared/CustomLib/NuclearSystem
2026-01-22 03:05:40: Server: SSH-2.0-OpenSSH_9.6p1 Ubuntu-3ubuntu13.14
2026-01-22 03:05:40: Server: SSH-2.0-OpenSSH_9.6p1 Ubuntu-3ubuntu13.14
2026-01-22 03:05:40: Server: SSH-2.0-OpenSSH_9.6p1 Ubuntu-3ubuntu13.14
2026-01-22 03:05:40: Server KEXes: sntrup761x25519-sha512@openssh.com,curve25519-sha256,curve25519-sha256@libssh.org,ecdh-sha2-nistp256,ecdh-sha2-nistp384,ecdh-sha2-nistp521,diffie-hellman-group-exchange-sha256,diffie-hellman-group16-sha512,diffie-hellman-group18-sha512,diffie-hellman-group14-sha256,ext-info-s,kex-strict-s-v00@openssh.com
2026-01-22 03:05:40: Server Host Keys: rsa-sha2-512,rsa-sha2-256,ecdsa-sha2-nistp256,ssh-ed25519
2026-01-22 03:05:40: Chosen Host Key: ssh-ed25519
2026-01-22 03:05:40: Ciphers: chacha20-poly1305@openssh.com,aes128-ctr,aes192-ctr,aes256-ctr,aes128-gcm@openssh.com,aes256-gcm@openssh.com
2026-01-22 03:05:40: MACs: umac-64-etm@openssh.com,umac-128-etm@openssh.com,hmac-sha2-256-etm@openssh.com,hmac-sha2-512-etm@openssh.com,hmac-sha1-etm@openssh.com,umac-64@openssh.com,umac-128@openssh.com,hmac-sha2-256,hmac-sha2-512,hmac-sha1
2026-01-22 03:05:40: Server KEXes: sntrup761x25519-sha512@openssh.com,curve25519-sha256,curve25519-sha256@libssh.org,ecdh-sha2-nistp256,ecdh-sha2-nistp384,ecdh-sha2-nistp521,diffie-hellman-group-exchange-sha256,diffie-hellman-group16-sha512,diffie-hellman-group18-sha512,diffie-hellman-group14-sha256,ext-info-s,kex-strict-s-v00@openssh.com
2026-01-22 03:05:40: Server Host Keys: rsa-sha2-512,rsa-sha2-256,ecdsa-sha2-nistp256,ssh-ed25519
2026-01-22 03:05:40: Chosen Host Key: ssh-ed25519
2026-01-22 03:05:40: Ciphers: chacha20-poly1305@openssh.com,aes128-ctr,aes192-ctr,aes256-ctr,aes128-gcm@openssh.com,aes256-gcm@openssh.com
2026-01-22 03:05:40: MACs: umac-64-etm@openssh.com,umac-128-etm@openssh.com,hmac-sha2-256-etm@openssh.com,hmac-sha2-512-etm@openssh.com,hmac-sha1-etm@openssh.com,umac-64@openssh.com,umac-128@openssh.com,hmac-sha2-256,hmac-sha2-512,hmac-sha1
2026-01-22 03:05:40: Server KEXes: sntrup761x25519-sha512@openssh.com,curve25519-sha256,curve25519-sha256@libssh.org,ecdh-sha2-nistp256,ecdh-sha2-nistp384,ecdh-sha2-nistp521,diffie-hellman-group-exchange-sha256,diffie-hellman-group16-sha512,diffie-hellman-group18-sha512,diffie-hellman-group14-sha256,ext-info-s,kex-strict-s-v00@openssh.com
2026-01-22 03:05:40: Server Host Keys: rsa-sha2-512,rsa-sha2-256,ecdsa-sha2-nistp256,ssh-ed25519
2026-01-22 03:05:40: Chosen Host Key: ssh-ed25519
2026-01-22 03:05:40: Ciphers: chacha20-poly1305@openssh.com,aes128-ctr,aes192-ctr,aes256-ctr,aes128-gcm@openssh.com,aes256-gcm@openssh.com
2026-01-22 03:05:40: MACs: umac-64-etm@openssh.com,umac-128-etm@openssh.com,hmac-sha2-256-etm@openssh.com,hmac-sha2-512-etm@openssh.com,hmac-sha1-etm@openssh.com,umac-64@openssh.com,umac-128@openssh.com,hmac-sha2-256,hmac-sha2-512,hmac-sha1
2026-01-22 03:05:40: Auth: start: publickey
2026-01-22 03:05:40: Auth: start: publickey
2026-01-22 03:05:40: Auth: start: publickey
2026-01-22 03:05:40: Auth: publickey: no keys available
2026-01-22 03:05:40: Auth: start: password
2026-01-22 03:05:40: Auth: publickey: no keys available
2026-01-22 03:05:40: Auth: publickey: no keys available
2026-01-22 03:05:40: Auth: start: password
2026-01-22 03:05:40: Auth: start: password
2026-01-22 03:05:41: GsConnectAndSetRoot1 connected to sftp://os3-310-44666.vs.sakura.ne.jp/home/ubuntu/VPSsync/01-WorkspaceSync/modelica-shared/CustomLib/NuclearSystem
2026-01-22 03:05:41: GsConnectAndSetRoot1 connected to sftp://os3-310-44666.vs.sakura.ne.jp/home/ubuntu/VPSsync/01-WorkspaceSync/modelica-shared/CustomLib/NuclearSystem
2026-01-22 03:05:41: GsConnectAndSetRoot1 connected to sftp://os3-310-44666.vs.sakura.ne.jp/home/ubuntu/VPSsync/01-WorkspaceSync/modelica-shared/CustomLib/NuclearSystem
2026-01-22 03:05:42: Copy Over 'C:/Users/grabacr/VPSsync/01-WorkspaceSync/modelica-shared/CustomLib/NuclearSystem/.git/COMMIT_EDITMSG' -> 'sftp://os3-310-44666.vs.sakura.ne.jp/home/ubuntu/VPSsync/01-WorkspaceSync/modelica-shared/CustomLib/NuclearSystem/.git/COMMIT_EDITMSG' (11)
2026-01-22 03:05:42: Copy Over 'C:/Users/grabacr/VPSsync/01-WorkspaceSync/modelica-shared/CustomLib/NuclearSystem/.git/FETCH_HEAD' -> 'sftp://os3-310-44666.vs.sakura.ne.jp/home/ubuntu/VPSsync/01-WorkspaceSync/modelica-shared/CustomLib/NuclearSystem/.git/FETCH_HEAD' (106)
2026-01-22 03:05:42: Copy Over 'C:/Users/grabacr/VPSsync/01-WorkspaceSync/modelica-shared/CustomLib/NuclearSystem/.git/index' -> 'sftp://os3-310-44666.vs.sakura.ne.jp/home/ubuntu/VPSsync/01-WorkspaceSync/modelica-shared/CustomLib/NuclearSystem/.git/index' (122,973)
2026-01-22 03:05:42: Copy New 'C:/Users/grabacr/VPSsync/01-WorkspaceSync/modelica-shared/CustomLib/NuclearSystem/.git/objects/02/d63e2808db8c65e5a94d724da4f4347e62be22' -> 'sftp://os3-310-44666.vs.sakura.ne.jp/home/ubuntu/VPSsync/01-WorkspaceSync/modelica-shared/CustomLib/NuclearSystem/.git/objects/02/d63e2808db8c65e5a94d724da4f4347e62be22' (976)
2026-01-22 03:05:42: Copy New 'C:/Users/grabacr/VPSsync/01-WorkspaceSync/modelica-shared/CustomLib/NuclearSystem/.git/objects/03/fe0f1a13839c6481a5b922fa1d14b1cdb11acc' -> 'sftp://os3-310-44666.vs.sakura.ne.jp/home/ubuntu/VPSsync/01-WorkspaceSync/modelica-shared/CustomLib/NuclearSystem/.git/objects/03/fe0f1a13839c6481a5b922fa1d14b1cdb11acc' (976)
2026-01-22 03:05:42: Copy Over 'C:/Users/grabacr/VPSsync/01-WorkspaceSync/modelica-shared/CustomLib/NuclearSystem/.git/logs/HEAD' -> 'sftp://os3-310-44666.vs.sakura.ne.jp/home/ubuntu/VPSsync/01-WorkspaceSync/modelica-shared/CustomLib/NuclearSystem/.git/logs/HEAD' (12,222)
2026-01-22 03:05:42: Copy New 'C:/Users/grabacr/VPSsync/01-WorkspaceSync/modelica-shared/CustomLib/NuclearSystem/.git/objects/0b/05567c8e3f96261b9cc1251b4915520ca7b339' -> 'sftp://os3-310-44666.vs.sakura.ne.jp/home/ubuntu/VPSsync/01-WorkspaceSync/modelica-shared/CustomLib/NuclearSystem/.git/objects/0b/05567c8e3f96261b9cc1251b4915520ca7b339' (979)
2026-01-22 03:05:42: Copy New 'C:/Users/grabacr/VPSsync/01-WorkspaceSync/modelica-shared/CustomLib/NuclearSystem/.git/objects/10/0c7539aaa8eb257147e0e3e749d5a5b596724d' -> 'sftp://os3-310-44666.vs.sakura.ne.jp/home/ubuntu/VPSsync/01-WorkspaceSync/modelica-shared/CustomLib/NuclearSystem/.git/objects/10/0c7539aaa8eb257147e0e3e749d5a5b596724d' (977)
2026-01-22 03:05:42: Copy New 'C:/Users/grabacr/VPSsync/01-WorkspaceSync/modelica-shared/CustomLib/NuclearSystem/.git/objects/11/eb54da437b87985d3d8b0272d4319a9731a118' -> 'sftp://os3-310-44666.vs.sakura.ne.jp/home/ubuntu/VPSsync/01-WorkspaceSync/modelica-shared/CustomLib/NuclearSystem/.git/objects/11/eb54da437b87985d3d8b0272d4319a9731a118' (164)
2026-01-22 03:05:42: Copy New 'C:/Users/grabacr/VPSsync/01-WorkspaceSync/modelica-shared/CustomLib/NuclearSystem/.git/objects/16/46115dec90dd18cf4fed278f5c7c8c25e7f3d8' -> 'sftp://os3-310-44666.vs.sakura.ne.jp/home/ubuntu/VPSsync/01-WorkspaceSync/modelica-shared/CustomLib/NuclearSystem/.git/objects/16/46115dec90dd18cf4fed278f5c7c8c25e7f3d8' (190)
2026-01-22 03:05:42: Copy New 'C:/Users/grabacr/VPSsync/01-WorkspaceSync/modelica-shared/CustomLib/NuclearSystem/.git/objects/2a/b29ef526c62864433d3250a66b490083c0b557' -> 'sftp://os3-310-44666.vs.sakura.ne.jp/home/ubuntu/VPSsync/01-WorkspaceSync/modelica-shared/CustomLib/NuclearSystem/.git/objects/2a/b29ef526c62864433d3250a66b490083c0b557' (107)
2026-01-22 03:05:42: Copy New 'C:/Users/grabacr/VPSsync/01-WorkspaceSync/modelica-shared/CustomLib/NuclearSystem/.git/objects/33/ddc34e781f504ad437609a2bd64b27960051f8' -> 'sftp://os3-310-44666.vs.sakura.ne.jp/home/ubuntu/VPSsync/01-WorkspaceSync/modelica-shared/CustomLib/NuclearSystem/.git/objects/33/ddc34e781f504ad437609a2bd64b27960051f8' (110)
2026-01-22 03:05:42: Copy New 'C:/Users/grabacr/VPSsync/01-WorkspaceSync/modelica-shared/CustomLib/NuclearSystem/.git/objects/33/eb7b0031f885e7f1de63a66dc999f9c3badc59' -> 'sftp://os3-310-44666.vs.sakura.ne.jp/home/ubuntu/VPSsync/01-WorkspaceSync/modelica-shared/CustomLib/NuclearSystem/.git/objects/33/eb7b0031f885e7f1de63a66dc999f9c3badc59' (504)
2026-01-22 03:05:43: Copy New 'C:/Users/grabacr/VPSsync/01-WorkspaceSync/modelica-shared/CustomLib/NuclearSystem/.git/objects/34/172d1ed44c42f9afe6ebde682d6926f8415038' -> 'sftp://os3-310-44666.vs.sakura.ne.jp/home/ubuntu/VPSsync/01-WorkspaceSync/modelica-shared/CustomLib/NuclearSystem/.git/objects/34/172d1ed44c42f9afe6ebde682d6926f8415038' (997)
2026-01-22 03:05:43: Copy New 'C:/Users/grabacr/VPSsync/01-WorkspaceSync/modelica-shared/CustomLib/NuclearSystem/.git/objects/35/b7f8fefabf7fd7044b7d8db41ee8630c244cbd' -> 'sftp://os3-310-44666.vs.sakura.ne.jp/home/ubuntu/VPSsync/01-WorkspaceSync/modelica-shared/CustomLib/NuclearSystem/.git/objects/35/b7f8fefabf7fd7044b7d8db41ee8630c244cbd' (2,193)
2026-01-22 03:05:43: Copy New 'C:/Users/grabacr/VPSsync/01-WorkspaceSync/modelica-shared/CustomLib/NuclearSystem/.git/objects/3b/05be2fd330dcd4153bc613338d8baae83f81ba' -> 'sftp://os3-310-44666.vs.sakura.ne.jp/home/ubuntu/VPSsync/01-WorkspaceSync/modelica-shared/CustomLib/NuclearSystem/.git/objects/3b/05be2fd330dcd4153bc613338d8baae83f81ba' (375)
2026-01-22 03:05:43: Copy New 'C:/Users/grabacr/VPSsync/01-WorkspaceSync/modelica-shared/CustomLib/NuclearSystem/.git/objects/4d/d50dfbca4d68774f339ee0f28fce5971f2694a' -> 'sftp://os3-310-44666.vs.sakura.ne.jp/home/ubuntu/VPSsync/01-WorkspaceSync/modelica-shared/CustomLib/NuclearSystem/.git/objects/4d/d50dfbca4d68774f339ee0f28fce5971f2694a' (780)
2026-01-22 03:05:43: Copy New 'C:/Users/grabacr/VPSsync/01-WorkspaceSync/modelica-shared/CustomLib/NuclearSystem/.git/objects/3b/4586981963841dc9db92ba784682fc3492af09' -> 'sftp://os3-310-44666.vs.sakura.ne.jp/home/ubuntu/VPSsync/01-WorkspaceSync/modelica-shared/CustomLib/NuclearSystem/.git/objects/3b/4586981963841dc9db92ba784682fc3492af09' (971)
2026-01-22 03:05:43: Copy New 'C:/Users/grabacr/VPSsync/01-WorkspaceSync/modelica-shared/CustomLib/NuclearSystem/.git/objects/4f/45948780813d1a545192fe4a5e7d6895cc6721' -> 'sftp://os3-310-44666.vs.sakura.ne.jp/home/ubuntu/VPSsync/01-WorkspaceSync/modelica-shared/CustomLib/NuclearSystem/.git/objects/4f/45948780813d1a545192fe4a5e7d6895cc6721' (46)
2026-01-22 03:05:43: Copy New 'C:/Users/grabacr/VPSsync/01-WorkspaceSync/modelica-shared/CustomLib/NuclearSystem/.git/objects/50/ee1255e2c80f0874a850a789226cc3b2d36e94' -> 'sftp://os3-310-44666.vs.sakura.ne.jp/home/ubuntu/VPSsync/01-WorkspaceSync/modelica-shared/CustomLib/NuclearSystem/.git/objects/50/ee1255e2c80f0874a850a789226cc3b2d36e94' (779)
2026-01-22 03:05:43: Copy New 'C:/Users/grabacr/VPSsync/01-WorkspaceSync/modelica-shared/CustomLib/NuclearSystem/.git/objects/4f/4f22bd68f8df165806391734fe1e2223ec512b' -> 'sftp://os3-310-44666.vs.sakura.ne.jp/home/ubuntu/VPSsync/01-WorkspaceSync/modelica-shared/CustomLib/NuclearSystem/.git/objects/4f/4f22bd68f8df165806391734fe1e2223ec512b' (974)
2026-01-22 03:05:43: Copy New 'C:/Users/grabacr/VPSsync/01-WorkspaceSync/modelica-shared/CustomLib/NuclearSystem/.git/objects/51/54c07ce5a034679eadceff8324ea30e7999221' -> 'sftp://os3-310-44666.vs.sakura.ne.jp/home/ubuntu/VPSsync/01-WorkspaceSync/modelica-shared/CustomLib/NuclearSystem/.git/objects/51/54c07ce5a034679eadceff8324ea30e7999221' (18,072)
2026-01-22 03:05:43: Copy New 'C:/Users/grabacr/VPSsync/01-WorkspaceSync/modelica-shared/CustomLib/NuclearSystem/.git/objects/53/207b9922219f0bcbe7ba3e4593597bd4fd2762' -> 'sftp://os3-310-44666.vs.sakura.ne.jp/home/ubuntu/VPSsync/01-WorkspaceSync/modelica-shared/CustomLib/NuclearSystem/.git/objects/53/207b9922219f0bcbe7ba3e4593597bd4fd2762' (490)
2026-01-22 03:05:43: Copy New 'C:/Users/grabacr/VPSsync/01-WorkspaceSync/modelica-shared/CustomLib/NuclearSystem/.git/objects/69/2e2b09c9c0aa1f5b8d47cfb12cd066c6698d7c' -> 'sftp://os3-310-44666.vs.sakura.ne.jp/home/ubuntu/VPSsync/01-WorkspaceSync/modelica-shared/CustomLib/NuclearSystem/.git/objects/69/2e2b09c9c0aa1f5b8d47cfb12cd066c6698d7c' (1,350)
2026-01-22 03:05:43: Copy New 'C:/Users/grabacr/VPSsync/01-WorkspaceSync/modelica-shared/CustomLib/NuclearSystem/.git/objects/6a/2e88e7d9b24c9093eaa20986e3c4b33b787494' -> 'sftp://os3-310-44666.vs.sakura.ne.jp/home/ubuntu/VPSsync/01-WorkspaceSync/modelica-shared/CustomLib/NuclearSystem/.git/objects/6a/2e88e7d9b24c9093eaa20986e3c4b33b787494' (1,014)
2026-01-22 03:05:43: Copy New 'C:/Users/grabacr/VPSsync/01-WorkspaceSync/modelica-shared/CustomLib/NuclearSystem/.git/objects/69/e1c4e873c5e7224ca1cd4a6a72e890008e1829' -> 'sftp://os3-310-44666.vs.sakura.ne.jp/home/ubuntu/VPSsync/01-WorkspaceSync/modelica-shared/CustomLib/NuclearSystem/.git/objects/69/e1c4e873c5e7224ca1cd4a6a72e890008e1829' (975)
2026-01-22 03:05:43: Copy New 'C:/Users/grabacr/VPSsync/01-WorkspaceSync/modelica-shared/CustomLib/NuclearSystem/.git/objects/6c/e6980849f54241a623b056901f61eaa787c320' -> 'sftp://os3-310-44666.vs.sakura.ne.jp/home/ubuntu/VPSsync/01-WorkspaceSync/modelica-shared/CustomLib/NuclearSystem/.git/objects/6c/e6980849f54241a623b056901f61eaa787c320' (1,019)
2026-01-22 03:05:43: Copy New 'C:/Users/grabacr/VPSsync/01-WorkspaceSync/modelica-shared/CustomLib/NuclearSystem/.git/objects/71/ffb219fcde99c09c30519897c581cad5d6f41e' -> 'sftp://os3-310-44666.vs.sakura.ne.jp/home/ubuntu/VPSsync/01-WorkspaceSync/modelica-shared/CustomLib/NuclearSystem/.git/objects/71/ffb219fcde99c09c30519897c581cad5d6f41e' (6,344)
2026-01-22 03:05:43: Copy New 'C:/Users/grabacr/VPSsync/01-WorkspaceSync/modelica-shared/CustomLib/NuclearSystem/.git/objects/72/0d3c1ac8ce349fe2e8c2d0614d3b9f8f6731c4' -> 'sftp://os3-310-44666.vs.sakura.ne.jp/home/ubuntu/VPSsync/01-WorkspaceSync/modelica-shared/CustomLib/NuclearSystem/.git/objects/72/0d3c1ac8ce349fe2e8c2d0614d3b9f8f6731c4' (975)
2026-01-22 03:05:43: Copy New 'C:/Users/grabacr/VPSsync/01-WorkspaceSync/modelica-shared/CustomLib/NuclearSystem/.git/objects/79/4ec04fe0094b9a78f9f69b0eaa55b1057952b7' -> 'sftp://os3-310-44666.vs.sakura.ne.jp/home/ubuntu/VPSsync/01-WorkspaceSync/modelica-shared/CustomLib/NuclearSystem/.git/objects/79/4ec04fe0094b9a78f9f69b0eaa55b1057952b7' (1,369)
2026-01-22 03:05:43: Copy New 'C:/Users/grabacr/VPSsync/01-WorkspaceSync/modelica-shared/CustomLib/NuclearSystem/.git/objects/79/91d9bedd1080557310b6bbe653ab4cba206d2a' -> 'sftp://os3-310-44666.vs.sakura.ne.jp/home/ubuntu/VPSsync/01-WorkspaceSync/modelica-shared/CustomLib/NuclearSystem/.git/objects/79/91d9bedd1080557310b6bbe653ab4cba206d2a' (171)
2026-01-22 03:05:43: Copy New 'C:/Users/grabacr/VPSsync/01-WorkspaceSync/modelica-shared/CustomLib/NuclearSystem/.git/objects/7e/115e4078f39ad9d1170a01fc6807a009e79855' -> 'sftp://os3-310-44666.vs.sakura.ne.jp/home/ubuntu/VPSsync/01-WorkspaceSync/modelica-shared/CustomLib/NuclearSystem/.git/objects/7e/115e4078f39ad9d1170a01fc6807a009e79855' (984)
2026-01-22 03:05:44: Copy New 'C:/Users/grabacr/VPSsync/01-WorkspaceSync/modelica-shared/CustomLib/NuclearSystem/.git/objects/7f/7acb27432c9069b39a49d3524b14b8eff71554' -> 'sftp://os3-310-44666.vs.sakura.ne.jp/home/ubuntu/VPSsync/01-WorkspaceSync/modelica-shared/CustomLib/NuclearSystem/.git/objects/7f/7acb27432c9069b39a49d3524b14b8eff71554' (28)
2026-01-22 03:05:44: Copy New 'C:/Users/grabacr/VPSsync/01-WorkspaceSync/modelica-shared/CustomLib/NuclearSystem/.git/objects/82/647b3d82122e7be0609186f8b5cf1b2a243868' -> 'sftp://os3-310-44666.vs.sakura.ne.jp/home/ubuntu/VPSsync/01-WorkspaceSync/modelica-shared/CustomLib/NuclearSystem/.git/objects/82/647b3d82122e7be0609186f8b5cf1b2a243868' (587)
2026-01-22 03:05:44: Copy New 'C:/Users/grabacr/VPSsync/01-WorkspaceSync/modelica-shared/CustomLib/NuclearSystem/.git/objects/86/ba6a116a25ec69d2a87b3a1c7c606a6e630de2' -> 'sftp://os3-310-44666.vs.sakura.ne.jp/home/ubuntu/VPSsync/01-WorkspaceSync/modelica-shared/CustomLib/NuclearSystem/.git/objects/86/ba6a116a25ec69d2a87b3a1c7c606a6e630de2' (969)
2026-01-22 03:05:44: Copy New 'C:/Users/grabacr/VPSsync/01-WorkspaceSync/modelica-shared/CustomLib/NuclearSystem/.git/objects/8c/3d23c9524b0594d5513aceef1ad3c71bd895e5' -> 'sftp://os3-310-44666.vs.sakura.ne.jp/home/ubuntu/VPSsync/01-WorkspaceSync/modelica-shared/CustomLib/NuclearSystem/.git/objects/8c/3d23c9524b0594d5513aceef1ad3c71bd895e5' (980)
2026-01-22 03:05:44: Copy New 'C:/Users/grabacr/VPSsync/01-WorkspaceSync/modelica-shared/CustomLib/NuclearSystem/.git/objects/8f/9878efcfd8e8641580384f16cc158e33a913ca' -> 'sftp://os3-310-44666.vs.sakura.ne.jp/home/ubuntu/VPSsync/01-WorkspaceSync/modelica-shared/CustomLib/NuclearSystem/.git/objects/8f/9878efcfd8e8641580384f16cc158e33a913ca' (172)
2026-01-22 03:05:44: Copy New 'C:/Users/grabacr/VPSsync/01-WorkspaceSync/modelica-shared/CustomLib/NuclearSystem/.git/objects/95/826e0dce358a1454623ff4676522f94566e331' -> 'sftp://os3-310-44666.vs.sakura.ne.jp/home/ubuntu/VPSsync/01-WorkspaceSync/modelica-shared/CustomLib/NuclearSystem/.git/objects/95/826e0dce358a1454623ff4676522f94566e331' (974)
2026-01-22 03:05:44: Copy New 'C:/Users/grabacr/VPSsync/01-WorkspaceSync/modelica-shared/CustomLib/NuclearSystem/.git/objects/9c/6ede4c0857e926cec6a242b4b20ffe2261934d' -> 'sftp://os3-310-44666.vs.sakura.ne.jp/home/ubuntu/VPSsync/01-WorkspaceSync/modelica-shared/CustomLib/NuclearSystem/.git/objects/9c/6ede4c0857e926cec6a242b4b20ffe2261934d' (1,071)
2026-01-22 03:05:44: Copy New 'C:/Users/grabacr/VPSsync/01-WorkspaceSync/modelica-shared/CustomLib/NuclearSystem/.git/objects/9d/b003ce450408a3d6dbc1a46ce2dd32a7ae41b6' -> 'sftp://os3-310-44666.vs.sakura.ne.jp/home/ubuntu/VPSsync/01-WorkspaceSync/modelica-shared/CustomLib/NuclearSystem/.git/objects/9d/b003ce450408a3d6dbc1a46ce2dd32a7ae41b6' (975)
2026-01-22 03:05:44: Copy New 'C:/Users/grabacr/VPSsync/01-WorkspaceSync/modelica-shared/CustomLib/NuclearSystem/.git/objects/a1/91a9fe4ad4f048b863c6988fe4f07fe88413ea' -> 'sftp://os3-310-44666.vs.sakura.ne.jp/home/ubuntu/VPSsync/01-WorkspaceSync/modelica-shared/CustomLib/NuclearSystem/.git/objects/a1/91a9fe4ad4f048b863c6988fe4f07fe88413ea' (977)
2026-01-22 03:05:44: Copy New 'C:/Users/grabacr/VPSsync/01-WorkspaceSync/modelica-shared/CustomLib/NuclearSystem/.git/objects/ab/516bae91843ff94824cc432edf9497afbafcdd' -> 'sftp://os3-310-44666.vs.sakura.ne.jp/home/ubuntu/VPSsync/01-WorkspaceSync/modelica-shared/CustomLib/NuclearSystem/.git/objects/ab/516bae91843ff94824cc432edf9497afbafcdd' (786)
2026-01-22 03:05:44: Copy New 'C:/Users/grabacr/VPSsync/01-WorkspaceSync/modelica-shared/CustomLib/NuclearSystem/.git/objects/af/a8b247fd70b9223efcb3a9197f1e97b2f53762' -> 'sftp://os3-310-44666.vs.sakura.ne.jp/home/ubuntu/VPSsync/01-WorkspaceSync/modelica-shared/CustomLib/NuclearSystem/.git/objects/af/a8b247fd70b9223efcb3a9197f1e97b2f53762' (484)
2026-01-22 03:05:44: Copy New 'C:/Users/grabacr/VPSsync/01-WorkspaceSync/modelica-shared/CustomLib/NuclearSystem/.git/objects/b3/04c884c7e7223ab2a9460b39fd987cc0e945f0' -> 'sftp://os3-310-44666.vs.sakura.ne.jp/home/ubuntu/VPSsync/01-WorkspaceSync/modelica-shared/CustomLib/NuclearSystem/.git/objects/b3/04c884c7e7223ab2a9460b39fd987cc0e945f0' (1,034)
2026-01-22 03:05:44: Copy New 'C:/Users/grabacr/VPSsync/01-WorkspaceSync/modelica-shared/CustomLib/NuclearSystem/.git/objects/b0/06cdf02240a0e7216f02decd949b373e944b02' -> 'sftp://os3-310-44666.vs.sakura.ne.jp/home/ubuntu/VPSsync/01-WorkspaceSync/modelica-shared/CustomLib/NuclearSystem/.git/objects/b0/06cdf02240a0e7216f02decd949b373e944b02' (1,010)
2026-01-22 03:05:44: Copy New 'C:/Users/grabacr/VPSsync/01-WorkspaceSync/modelica-shared/CustomLib/NuclearSystem/.git/objects/bd/68dee3973a000a0117dceddb87b092b212aeac' -> 'sftp://os3-310-44666.vs.sakura.ne.jp/home/ubuntu/VPSsync/01-WorkspaceSync/modelica-shared/CustomLib/NuclearSystem/.git/objects/bd/68dee3973a000a0117dceddb87b092b212aeac' (1,012)
2026-01-22 03:05:44: Copy New 'C:/Users/grabacr/VPSsync/01-WorkspaceSync/modelica-shared/CustomLib/NuclearSystem/.git/objects/cb/656632ff355f5baec565a1d2d4d0af57bce47b' -> 'sftp://os3-310-44666.vs.sakura.ne.jp/home/ubuntu/VPSsync/01-WorkspaceSync/modelica-shared/CustomLib/NuclearSystem/.git/objects/cb/656632ff355f5baec565a1d2d4d0af57bce47b' (250)
2026-01-22 03:05:44: Copy New 'C:/Users/grabacr/VPSsync/01-WorkspaceSync/modelica-shared/CustomLib/NuclearSystem/.git/objects/b3/e8dc1767e769fa8384f91fb293826f511ec1c5' -> 'sftp://os3-310-44666.vs.sakura.ne.jp/home/ubuntu/VPSsync/01-WorkspaceSync/modelica-shared/CustomLib/NuclearSystem/.git/objects/b3/e8dc1767e769fa8384f91fb293826f511ec1c5' (713)
2026-01-22 03:05:44: Copy New 'C:/Users/grabacr/VPSsync/01-WorkspaceSync/modelica-shared/CustomLib/NuclearSystem/.git/objects/cc/d96f90d166a57a634a761acf31d0ba71f986c7' -> 'sftp://os3-310-44666.vs.sakura.ne.jp/home/ubuntu/VPSsync/01-WorkspaceSync/modelica-shared/CustomLib/NuclearSystem/.git/objects/cc/d96f90d166a57a634a761acf31d0ba71f986c7' (968)
2026-01-22 03:05:44: Copy New 'C:/Users/grabacr/VPSsync/01-WorkspaceSync/modelica-shared/CustomLib/NuclearSystem/.git/objects/d7/a98df02d985ae66682151527e0075dad6b565c' -> 'sftp://os3-310-44666.vs.sakura.ne.jp/home/ubuntu/VPSsync/01-WorkspaceSync/modelica-shared/CustomLib/NuclearSystem/.git/objects/d7/a98df02d985ae66682151527e0075dad6b565c' (121)
2026-01-22 03:05:44: Copy New 'C:/Users/grabacr/VPSsync/01-WorkspaceSync/modelica-shared/CustomLib/NuclearSystem/.git/objects/cf/cb810eeca15059166d524e7d9965b68c5ea150' -> 'sftp://os3-310-44666.vs.sakura.ne.jp/home/ubuntu/VPSsync/01-WorkspaceSync/modelica-shared/CustomLib/NuclearSystem/.git/objects/cf/cb810eeca15059166d524e7d9965b68c5ea150' (1,402)
2026-01-22 03:05:44: Copy New 'C:/Users/grabacr/VPSsync/01-WorkspaceSync/modelica-shared/CustomLib/NuclearSystem/.git/objects/dc/17ca30c6b4f09e8b2fc98c3dddb0e547596aca' -> 'sftp://os3-310-44666.vs.sakura.ne.jp/home/ubuntu/VPSsync/01-WorkspaceSync/modelica-shared/CustomLib/NuclearSystem/.git/objects/dc/17ca30c6b4f09e8b2fc98c3dddb0e547596aca' (779)
2026-01-22 03:05:45: Copy New 'C:/Users/grabacr/VPSsync/01-WorkspaceSync/modelica-shared/CustomLib/NuclearSystem/.git/objects/e5/58ea97af3fa6738926a8b91550f2c8145ba578' -> 'sftp://os3-310-44666.vs.sakura.ne.jp/home/ubuntu/VPSsync/01-WorkspaceSync/modelica-shared/CustomLib/NuclearSystem/.git/objects/e5/58ea97af3fa6738926a8b91550f2c8145ba578' (1,014)
2026-01-22 03:05:45: Copy New 'C:/Users/grabacr/VPSsync/01-WorkspaceSync/modelica-shared/CustomLib/NuclearSystem/.git/objects/dc/5710afb536111e1047aac9e6ebf12735866984' -> 'sftp://os3-310-44666.vs.sakura.ne.jp/home/ubuntu/VPSsync/01-WorkspaceSync/modelica-shared/CustomLib/NuclearSystem/.git/objects/dc/5710afb536111e1047aac9e6ebf12735866984' (993)
2026-01-22 03:05:45: Copy New 'C:/Users/grabacr/VPSsync/01-WorkspaceSync/modelica-shared/CustomLib/NuclearSystem/.git/objects/e8/95065b963f47eac124b6c21cb4f8105ca4b476' -> 'sftp://os3-310-44666.vs.sakura.ne.jp/home/ubuntu/VPSsync/01-WorkspaceSync/modelica-shared/CustomLib/NuclearSystem/.git/objects/e8/95065b963f47eac124b6c21cb4f8105ca4b476' (668)
2026-01-22 03:05:45: Copy New 'C:/Users/grabacr/VPSsync/01-WorkspaceSync/modelica-shared/CustomLib/NuclearSystem/.git/objects/f0/f0d0bf4a3076a8366ad5943a594b7af440f51d' -> 'sftp://os3-310-44666.vs.sakura.ne.jp/home/ubuntu/VPSsync/01-WorkspaceSync/modelica-shared/CustomLib/NuclearSystem/.git/objects/f0/f0d0bf4a3076a8366ad5943a594b7af440f51d' (970)
2026-01-22 03:05:45: Copy New 'C:/Users/grabacr/VPSsync/01-WorkspaceSync/modelica-shared/CustomLib/NuclearSystem/.git/objects/f2/f740ea31e4efca074ff4d1ab9e84bde1b2b0fb' -> 'sftp://os3-310-44666.vs.sakura.ne.jp/home/ubuntu/VPSsync/01-WorkspaceSync/modelica-shared/CustomLib/NuclearSystem/.git/objects/f2/f740ea31e4efca074ff4d1ab9e84bde1b2b0fb' (1,380)
2026-01-22 03:05:45: Copy New 'C:/Users/grabacr/VPSsync/01-WorkspaceSync/modelica-shared/CustomLib/NuclearSystem/.git/objects/f4/d1d076f81f684675eab511ddb36321ab99770a' -> 'sftp://os3-310-44666.vs.sakura.ne.jp/home/ubuntu/VPSsync/01-WorkspaceSync/modelica-shared/CustomLib/NuclearSystem/.git/objects/f4/d1d076f81f684675eab511ddb36321ab99770a' (780)
2026-01-22 03:05:45: Copy New 'C:/Users/grabacr/VPSsync/01-WorkspaceSync/modelica-shared/CustomLib/NuclearSystem/.git/objects/ec/296795d8c3d6dae992038866764a84dc31aa52' -> 'sftp://os3-310-44666.vs.sakura.ne.jp/home/ubuntu/VPSsync/01-WorkspaceSync/modelica-shared/CustomLib/NuclearSystem/.git/objects/ec/296795d8c3d6dae992038866764a84dc31aa52' (176,070)
2026-01-22 03:05:45: Copy Over 'C:/Users/grabacr/VPSsync/01-WorkspaceSync/modelica-shared/CustomLib/NuclearSystem/.git/logs/refs/heads/main' -> 'sftp://os3-310-44666.vs.sakura.ne.jp/home/ubuntu/VPSsync/01-WorkspaceSync/modelica-shared/CustomLib/NuclearSystem/.git/logs/refs/heads/main' (12,222)
2026-01-22 03:05:45: Copy Over 'C:/Users/grabacr/VPSsync/01-WorkspaceSync/modelica-shared/CustomLib/NuclearSystem/.git/refs/heads/main' -> 'sftp://os3-310-44666.vs.sakura.ne.jp/home/ubuntu/VPSsync/01-WorkspaceSync/modelica-shared/CustomLib/NuclearSystem/.git/refs/heads/main' (41)
2026-01-22 03:05:45: Copy Over 'C:/Users/grabacr/VPSsync/01-WorkspaceSync/modelica-shared/CustomLib/NuclearSystem/.git/sourcetreeconfig.json' -> 'sftp://os3-310-44666.vs.sakura.ne.jp/home/ubuntu/VPSsync/01-WorkspaceSync/modelica-shared/CustomLib/NuclearSystem/.git/sourcetreeconfig.json' (833)
2026-01-22 03:05:45: Copy Over 'C:/Users/grabacr/VPSsync/01-WorkspaceSync/modelica-shared/CustomLib/NuclearSystem/.git/logs/refs/remotes/origin/main' -> 'sftp://os3-310-44666.vs.sakura.ne.jp/home/ubuntu/VPSsync/01-WorkspaceSync/modelica-shared/CustomLib/NuclearSystem/.git/logs/refs/remotes/origin/main' (9,497)
2026-01-22 03:05:45: Copy Over 'C:/Users/grabacr/VPSsync/01-WorkspaceSync/modelica-shared/CustomLib/NuclearSystem/.git/refs/remotes/origin/main' -> 'sftp://os3-310-44666.vs.sakura.ne.jp/home/ubuntu/VPSsync/01-WorkspaceSync/modelica-shared/CustomLib/NuclearSystem/.git/refs/remotes/origin/main' (41)
2026-01-22 03:05:46: Save State File C:/Users/grabacr/VPSsync/01-WorkspaceSync/modelica-shared/CustomLib/NuclearSystem/_gsdata_/_file_state_v4._gs
2026-01-22 03:05:46: Save State File sftp://os3-310-44666.vs.sakura.ne.jp/home/ubuntu/VPSsync/01-WorkspaceSync/modelica-shared/CustomLib/NuclearSystem/_gsdata_/_file_state_v4._gs
2026-01-22 03:05:57: == Sync Complete. Time: 00:00:17, Speed: 98.48 KB/s, OK: 64, Errors: 0
