2026-01-06 06:44:58: Server: SSH-2.0-OpenSSH_9.6p1 Ubuntu-3ubuntu13.14
2026-01-06 06:44:58: Server KEXes: sntrup761x25519-sha512@openssh.com,curve25519-sha256,curve25519-sha256@libssh.org,ecdh-sha2-nistp256,ecdh-sha2-nistp384,ecdh-sha2-nistp521,diffie-hellman-group-exchange-sha256,diffie-hellman-group16-sha512,diffie-hellman-group18-sha512,diffie-hellman-group14-sha256,ext-info-s,kex-strict-s-v00@openssh.com
2026-01-06 06:44:58: Server Host Keys: rsa-sha2-512,rsa-sha2-256,ecdsa-sha2-nistp256,ssh-ed25519
2026-01-06 06:44:58: Chosen Host Key: ssh-ed25519
2026-01-06 06:44:58: Ciphers: chacha20-poly1305@openssh.com,aes128-ctr,aes192-ctr,aes256-ctr,aes128-gcm@openssh.com,aes256-gcm@openssh.com
2026-01-06 06:44:58: MACs: umac-64-etm@openssh.com,umac-128-etm@openssh.com,hmac-sha2-256-etm@openssh.com,hmac-sha2-512-etm@openssh.com,hmac-sha1-etm@openssh.com,umac-64@openssh.com,umac-128@openssh.com,hmac-sha2-256,hmac-sha2-512,hmac-sha1
2026-01-06 06:44:58: Auth: start: publickey
2026-01-06 06:44:58: Auth: publickey: no keys available
2026-01-06 06:44:58: Auth: start: password
2026-01-06 06:45:00: -- Analysis Started by On File Change, After Delay
2026-01-06 06:45:00: L: State File has changed, so re-read it: C:/Users/grabacr/VPSsync/01-WorkspaceSync/modelica-shared/CustomLib/NuclearSystem/_gsdata_/_file_state_v4._gs
2026-01-06 06:45:00: L: Reading State File C:/Users/grabacr/VPSsync/01-WorkspaceSync/modelica-shared/CustomLib/NuclearSystem/_gsdata_/_file_state_v4._gs
2026-01-06 06:45:00: R: State File has changed, so re-read it: sftp://os3-310-44666.vs.sakura.ne.jp/home/ubuntu/VPSsync/01-WorkspaceSync/modelica-shared/CustomLib/NuclearSystem/_gsdata_/_file_state_v4._gs
2026-01-06 06:45:00: R: Reading State File sftp://os3-310-44666.vs.sakura.ne.jp/home/ubuntu/VPSsync/01-WorkspaceSync/modelica-shared/CustomLib/NuclearSystem/_gsdata_/_file_state_v4._gs
2026-01-06 06:45:00: /.git/COMMIT_EDITMSG: R:TimeSize<>; Warning: Older file to replace Newer file
2026-01-06 06:45:00: /.git/index: R:TimeSize<>; Warning: Older file to replace Newer file
2026-01-06 06:45:00: /.git/logs/HEAD: R:TimeSize<>; Warning: Older file to replace Newer file
2026-01-06 06:45:00: /.git/logs/refs/heads/main: R:TimeSize<>; Warning: Older file to replace Newer file
2026-01-06 06:45:00: /.git/logs/refs/remotes/origin/main: R:TimeSize<>; Warning: Older file to replace Newer file
2026-01-06 06:45:00: /.git/objects/2e/e872822c687e4312d64cb42e563db9d3ef8063: R:TimeSize<>; Warning: Older file to replace Newer file
2026-01-06 06:45:00: /.git/objects/37/d8a05eb70efeb946b48f33811ca6e8f64c3b42: R:TimeSize<>; Warning: Older file to replace Newer file
2026-01-06 06:45:00: /.git/objects/4a/9c5b75d503aa637191b71c616771dd649f7ffd: R:TimeSize<>; Warning: Older file to replace Newer file
2026-01-06 06:45:00: /.git/objects/70/480557ea5bdfeead7b7fda103bf045f2798477: R:TimeSize<>; Warning: Older file to replace Newer file
2026-01-06 06:45:00: /.git/objects/7a/879a3e886cca03aa856e7397df35dd06153c01: R:TimeSize<>; Warning: Older file to replace Newer file
2026-01-06 06:45:00: /.git/objects/8c/bc58c89e360cce67d266fc7ca53db6cf2b338e: R:TimeSize<>; Warning: Older file to replace Newer file
2026-01-06 06:45:00: /.git/objects/97/e804d2347ab7791f06265bc8101dd28b9b08af: R:TimeSize<>; Warning: Older file to replace Newer file
2026-01-06 06:45:00: /.git/objects/aa/abf1ae5d434aae1949a74782b274d9a74ebc5f: R:TimeSize<>; Warning: Older file to replace Newer file
2026-01-06 06:45:00: /.git/objects/c6/6477eda42bc960b25b0fe8f5ca59b7b7979deb: R:TimeSize<>; Warning: Older file to replace Newer file
2026-01-06 06:45:00: /.git/objects/de/becf75b491495071d05847d850f497bf1ec0fd: R:TimeSize<>; Warning: Older file to replace Newer file
2026-01-06 06:45:00: /.git/objects/f5/83853779168efde61338b6f780c4d9d55fbcdc: R:TimeSize<>; Warning: Older file to replace Newer file
2026-01-06 06:45:00: /.git/objects/f9/2975f6f0898108bcf01ad867d84fac37d5e05c: R:TimeSize<>; Warning: Older file to replace Newer file
2026-01-06 06:45:00: /.git/refs/heads/main: R:TimeSize<>; Warning: Older file to replace Newer file
2026-01-06 06:45:00: /.git/refs/remotes/origin/main: R:TimeSize<>; Warning: Older file to replace Newer file
2026-01-06 06:45:00: /.git/sourcetreeconfig.json: R:TimeSize<>; Warning: Older file to replace Newer file
2026-01-06 06:45:00: /Kinetics/Components/dVolByThermalLinearExpansion.mo: R:TimeSize<>; Warning: Older file to replace Newer file
2026-01-06 06:45:00: /Kinetics/Components/KineticReactor_00.mo: R:TimeSize<>; Warning: Older file to replace Newer file
2026-01-06 06:45:00: /Kinetics/Components/package.order: R:TimeSize<>; Warning: Older file to replace Newer file
2026-01-06 06:45:00: /Kinetics/Examples/EngineeringStudyModels/KineticReactorWithVolumeFeedback_01.mo: R:TimeSize<>; Warning: Older file to replace Newer file
2026-01-06 06:45:00: /Kinetics/Examples/EngineeringStudyModels/package.order: R:TimeSize<>; Warning: Older file to replace Newer file
2026-01-06 06:45:00: Changes: 50, Conflicts: 0, CopyTime: 0, FixState: 0, Errors: 0, All: 3112
2026-01-06 06:45:00: Right to Left: Copy File: 25 Delete File: 25 
2026-01-06 06:45:00: == Sync Started by On File Change, After Delay
2026-01-06 06:45:00: ConnectCloned connected to file:///~grabacr/VPSsync/01-WorkspaceSync/modelica-shared/CustomLib/NuclearSystem
2026-01-06 06:45:00: ConnectCloned connected to file:///~grabacr/VPSsync/01-WorkspaceSync/modelica-shared/CustomLib/NuclearSystem
2026-01-06 06:45:00: ConnectCloned connected to file:///~grabacr/VPSsync/01-WorkspaceSync/modelica-shared/CustomLib/NuclearSystem
2026-01-06 06:45:00: Server: SSH-2.0-OpenSSH_9.6p1 Ubuntu-3ubuntu13.14
2026-01-06 06:45:00: Server KEXes: sntrup761x25519-sha512@openssh.com,curve25519-sha256,curve25519-sha256@libssh.org,ecdh-sha2-nistp256,ecdh-sha2-nistp384,ecdh-sha2-nistp521,diffie-hellman-group-exchange-sha256,diffie-hellman-group16-sha512,diffie-hellman-group18-sha512,diffie-hellman-group14-sha256,ext-info-s,kex-strict-s-v00@openssh.com
2026-01-06 06:45:00: Server Host Keys: rsa-sha2-512,rsa-sha2-256,ecdsa-sha2-nistp256,ssh-ed25519
2026-01-06 06:45:00: Chosen Host Key: ssh-ed25519
2026-01-06 06:45:00: Ciphers: chacha20-poly1305@openssh.com,aes128-ctr,aes192-ctr,aes256-ctr,aes128-gcm@openssh.com,aes256-gcm@openssh.com
2026-01-06 06:45:00: MACs: umac-64-etm@openssh.com,umac-128-etm@openssh.com,hmac-sha2-256-etm@openssh.com,hmac-sha2-512-etm@openssh.com,hmac-sha1-etm@openssh.com,umac-64@openssh.com,umac-128@openssh.com,hmac-sha2-256,hmac-sha2-512,hmac-sha1
2026-01-06 06:45:00: Server: SSH-2.0-OpenSSH_9.6p1 Ubuntu-3ubuntu13.14
2026-01-06 06:45:00: Server: SSH-2.0-OpenSSH_9.6p1 Ubuntu-3ubuntu13.14
2026-01-06 06:45:00: Server KEXes: sntrup761x25519-sha512@openssh.com,curve25519-sha256,curve25519-sha256@libssh.org,ecdh-sha2-nistp256,ecdh-sha2-nistp384,ecdh-sha2-nistp521,diffie-hellman-group-exchange-sha256,diffie-hellman-group16-sha512,diffie-hellman-group18-sha512,diffie-hellman-group14-sha256,ext-info-s,kex-strict-s-v00@openssh.com
2026-01-06 06:45:00: Server KEXes: sntrup761x25519-sha512@openssh.com,curve25519-sha256,curve25519-sha256@libssh.org,ecdh-sha2-nistp256,ecdh-sha2-nistp384,ecdh-sha2-nistp521,diffie-hellman-group-exchange-sha256,diffie-hellman-group16-sha512,diffie-hellman-group18-sha512,diffie-hellman-group14-sha256,ext-info-s,kex-strict-s-v00@openssh.com
2026-01-06 06:45:00: Server Host Keys: rsa-sha2-512,rsa-sha2-256,ecdsa-sha2-nistp256,ssh-ed25519
2026-01-06 06:45:00: Chosen Host Key: ssh-ed25519
2026-01-06 06:45:00: Server Host Keys: rsa-sha2-512,rsa-sha2-256,ecdsa-sha2-nistp256,ssh-ed25519
2026-01-06 06:45:00: Chosen Host Key: ssh-ed25519
2026-01-06 06:45:00: Ciphers: chacha20-poly1305@openssh.com,aes128-ctr,aes192-ctr,aes256-ctr,aes128-gcm@openssh.com,aes256-gcm@openssh.com
2026-01-06 06:45:00: Ciphers: chacha20-poly1305@openssh.com,aes128-ctr,aes192-ctr,aes256-ctr,aes128-gcm@openssh.com,aes256-gcm@openssh.com
2026-01-06 06:45:00: MACs: umac-64-etm@openssh.com,umac-128-etm@openssh.com,hmac-sha2-256-etm@openssh.com,hmac-sha2-512-etm@openssh.com,hmac-sha1-etm@openssh.com,umac-64@openssh.com,umac-128@openssh.com,hmac-sha2-256,hmac-sha2-512,hmac-sha1
2026-01-06 06:45:00: MACs: umac-64-etm@openssh.com,umac-128-etm@openssh.com,hmac-sha2-256-etm@openssh.com,hmac-sha2-512-etm@openssh.com,hmac-sha1-etm@openssh.com,umac-64@openssh.com,umac-128@openssh.com,hmac-sha2-256,hmac-sha2-512,hmac-sha1
2026-01-06 06:45:00: Auth: start: publickey
2026-01-06 06:45:00: Auth: publickey: no keys available
2026-01-06 06:45:00: Auth: start: password
2026-01-06 06:45:00: Auth: start: publickey
2026-01-06 06:45:00: Auth: start: publickey
2026-01-06 06:45:00: Auth: publickey: no keys available
2026-01-06 06:45:00: Auth: start: password
2026-01-06 06:45:00: Auth: publickey: no keys available
2026-01-06 06:45:00: Auth: start: password
2026-01-06 06:45:01: GsConnectAndSetRoot1 connected to sftp://os3-310-44666.vs.sakura.ne.jp/home/ubuntu/VPSsync/01-WorkspaceSync/modelica-shared/CustomLib/NuclearSystem
2026-01-06 06:45:02: GsConnectAndSetRoot1 connected to sftp://os3-310-44666.vs.sakura.ne.jp/home/ubuntu/VPSsync/01-WorkspaceSync/modelica-shared/CustomLib/NuclearSystem
2026-01-06 06:45:02: GsConnectAndSetRoot1 connected to sftp://os3-310-44666.vs.sakura.ne.jp/home/ubuntu/VPSsync/01-WorkspaceSync/modelica-shared/CustomLib/NuclearSystem
2026-01-06 06:45:02: Delete File C:/Users/grabacr/VPSsync/01-WorkspaceSync/modelica-shared/CustomLib/NuclearSystem/.git/objects/10/e3440095aef4740828caea90a2bb1a39eb0211
2026-01-06 06:45:02: Delete File C:/Users/grabacr/VPSsync/01-WorkspaceSync/modelica-shared/CustomLib/NuclearSystem/.git/objects/17/2cc0bcb063072a8ddccc63db584651cf491f2f
2026-01-06 06:45:02: Delete File C:/Users/grabacr/VPSsync/01-WorkspaceSync/modelica-shared/CustomLib/NuclearSystem/.git/objects/22/7290dac6dd74438f1f1fab59a7f8ea63479eaf
2026-01-06 06:45:02: Copy Over 'sftp://os3-310-44666.vs.sakura.ne.jp/home/ubuntu/VPSsync/01-WorkspaceSync/modelica-shared/CustomLib/NuclearSystem/.git/COMMIT_EDITMSG' -> 'C:/Users/grabacr/VPSsync/01-WorkspaceSync/modelica-shared/CustomLib/NuclearSystem/.git/COMMIT_EDITMSG' (11)
2026-01-06 06:45:02: Copy Over 'sftp://os3-310-44666.vs.sakura.ne.jp/home/ubuntu/VPSsync/01-WorkspaceSync/modelica-shared/CustomLib/NuclearSystem/.git/objects/2e/e872822c687e4312d64cb42e563db9d3ef8063' -> 'C:/Users/grabacr/VPSsync/01-WorkspaceSync/modelica-shared/CustomLib/NuclearSystem/.git/objects/2e/e872822c687e4312d64cb42e563db9d3ef8063' (149)
2026-01-06 06:45:02: Delete File C:/Users/grabacr/VPSsync/01-WorkspaceSync/modelica-shared/CustomLib/NuclearSystem/.git/objects/39/8e40b93a35051818e78ad2f7e7cd21e2fed7dd
2026-01-06 06:45:02: Copy Over 'sftp://os3-310-44666.vs.sakura.ne.jp/home/ubuntu/VPSsync/01-WorkspaceSync/modelica-shared/CustomLib/NuclearSystem/.git/objects/37/d8a05eb70efeb946b48f33811ca6e8f64c3b42' -> 'C:/Users/grabacr/VPSsync/01-WorkspaceSync/modelica-shared/CustomLib/NuclearSystem/.git/objects/37/d8a05eb70efeb946b48f33811ca6e8f64c3b42' (721)
2026-01-06 06:45:02: Delete File C:/Users/grabacr/VPSsync/01-WorkspaceSync/modelica-shared/CustomLib/NuclearSystem/.git/objects/4c/f30a81643fea3136b8ee86a824fa611f5bf427
2026-01-06 06:45:02: Delete File C:/Users/grabacr/VPSsync/01-WorkspaceSync/modelica-shared/CustomLib/NuclearSystem/.git/objects/4f/fe603c90318daa68cdef1dbe8f325e386f8298
2026-01-06 06:45:02: Delete File C:/Users/grabacr/VPSsync/01-WorkspaceSync/modelica-shared/CustomLib/NuclearSystem/.git/objects/50/f3e0dad71d3e4644c13a3e564f27d21564fb2c
2026-01-06 06:45:02: Delete File C:/Users/grabacr/VPSsync/01-WorkspaceSync/modelica-shared/CustomLib/NuclearSystem/.git/objects/5f/0c104fce40c2f1abb3938858b273f8fed153b9
2026-01-06 06:45:02: Delete File C:/Users/grabacr/VPSsync/01-WorkspaceSync/modelica-shared/CustomLib/NuclearSystem/.git/objects/5f/f68398ceaa433c1f0b83b0ed9164cba9ab8b9a
2026-01-06 06:45:02: Delete File C:/Users/grabacr/VPSsync/01-WorkspaceSync/modelica-shared/CustomLib/NuclearSystem/.git/objects/54/2f514bb732ffdbb275b5d64416845869e668c7
2026-01-06 06:45:02: Delete File C:/Users/grabacr/VPSsync/01-WorkspaceSync/modelica-shared/CustomLib/NuclearSystem/.git/objects/61/5e738e42fb53449089fdbfcce46ebf32e44c7c
2026-01-06 06:45:02: Delete File C:/Users/grabacr/VPSsync/01-WorkspaceSync/modelica-shared/CustomLib/NuclearSystem/.git/objects/6e/390986c6a0b3b7597da50682845fd1154abe3a
2026-01-06 06:45:02: Delete File C:/Users/grabacr/VPSsync/01-WorkspaceSync/modelica-shared/CustomLib/NuclearSystem/.git/objects/61/e96e0684d16f67a2c18549700be8a907dd8642
2026-01-06 06:45:02: Copy Over 'sftp://os3-310-44666.vs.sakura.ne.jp/home/ubuntu/VPSsync/01-WorkspaceSync/modelica-shared/CustomLib/NuclearSystem/.git/index' -> 'C:/Users/grabacr/VPSsync/01-WorkspaceSync/modelica-shared/CustomLib/NuclearSystem/.git/index' (150,125)
2026-01-06 06:45:02: Copy Over 'sftp://os3-310-44666.vs.sakura.ne.jp/home/ubuntu/VPSsync/01-WorkspaceSync/modelica-shared/CustomLib/NuclearSystem/.git/objects/4a/9c5b75d503aa637191b71c616771dd649f7ffd' -> 'C:/Users/grabacr/VPSsync/01-WorkspaceSync/modelica-shared/CustomLib/NuclearSystem/.git/objects/4a/9c5b75d503aa637191b71c616771dd649f7ffd' (275)
2026-01-06 06:45:02: Delete File C:/Users/grabacr/VPSsync/01-WorkspaceSync/modelica-shared/CustomLib/NuclearSystem/.git/objects/7c/59748e633d907f5905e224ca3157a2e64b27d4
2026-01-06 06:45:02: Delete File C:/Users/grabacr/VPSsync/01-WorkspaceSync/modelica-shared/CustomLib/NuclearSystem/.git/objects/8a/4b2e1288a84843b88dc147f87d12df013fb478
2026-01-06 06:45:02: Copy Over 'sftp://os3-310-44666.vs.sakura.ne.jp/home/ubuntu/VPSsync/01-WorkspaceSync/modelica-shared/CustomLib/NuclearSystem/.git/objects/70/480557ea5bdfeead7b7fda103bf045f2798477' -> 'C:/Users/grabacr/VPSsync/01-WorkspaceSync/modelica-shared/CustomLib/NuclearSystem/.git/objects/70/480557ea5bdfeead7b7fda103bf045f2798477' (120)
2026-01-06 06:45:02: Delete File C:/Users/grabacr/VPSsync/01-WorkspaceSync/modelica-shared/CustomLib/NuclearSystem/.git/objects/93/5b4f3fc997aad7d5c3f82d64a1c7289441f0dc
2026-01-06 06:45:02: Delete File C:/Users/grabacr/VPSsync/01-WorkspaceSync/modelica-shared/CustomLib/NuclearSystem/.git/objects/94/8dc1af66ebd47b29ad62b1ab99e8dc8ea88504
2026-01-06 06:45:02: Copy Over 'sftp://os3-310-44666.vs.sakura.ne.jp/home/ubuntu/VPSsync/01-WorkspaceSync/modelica-shared/CustomLib/NuclearSystem/.git/objects/7a/879a3e886cca03aa856e7397df35dd06153c01' -> 'C:/Users/grabacr/VPSsync/01-WorkspaceSync/modelica-shared/CustomLib/NuclearSystem/.git/objects/7a/879a3e886cca03aa856e7397df35dd06153c01' (152)
2026-01-06 06:45:02: Delete File C:/Users/grabacr/VPSsync/01-WorkspaceSync/modelica-shared/CustomLib/NuclearSystem/.git/objects/9f/4f25e396ae1abf131ed28132315733dd85fced
2026-01-06 06:45:02: Copy Over 'sftp://os3-310-44666.vs.sakura.ne.jp/home/ubuntu/VPSsync/01-WorkspaceSync/modelica-shared/CustomLib/NuclearSystem/.git/objects/8c/bc58c89e360cce67d266fc7ca53db6cf2b338e' -> 'C:/Users/grabacr/VPSsync/01-WorkspaceSync/modelica-shared/CustomLib/NuclearSystem/.git/objects/8c/bc58c89e360cce67d266fc7ca53db6cf2b338e' (165)
2026-01-06 06:45:02: Delete File C:/Users/grabacr/VPSsync/01-WorkspaceSync/modelica-shared/CustomLib/NuclearSystem/.git/objects/9f/64ba7a1b448f84c5bd138dfcf4e6a97870c246
2026-01-06 06:45:02: Delete File C:/Users/grabacr/VPSsync/01-WorkspaceSync/modelica-shared/CustomLib/NuclearSystem/.git/objects/9f/73287189cf803e0bfacb07e9da3ee7cce99820
2026-01-06 06:45:02: Delete File C:/Users/grabacr/VPSsync/01-WorkspaceSync/modelica-shared/CustomLib/NuclearSystem/.git/objects/b2/1269cee7b1fe3eb481cd711e7f9776eb518ef9
2026-01-06 06:45:02: Delete File C:/Users/grabacr/VPSsync/01-WorkspaceSync/modelica-shared/CustomLib/NuclearSystem/.git/objects/bc/d9d6abc8912194c99e40804b5fb4a5e34343a7
2026-01-06 06:45:02: Copy Over 'sftp://os3-310-44666.vs.sakura.ne.jp/home/ubuntu/VPSsync/01-WorkspaceSync/modelica-shared/CustomLib/NuclearSystem/.git/objects/97/e804d2347ab7791f06265bc8101dd28b9b08af' -> 'C:/Users/grabacr/VPSsync/01-WorkspaceSync/modelica-shared/CustomLib/NuclearSystem/.git/objects/97/e804d2347ab7791f06265bc8101dd28b9b08af' (272)
2026-01-06 06:45:02: Copy Over 'sftp://os3-310-44666.vs.sakura.ne.jp/home/ubuntu/VPSsync/01-WorkspaceSync/modelica-shared/CustomLib/NuclearSystem/.git/objects/aa/abf1ae5d434aae1949a74782b274d9a74ebc5f' -> 'C:/Users/grabacr/VPSsync/01-WorkspaceSync/modelica-shared/CustomLib/NuclearSystem/.git/objects/aa/abf1ae5d434aae1949a74782b274d9a74ebc5f' (245)
2026-01-06 06:45:02: Delete File C:/Users/grabacr/VPSsync/01-WorkspaceSync/modelica-shared/CustomLib/NuclearSystem/.git/objects/e1/bf5c484af90748ec2fb6bd2ca588f08f0c2666
2026-01-06 06:45:02: Copy Over 'sftp://os3-310-44666.vs.sakura.ne.jp/home/ubuntu/VPSsync/01-WorkspaceSync/modelica-shared/CustomLib/NuclearSystem/.git/objects/c6/6477eda42bc960b25b0fe8f5ca59b7b7979deb' -> 'C:/Users/grabacr/VPSsync/01-WorkspaceSync/modelica-shared/CustomLib/NuclearSystem/.git/objects/c6/6477eda42bc960b25b0fe8f5ca59b7b7979deb' (731)
2026-01-06 06:45:02: Delete File C:/Users/grabacr/VPSsync/01-WorkspaceSync/modelica-shared/CustomLib/NuclearSystem/.git/objects/ee/9ca8c60449c32db96af5d1530b55a45ac0d148
2026-01-06 06:45:02: Delete File C:/Users/grabacr/VPSsync/01-WorkspaceSync/modelica-shared/CustomLib/NuclearSystem/.git/objects/f2/e906fc1364e286bc420ce599c29810e1f74af1
2026-01-06 06:45:02: Copy Over 'sftp://os3-310-44666.vs.sakura.ne.jp/home/ubuntu/VPSsync/01-WorkspaceSync/modelica-shared/CustomLib/NuclearSystem/.git/objects/de/becf75b491495071d05847d850f497bf1ec0fd' -> 'C:/Users/grabacr/VPSsync/01-WorkspaceSync/modelica-shared/CustomLib/NuclearSystem/.git/objects/de/becf75b491495071d05847d850f497bf1ec0fd' (865)
2026-01-06 06:45:02: Copy Over 'sftp://os3-310-44666.vs.sakura.ne.jp/home/ubuntu/VPSsync/01-WorkspaceSync/modelica-shared/CustomLib/NuclearSystem/.git/objects/f5/83853779168efde61338b6f780c4d9d55fbcdc' -> 'C:/Users/grabacr/VPSsync/01-WorkspaceSync/modelica-shared/CustomLib/NuclearSystem/.git/objects/f5/83853779168efde61338b6f780c4d9d55fbcdc' (207)
2026-01-06 06:45:02: Copy Over 'sftp://os3-310-44666.vs.sakura.ne.jp/home/ubuntu/VPSsync/01-WorkspaceSync/modelica-shared/CustomLib/NuclearSystem/.git/logs/HEAD' -> 'C:/Users/grabacr/VPSsync/01-WorkspaceSync/modelica-shared/CustomLib/NuclearSystem/.git/logs/HEAD' (9,762)
2026-01-06 06:45:02: Copy Over 'sftp://os3-310-44666.vs.sakura.ne.jp/home/ubuntu/VPSsync/01-WorkspaceSync/modelica-shared/CustomLib/NuclearSystem/.git/objects/f9/2975f6f0898108bcf01ad867d84fac37d5e05c' -> 'C:/Users/grabacr/VPSsync/01-WorkspaceSync/modelica-shared/CustomLib/NuclearSystem/.git/objects/f9/2975f6f0898108bcf01ad867d84fac37d5e05c' (308)
2026-01-06 06:45:02: Copy Over 'sftp://os3-310-44666.vs.sakura.ne.jp/home/ubuntu/VPSsync/01-WorkspaceSync/modelica-shared/CustomLib/NuclearSystem/.git/refs/heads/main' -> 'C:/Users/grabacr/VPSsync/01-WorkspaceSync/modelica-shared/CustomLib/NuclearSystem/.git/refs/heads/main' (41)
2026-01-06 06:45:02: Copy Over 'sftp://os3-310-44666.vs.sakura.ne.jp/home/ubuntu/VPSsync/01-WorkspaceSync/modelica-shared/CustomLib/NuclearSystem/.git/refs/remotes/origin/main' -> 'C:/Users/grabacr/VPSsync/01-WorkspaceSync/modelica-shared/CustomLib/NuclearSystem/.git/refs/remotes/origin/main' (41)
2026-01-06 06:45:02: sftp://os3-310-44666.vs.sakura.ne.jp/home/ubuntu/VPSsync/01-WorkspaceSync/modelica-shared/CustomLib/NuclearSystem/.git/sourcetreeconfig.json: Downloaded 831 bytes, LESS than expected 886 bytes
2026-01-06 06:45:02: Copy Over 'sftp://os3-310-44666.vs.sakura.ne.jp/home/ubuntu/VPSsync/01-WorkspaceSync/modelica-shared/CustomLib/NuclearSystem/.git/logs/refs/heads/main' -> 'C:/Users/grabacr/VPSsync/01-WorkspaceSync/modelica-shared/CustomLib/NuclearSystem/.git/logs/refs/heads/main' (9,762)
2026-01-06 06:45:02: Copy Over 'sftp://os3-310-44666.vs.sakura.ne.jp/home/ubuntu/VPSsync/01-WorkspaceSync/modelica-shared/CustomLib/NuclearSystem/.git/logs/refs/remotes/origin/main' -> 'C:/Users/grabacr/VPSsync/01-WorkspaceSync/modelica-shared/CustomLib/NuclearSystem/.git/logs/refs/remotes/origin/main' (8,217)
2026-01-06 06:45:03: Copy Over 'sftp://os3-310-44666.vs.sakura.ne.jp/home/ubuntu/VPSsync/01-WorkspaceSync/modelica-shared/CustomLib/NuclearSystem/Kinetics/Components/dVolByThermalLinearExpansion.mo' -> 'C:/Users/grabacr/VPSsync/01-WorkspaceSync/modelica-shared/CustomLib/NuclearSystem/Kinetics/Components/dVolByThermalLinearExpansion.mo' (2,265)
2026-01-06 06:45:03: sftp://os3-310-44666.vs.sakura.ne.jp/home/ubuntu/VPSsync/01-WorkspaceSync/modelica-shared/CustomLib/NuclearSystem/.git/sourcetreeconfig.json: Source file has changed between Analyze and Sync from '[file] size=886 accu-time=2026-01-06 06:40:46 attr=Archive,WArchive cktype=0' to 'size=831 time=2026-01-06 06:40:46', noted in source file state
2026-01-06 06:45:03: Copy Over 'sftp://os3-310-44666.vs.sakura.ne.jp/home/ubuntu/VPSsync/01-WorkspaceSync/modelica-shared/CustomLib/NuclearSystem/.git/sourcetreeconfig.json' -> 'C:/Users/grabacr/VPSsync/01-WorkspaceSync/modelica-shared/CustomLib/NuclearSystem/.git/sourcetreeconfig.json' (886)
2026-01-06 06:45:03: Copy Over 'sftp://os3-310-44666.vs.sakura.ne.jp/home/ubuntu/VPSsync/01-WorkspaceSync/modelica-shared/CustomLib/NuclearSystem/Kinetics/Components/KineticReactor_00.mo' -> 'C:/Users/grabacr/VPSsync/01-WorkspaceSync/modelica-shared/CustomLib/NuclearSystem/Kinetics/Components/KineticReactor_00.mo' (10,602)
2026-01-06 06:45:03: Copy Over 'sftp://os3-310-44666.vs.sakura.ne.jp/home/ubuntu/VPSsync/01-WorkspaceSync/modelica-shared/CustomLib/NuclearSystem/Kinetics/Components/package.order' -> 'C:/Users/grabacr/VPSsync/01-WorkspaceSync/modelica-shared/CustomLib/NuclearSystem/Kinetics/Components/package.order' (98)
2026-01-06 06:45:03: Copy Over 'sftp://os3-310-44666.vs.sakura.ne.jp/home/ubuntu/VPSsync/01-WorkspaceSync/modelica-shared/CustomLib/NuclearSystem/Kinetics/Examples/EngineeringStudyModels/KineticReactorWithVolumeFeedback_01.mo' -> 'C:/Users/grabacr/VPSsync/01-WorkspaceSync/modelica-shared/CustomLib/NuclearSystem/Kinetics/Examples/EngineeringStudyModels/KineticReactorWithVolumeFeedback_01.mo' (5,196)
2026-01-06 06:45:03: Copy Over 'sftp://os3-310-44666.vs.sakura.ne.jp/home/ubuntu/VPSsync/01-WorkspaceSync/modelica-shared/CustomLib/NuclearSystem/Kinetics/Examples/EngineeringStudyModels/package.order' -> 'C:/Users/grabacr/VPSsync/01-WorkspaceSync/modelica-shared/CustomLib/NuclearSystem/Kinetics/Examples/EngineeringStudyModels/package.order' (190)
2026-01-06 06:45:03: Save State File C:/Users/grabacr/VPSsync/01-WorkspaceSync/modelica-shared/CustomLib/NuclearSystem/_gsdata_/_file_state_v4._gs
2026-01-06 06:45:03: Save State File sftp://os3-310-44666.vs.sakura.ne.jp/home/ubuntu/VPSsync/01-WorkspaceSync/modelica-shared/CustomLib/NuclearSystem/_gsdata_/_file_state_v4._gs
2026-01-06 06:45:13: == Sync Complete. Time: 00:00:13, Speed: 227.03 KB/s, OK: 50, Errors: 0
