2026-01-21 22:52:07: Server: SSH-2.0-OpenSSH_9.6p1 Ubuntu-3ubuntu13.14
2026-01-21 22:52:07: Server KEXes: sntrup761x25519-sha512@openssh.com,curve25519-sha256,curve25519-sha256@libssh.org,ecdh-sha2-nistp256,ecdh-sha2-nistp384,ecdh-sha2-nistp521,diffie-hellman-group-exchange-sha256,diffie-hellman-group16-sha512,diffie-hellman-group18-sha512,diffie-hellman-group14-sha256,ext-info-s,kex-strict-s-v00@openssh.com
2026-01-21 22:52:07: Server Host Keys: rsa-sha2-512,rsa-sha2-256,ecdsa-sha2-nistp256,ssh-ed25519
2026-01-21 22:52:07: Chosen Host Key: ssh-ed25519
2026-01-21 22:52:07: Ciphers: chacha20-poly1305@openssh.com,aes128-ctr,aes192-ctr,aes256-ctr,aes128-gcm@openssh.com,aes256-gcm@openssh.com
2026-01-21 22:52:07: MACs: umac-64-etm@openssh.com,umac-128-etm@openssh.com,hmac-sha2-256-etm@openssh.com,hmac-sha2-512-etm@openssh.com,hmac-sha1-etm@openssh.com,umac-64@openssh.com,umac-128@openssh.com,hmac-sha2-256,hmac-sha2-512,hmac-sha1
2026-01-21 22:52:07: Auth: start: publickey
2026-01-21 22:52:07: Auth: publickey: no keys available
2026-01-21 22:52:07: Auth: start: password
2026-01-21 22:52:09: -- Analysis Started by On File Change, After Delay
2026-01-21 22:52:09: Changes: 133, Conflicts: 0, CopyTime: 0, FixState: 0, Errors: 0, All: 3918
2026-01-21 22:52:09: Left to Right: Copy File: 133 
2026-01-21 22:52:09: == Sync Started by On File Change, After Delay
2026-01-21 22:52:09: ConnectCloned connected to file:///~grabacr/VPSsync/01-WorkspaceSync/modelica-shared/CustomLib/NuclearSystem
2026-01-21 22:52:09: ConnectCloned connected to file:///~grabacr/VPSsync/01-WorkspaceSync/modelica-shared/CustomLib/NuclearSystem
2026-01-21 22:52:09: ConnectCloned connected to file:///~grabacr/VPSsync/01-WorkspaceSync/modelica-shared/CustomLib/NuclearSystem
2026-01-21 22:52:09: Server: SSH-2.0-OpenSSH_9.6p1 Ubuntu-3ubuntu13.14
2026-01-21 22:52:09: Server: SSH-2.0-OpenSSH_9.6p1 Ubuntu-3ubuntu13.14
2026-01-21 22:52:09: Server: SSH-2.0-OpenSSH_9.6p1 Ubuntu-3ubuntu13.14
2026-01-21 22:52:09: Server KEXes: sntrup761x25519-sha512@openssh.com,curve25519-sha256,curve25519-sha256@libssh.org,ecdh-sha2-nistp256,ecdh-sha2-nistp384,ecdh-sha2-nistp521,diffie-hellman-group-exchange-sha256,diffie-hellman-group16-sha512,diffie-hellman-group18-sha512,diffie-hellman-group14-sha256,ext-info-s,kex-strict-s-v00@openssh.com
2026-01-21 22:52:09: Server KEXes: sntrup761x25519-sha512@openssh.com,curve25519-sha256,curve25519-sha256@libssh.org,ecdh-sha2-nistp256,ecdh-sha2-nistp384,ecdh-sha2-nistp521,diffie-hellman-group-exchange-sha256,diffie-hellman-group16-sha512,diffie-hellman-group18-sha512,diffie-hellman-group14-sha256,ext-info-s,kex-strict-s-v00@openssh.com
2026-01-21 22:52:09: Server Host Keys: rsa-sha2-512,rsa-sha2-256,ecdsa-sha2-nistp256,ssh-ed25519
2026-01-21 22:52:09: Chosen Host Key: ssh-ed25519
2026-01-21 22:52:09: Server Host Keys: rsa-sha2-512,rsa-sha2-256,ecdsa-sha2-nistp256,ssh-ed25519
2026-01-21 22:52:09: Chosen Host Key: ssh-ed25519
2026-01-21 22:52:09: Ciphers: chacha20-poly1305@openssh.com,aes128-ctr,aes192-ctr,aes256-ctr,aes128-gcm@openssh.com,aes256-gcm@openssh.com
2026-01-21 22:52:09: MACs: umac-64-etm@openssh.com,umac-128-etm@openssh.com,hmac-sha2-256-etm@openssh.com,hmac-sha2-512-etm@openssh.com,hmac-sha1-etm@openssh.com,umac-64@openssh.com,umac-128@openssh.com,hmac-sha2-256,hmac-sha2-512,hmac-sha1
2026-01-21 22:52:09: Ciphers: chacha20-poly1305@openssh.com,aes128-ctr,aes192-ctr,aes256-ctr,aes128-gcm@openssh.com,aes256-gcm@openssh.com
2026-01-21 22:52:09: MACs: umac-64-etm@openssh.com,umac-128-etm@openssh.com,hmac-sha2-256-etm@openssh.com,hmac-sha2-512-etm@openssh.com,hmac-sha1-etm@openssh.com,umac-64@openssh.com,umac-128@openssh.com,hmac-sha2-256,hmac-sha2-512,hmac-sha1
2026-01-21 22:52:09: Server KEXes: sntrup761x25519-sha512@openssh.com,curve25519-sha256,curve25519-sha256@libssh.org,ecdh-sha2-nistp256,ecdh-sha2-nistp384,ecdh-sha2-nistp521,diffie-hellman-group-exchange-sha256,diffie-hellman-group16-sha512,diffie-hellman-group18-sha512,diffie-hellman-group14-sha256,ext-info-s,kex-strict-s-v00@openssh.com
2026-01-21 22:52:09: Server Host Keys: rsa-sha2-512,rsa-sha2-256,ecdsa-sha2-nistp256,ssh-ed25519
2026-01-21 22:52:09: Chosen Host Key: ssh-ed25519
2026-01-21 22:52:09: Ciphers: chacha20-poly1305@openssh.com,aes128-ctr,aes192-ctr,aes256-ctr,aes128-gcm@openssh.com,aes256-gcm@openssh.com
2026-01-21 22:52:09: MACs: umac-64-etm@openssh.com,umac-128-etm@openssh.com,hmac-sha2-256-etm@openssh.com,hmac-sha2-512-etm@openssh.com,hmac-sha1-etm@openssh.com,umac-64@openssh.com,umac-128@openssh.com,hmac-sha2-256,hmac-sha2-512,hmac-sha1
2026-01-21 22:52:09: Auth: start: publickey
2026-01-21 22:52:09: Auth: start: publickey
2026-01-21 22:52:09: Auth: publickey: no keys available
2026-01-21 22:52:09: Auth: publickey: no keys available
2026-01-21 22:52:09: Auth: start: password
2026-01-21 22:52:09: Auth: start: password
2026-01-21 22:52:09: Auth: start: publickey
2026-01-21 22:52:09: Auth: publickey: no keys available
2026-01-21 22:52:09: Auth: start: password
2026-01-21 22:52:10: GsConnectAndSetRoot1 connected to sftp://os3-310-44666.vs.sakura.ne.jp/home/ubuntu/VPSsync/01-WorkspaceSync/modelica-shared/CustomLib/NuclearSystem
2026-01-21 22:52:10: GsConnectAndSetRoot1 connected to sftp://os3-310-44666.vs.sakura.ne.jp/home/ubuntu/VPSsync/01-WorkspaceSync/modelica-shared/CustomLib/NuclearSystem
2026-01-21 22:52:10: GsConnectAndSetRoot1 connected to sftp://os3-310-44666.vs.sakura.ne.jp/home/ubuntu/VPSsync/01-WorkspaceSync/modelica-shared/CustomLib/NuclearSystem
2026-01-21 22:52:11: Copy New 'C:/Users/grabacr/VPSsync/01-WorkspaceSync/modelica-shared/CustomLib/NuclearSystem/.git/objects/01/8cb900c4f123bfd01def15bde56d4aa0264e42' -> 'sftp://os3-310-44666.vs.sakura.ne.jp/home/ubuntu/VPSsync/01-WorkspaceSync/modelica-shared/CustomLib/NuclearSystem/.git/objects/01/8cb900c4f123bfd01def15bde56d4aa0264e42' (987)
2026-01-21 22:52:11: Copy New 'C:/Users/grabacr/VPSsync/01-WorkspaceSync/modelica-shared/CustomLib/NuclearSystem/.git/objects/01/bf095a5a9c0944479800cfc222c631e3aceff1' -> 'sftp://os3-310-44666.vs.sakura.ne.jp/home/ubuntu/VPSsync/01-WorkspaceSync/modelica-shared/CustomLib/NuclearSystem/.git/objects/01/bf095a5a9c0944479800cfc222c631e3aceff1' (488)
2026-01-21 22:52:11: Copy Over 'C:/Users/grabacr/VPSsync/01-WorkspaceSync/modelica-shared/CustomLib/NuclearSystem/.git/COMMIT_EDITMSG' -> 'sftp://os3-310-44666.vs.sakura.ne.jp/home/ubuntu/VPSsync/01-WorkspaceSync/modelica-shared/CustomLib/NuclearSystem/.git/COMMIT_EDITMSG' (11)
2026-01-21 22:52:11: Copy New 'C:/Users/grabacr/VPSsync/01-WorkspaceSync/modelica-shared/CustomLib/NuclearSystem/.git/objects/00/3e71e0200ccfed8b47ab260d07aa5393c74d53' -> 'sftp://os3-310-44666.vs.sakura.ne.jp/home/ubuntu/VPSsync/01-WorkspaceSync/modelica-shared/CustomLib/NuclearSystem/.git/objects/00/3e71e0200ccfed8b47ab260d07aa5393c74d53' (976)
2026-01-21 22:52:11: Copy Over 'C:/Users/grabacr/VPSsync/01-WorkspaceSync/modelica-shared/CustomLib/NuclearSystem/.git/index' -> 'sftp://os3-310-44666.vs.sakura.ne.jp/home/ubuntu/VPSsync/01-WorkspaceSync/modelica-shared/CustomLib/NuclearSystem/.git/index' (118,493)
2026-01-21 22:52:11: Copy New 'C:/Users/grabacr/VPSsync/01-WorkspaceSync/modelica-shared/CustomLib/NuclearSystem/.git/objects/07/52d2411379048ba256d99e321429e30038620f' -> 'sftp://os3-310-44666.vs.sakura.ne.jp/home/ubuntu/VPSsync/01-WorkspaceSync/modelica-shared/CustomLib/NuclearSystem/.git/objects/07/52d2411379048ba256d99e321429e30038620f' (1,768)
2026-01-21 22:52:11: Copy New 'C:/Users/grabacr/VPSsync/01-WorkspaceSync/modelica-shared/CustomLib/NuclearSystem/.git/objects/02/658c8621144c102d8ccbaea2dc10786a01b2b7' -> 'sftp://os3-310-44666.vs.sakura.ne.jp/home/ubuntu/VPSsync/01-WorkspaceSync/modelica-shared/CustomLib/NuclearSystem/.git/objects/02/658c8621144c102d8ccbaea2dc10786a01b2b7' (1,018)
2026-01-21 22:52:11: Copy New 'C:/Users/grabacr/VPSsync/01-WorkspaceSync/modelica-shared/CustomLib/NuclearSystem/.git/objects/0c/7c40c1efc4a63caacbc7ad9a1e3440e15f9026' -> 'sftp://os3-310-44666.vs.sakura.ne.jp/home/ubuntu/VPSsync/01-WorkspaceSync/modelica-shared/CustomLib/NuclearSystem/.git/objects/0c/7c40c1efc4a63caacbc7ad9a1e3440e15f9026' (1,011)
2026-01-21 22:52:12: Copy New 'C:/Users/grabacr/VPSsync/01-WorkspaceSync/modelica-shared/CustomLib/NuclearSystem/.git/objects/0d/71413b2b5164673f0e60054b09def438cdae98' -> 'sftp://os3-310-44666.vs.sakura.ne.jp/home/ubuntu/VPSsync/01-WorkspaceSync/modelica-shared/CustomLib/NuclearSystem/.git/objects/0d/71413b2b5164673f0e60054b09def438cdae98' (666)
2026-01-21 22:52:12: Copy New 'C:/Users/grabacr/VPSsync/01-WorkspaceSync/modelica-shared/CustomLib/NuclearSystem/.git/objects/0d/76fc5dfc38e4ab2b3d8c440959d0284db99609' -> 'sftp://os3-310-44666.vs.sakura.ne.jp/home/ubuntu/VPSsync/01-WorkspaceSync/modelica-shared/CustomLib/NuclearSystem/.git/objects/0d/76fc5dfc38e4ab2b3d8c440959d0284db99609' (537)
2026-01-21 22:52:12: Copy New 'C:/Users/grabacr/VPSsync/01-WorkspaceSync/modelica-shared/CustomLib/NuclearSystem/.git/objects/0d/a1783c07745dbe2f6da8017e178165a211e66d' -> 'sftp://os3-310-44666.vs.sakura.ne.jp/home/ubuntu/VPSsync/01-WorkspaceSync/modelica-shared/CustomLib/NuclearSystem/.git/objects/0d/a1783c07745dbe2f6da8017e178165a211e66d' (17,345)
2026-01-21 22:52:12: Copy New 'C:/Users/grabacr/VPSsync/01-WorkspaceSync/modelica-shared/CustomLib/NuclearSystem/.git/objects/0f/c50f31d8906e277f1cd30ea15eb8b62f9e632a' -> 'sftp://os3-310-44666.vs.sakura.ne.jp/home/ubuntu/VPSsync/01-WorkspaceSync/modelica-shared/CustomLib/NuclearSystem/.git/objects/0f/c50f31d8906e277f1cd30ea15eb8b62f9e632a' (536)
2026-01-21 22:52:12: Copy New 'C:/Users/grabacr/VPSsync/01-WorkspaceSync/modelica-shared/CustomLib/NuclearSystem/.git/objects/11/b4e2627e09f5b58a084ee62603ed4372c5a5f4' -> 'sftp://os3-310-44666.vs.sakura.ne.jp/home/ubuntu/VPSsync/01-WorkspaceSync/modelica-shared/CustomLib/NuclearSystem/.git/objects/11/b4e2627e09f5b58a084ee62603ed4372c5a5f4' (1,366)
2026-01-21 22:52:12: Copy New 'C:/Users/grabacr/VPSsync/01-WorkspaceSync/modelica-shared/CustomLib/NuclearSystem/.git/objects/11/c2232c3d365aa2c79943df521567598719c72e' -> 'sftp://os3-310-44666.vs.sakura.ne.jp/home/ubuntu/VPSsync/01-WorkspaceSync/modelica-shared/CustomLib/NuclearSystem/.git/objects/11/c2232c3d365aa2c79943df521567598719c72e' (980)
2026-01-21 22:52:12: Copy New 'C:/Users/grabacr/VPSsync/01-WorkspaceSync/modelica-shared/CustomLib/NuclearSystem/.git/objects/11/c4909e6179640ba68c509d42a25bf5cd6f0de5' -> 'sftp://os3-310-44666.vs.sakura.ne.jp/home/ubuntu/VPSsync/01-WorkspaceSync/modelica-shared/CustomLib/NuclearSystem/.git/objects/11/c4909e6179640ba68c509d42a25bf5cd6f0de5' (1,028)
2026-01-21 22:52:12: Copy New 'C:/Users/grabacr/VPSsync/01-WorkspaceSync/modelica-shared/CustomLib/NuclearSystem/.git/objects/14/6bf9b90de0af5fe3efc4858fc8ef93e3abf214' -> 'sftp://os3-310-44666.vs.sakura.ne.jp/home/ubuntu/VPSsync/01-WorkspaceSync/modelica-shared/CustomLib/NuclearSystem/.git/objects/14/6bf9b90de0af5fe3efc4858fc8ef93e3abf214' (1,008)
2026-01-21 22:52:12: Copy New 'C:/Users/grabacr/VPSsync/01-WorkspaceSync/modelica-shared/CustomLib/NuclearSystem/.git/objects/1c/a5677b2c7ca1fe4c3841ec9715bb855c6c0bcc' -> 'sftp://os3-310-44666.vs.sakura.ne.jp/home/ubuntu/VPSsync/01-WorkspaceSync/modelica-shared/CustomLib/NuclearSystem/.git/objects/1c/a5677b2c7ca1fe4c3841ec9715bb855c6c0bcc' (1,009)
2026-01-21 22:52:12: Copy New 'C:/Users/grabacr/VPSsync/01-WorkspaceSync/modelica-shared/CustomLib/NuclearSystem/.git/objects/14/967bf376eee85e3525b39e80a4eb895a634760' -> 'sftp://os3-310-44666.vs.sakura.ne.jp/home/ubuntu/VPSsync/01-WorkspaceSync/modelica-shared/CustomLib/NuclearSystem/.git/objects/14/967bf376eee85e3525b39e80a4eb895a634760' (1,007)
2026-01-21 22:52:12: Copy New 'C:/Users/grabacr/VPSsync/01-WorkspaceSync/modelica-shared/CustomLib/NuclearSystem/.git/objects/14/df22e32679e326f35c4b817f45bf2beadcc67e' -> 'sftp://os3-310-44666.vs.sakura.ne.jp/home/ubuntu/VPSsync/01-WorkspaceSync/modelica-shared/CustomLib/NuclearSystem/.git/objects/14/df22e32679e326f35c4b817f45bf2beadcc67e' (993)
2026-01-21 22:52:12: Copy New 'C:/Users/grabacr/VPSsync/01-WorkspaceSync/modelica-shared/CustomLib/NuclearSystem/.git/objects/1f/acec0ea258182b2801bbed5a73a8b9c5ed6dc1' -> 'sftp://os3-310-44666.vs.sakura.ne.jp/home/ubuntu/VPSsync/01-WorkspaceSync/modelica-shared/CustomLib/NuclearSystem/.git/objects/1f/acec0ea258182b2801bbed5a73a8b9c5ed6dc1' (1,014)
2026-01-21 22:52:12: Copy New 'C:/Users/grabacr/VPSsync/01-WorkspaceSync/modelica-shared/CustomLib/NuclearSystem/.git/objects/20/b32278d06158bfd845329a7bc942379879be23' -> 'sftp://os3-310-44666.vs.sakura.ne.jp/home/ubuntu/VPSsync/01-WorkspaceSync/modelica-shared/CustomLib/NuclearSystem/.git/objects/20/b32278d06158bfd845329a7bc942379879be23' (780)
2026-01-21 22:52:12: Copy New 'C:/Users/grabacr/VPSsync/01-WorkspaceSync/modelica-shared/CustomLib/NuclearSystem/.git/objects/21/65bd296257c3f8ffef92b49520fbfb48442a4e' -> 'sftp://os3-310-44666.vs.sakura.ne.jp/home/ubuntu/VPSsync/01-WorkspaceSync/modelica-shared/CustomLib/NuclearSystem/.git/objects/21/65bd296257c3f8ffef92b49520fbfb48442a4e' (781)
2026-01-21 22:52:12: Copy New 'C:/Users/grabacr/VPSsync/01-WorkspaceSync/modelica-shared/CustomLib/NuclearSystem/.git/objects/24/2caef6988d14f37dd090e7d5c964c8b17e0e0d' -> 'sftp://os3-310-44666.vs.sakura.ne.jp/home/ubuntu/VPSsync/01-WorkspaceSync/modelica-shared/CustomLib/NuclearSystem/.git/objects/24/2caef6988d14f37dd090e7d5c964c8b17e0e0d' (997)
2026-01-21 22:52:12: Copy New 'C:/Users/grabacr/VPSsync/01-WorkspaceSync/modelica-shared/CustomLib/NuclearSystem/.git/objects/26/1b42379785adb549a5fd3e2e6403861da0acd1' -> 'sftp://os3-310-44666.vs.sakura.ne.jp/home/ubuntu/VPSsync/01-WorkspaceSync/modelica-shared/CustomLib/NuclearSystem/.git/objects/26/1b42379785adb549a5fd3e2e6403861da0acd1' (1,009)
2026-01-21 22:52:12: Copy New 'C:/Users/grabacr/VPSsync/01-WorkspaceSync/modelica-shared/CustomLib/NuclearSystem/.git/objects/2d/d7a30df53c157dd4c555464c61e5abcd38a22d' -> 'sftp://os3-310-44666.vs.sakura.ne.jp/home/ubuntu/VPSsync/01-WorkspaceSync/modelica-shared/CustomLib/NuclearSystem/.git/objects/2d/d7a30df53c157dd4c555464c61e5abcd38a22d' (784)
2026-01-21 22:52:12: Copy New 'C:/Users/grabacr/VPSsync/01-WorkspaceSync/modelica-shared/CustomLib/NuclearSystem/.git/objects/31/a475a11db4e395f36b27583ffbe0236dff19d8' -> 'sftp://os3-310-44666.vs.sakura.ne.jp/home/ubuntu/VPSsync/01-WorkspaceSync/modelica-shared/CustomLib/NuclearSystem/.git/objects/31/a475a11db4e395f36b27583ffbe0236dff19d8' (1,007)
2026-01-21 22:52:12: Copy New 'C:/Users/grabacr/VPSsync/01-WorkspaceSync/modelica-shared/CustomLib/NuclearSystem/.git/objects/35/5a41929e05db40c838c724a7e6a356d5599f6c' -> 'sftp://os3-310-44666.vs.sakura.ne.jp/home/ubuntu/VPSsync/01-WorkspaceSync/modelica-shared/CustomLib/NuclearSystem/.git/objects/35/5a41929e05db40c838c724a7e6a356d5599f6c' (1,130)
2026-01-21 22:52:13: Copy New 'C:/Users/grabacr/VPSsync/01-WorkspaceSync/modelica-shared/CustomLib/NuclearSystem/.git/objects/35/707e4baba8b53f6046f1e5c0105830f7b2cd40' -> 'sftp://os3-310-44666.vs.sakura.ne.jp/home/ubuntu/VPSsync/01-WorkspaceSync/modelica-shared/CustomLib/NuclearSystem/.git/objects/35/707e4baba8b53f6046f1e5c0105830f7b2cd40' (974)
2026-01-21 22:52:13: Copy New 'C:/Users/grabacr/VPSsync/01-WorkspaceSync/modelica-shared/CustomLib/NuclearSystem/.git/objects/35/d5c6c96d6fd0106c062a786818502378a65aaf' -> 'sftp://os3-310-44666.vs.sakura.ne.jp/home/ubuntu/VPSsync/01-WorkspaceSync/modelica-shared/CustomLib/NuclearSystem/.git/objects/35/d5c6c96d6fd0106c062a786818502378a65aaf' (984)
2026-01-21 22:52:13: Copy New 'C:/Users/grabacr/VPSsync/01-WorkspaceSync/modelica-shared/CustomLib/NuclearSystem/.git/objects/36/753ec385fb249f40224ebb74edf98ef8f5dc75' -> 'sftp://os3-310-44666.vs.sakura.ne.jp/home/ubuntu/VPSsync/01-WorkspaceSync/modelica-shared/CustomLib/NuclearSystem/.git/objects/36/753ec385fb249f40224ebb74edf98ef8f5dc75' (1,011)
2026-01-21 22:52:13: Copy New 'C:/Users/grabacr/VPSsync/01-WorkspaceSync/modelica-shared/CustomLib/NuclearSystem/.git/objects/38/f97aa0aa5eda89af719289aabe058c5a253dc4' -> 'sftp://os3-310-44666.vs.sakura.ne.jp/home/ubuntu/VPSsync/01-WorkspaceSync/modelica-shared/CustomLib/NuclearSystem/.git/objects/38/f97aa0aa5eda89af719289aabe058c5a253dc4' (1,011)
2026-01-21 22:52:13: Copy New 'C:/Users/grabacr/VPSsync/01-WorkspaceSync/modelica-shared/CustomLib/NuclearSystem/.git/objects/38/fada09de86187dca6113227a71711ed3faafc8' -> 'sftp://os3-310-44666.vs.sakura.ne.jp/home/ubuntu/VPSsync/01-WorkspaceSync/modelica-shared/CustomLib/NuclearSystem/.git/objects/38/fada09de86187dca6113227a71711ed3faafc8' (805)
2026-01-21 22:52:13: Copy New 'C:/Users/grabacr/VPSsync/01-WorkspaceSync/modelica-shared/CustomLib/NuclearSystem/.git/objects/38/fdcbcaa7d27b1fd9dbaa5264d34046731d915e' -> 'sftp://os3-310-44666.vs.sakura.ne.jp/home/ubuntu/VPSsync/01-WorkspaceSync/modelica-shared/CustomLib/NuclearSystem/.git/objects/38/fdcbcaa7d27b1fd9dbaa5264d34046731d915e' (780)
2026-01-21 22:52:13: Copy New 'C:/Users/grabacr/VPSsync/01-WorkspaceSync/modelica-shared/CustomLib/NuclearSystem/.git/objects/3b/09b07079ffe8a69b48c1e52c558afc0f3a4335' -> 'sftp://os3-310-44666.vs.sakura.ne.jp/home/ubuntu/VPSsync/01-WorkspaceSync/modelica-shared/CustomLib/NuclearSystem/.git/objects/3b/09b07079ffe8a69b48c1e52c558afc0f3a4335' (1,010)
2026-01-21 22:52:13: Copy New 'C:/Users/grabacr/VPSsync/01-WorkspaceSync/modelica-shared/CustomLib/NuclearSystem/.git/objects/3d/6a9e6db4793744edf4bb09cb653483e53bb7b3' -> 'sftp://os3-310-44666.vs.sakura.ne.jp/home/ubuntu/VPSsync/01-WorkspaceSync/modelica-shared/CustomLib/NuclearSystem/.git/objects/3d/6a9e6db4793744edf4bb09cb653483e53bb7b3' (1,057)
2026-01-21 22:52:13: Copy New 'C:/Users/grabacr/VPSsync/01-WorkspaceSync/modelica-shared/CustomLib/NuclearSystem/.git/objects/3b/9afe1b9da116b259bc0625b1ea7540d48bedf4' -> 'sftp://os3-310-44666.vs.sakura.ne.jp/home/ubuntu/VPSsync/01-WorkspaceSync/modelica-shared/CustomLib/NuclearSystem/.git/objects/3b/9afe1b9da116b259bc0625b1ea7540d48bedf4' (1,013)
2026-01-21 22:52:13: Copy New 'C:/Users/grabacr/VPSsync/01-WorkspaceSync/modelica-shared/CustomLib/NuclearSystem/.git/objects/45/d53502acac0d55c5afddfba25b107abfc49c58' -> 'sftp://os3-310-44666.vs.sakura.ne.jp/home/ubuntu/VPSsync/01-WorkspaceSync/modelica-shared/CustomLib/NuclearSystem/.git/objects/45/d53502acac0d55c5afddfba25b107abfc49c58' (156)
2026-01-21 22:52:13: Copy New 'C:/Users/grabacr/VPSsync/01-WorkspaceSync/modelica-shared/CustomLib/NuclearSystem/.git/objects/44/6a5a96b435b18215b84d97ab9a8fc7ca1900d1' -> 'sftp://os3-310-44666.vs.sakura.ne.jp/home/ubuntu/VPSsync/01-WorkspaceSync/modelica-shared/CustomLib/NuclearSystem/.git/objects/44/6a5a96b435b18215b84d97ab9a8fc7ca1900d1' (1,020)
2026-01-21 22:52:13: Copy New 'C:/Users/grabacr/VPSsync/01-WorkspaceSync/modelica-shared/CustomLib/NuclearSystem/.git/objects/44/e7a7dc4715d4b724da06e5b6a1488e63eb36cf' -> 'sftp://os3-310-44666.vs.sakura.ne.jp/home/ubuntu/VPSsync/01-WorkspaceSync/modelica-shared/CustomLib/NuclearSystem/.git/objects/44/e7a7dc4715d4b724da06e5b6a1488e63eb36cf' (772)
2026-01-21 22:52:13: Copy New 'C:/Users/grabacr/VPSsync/01-WorkspaceSync/modelica-shared/CustomLib/NuclearSystem/.git/objects/48/8a10192be1a0ef834dce64994c25fcca21aa26' -> 'sftp://os3-310-44666.vs.sakura.ne.jp/home/ubuntu/VPSsync/01-WorkspaceSync/modelica-shared/CustomLib/NuclearSystem/.git/objects/48/8a10192be1a0ef834dce64994c25fcca21aa26' (782)
2026-01-21 22:52:13: Copy New 'C:/Users/grabacr/VPSsync/01-WorkspaceSync/modelica-shared/CustomLib/NuclearSystem/.git/objects/4f/0f1c4716c03322c6f741d91f3129aa8e314b03' -> 'sftp://os3-310-44666.vs.sakura.ne.jp/home/ubuntu/VPSsync/01-WorkspaceSync/modelica-shared/CustomLib/NuclearSystem/.git/objects/4f/0f1c4716c03322c6f741d91f3129aa8e314b03' (800)
2026-01-21 22:52:13: Copy New 'C:/Users/grabacr/VPSsync/01-WorkspaceSync/modelica-shared/CustomLib/NuclearSystem/.git/objects/54/d96c59312ffaaae0822272aaeead34593db2a9' -> 'sftp://os3-310-44666.vs.sakura.ne.jp/home/ubuntu/VPSsync/01-WorkspaceSync/modelica-shared/CustomLib/NuclearSystem/.git/objects/54/d96c59312ffaaae0822272aaeead34593db2a9' (1,012)
2026-01-21 22:52:13: Copy New 'C:/Users/grabacr/VPSsync/01-WorkspaceSync/modelica-shared/CustomLib/NuclearSystem/.git/objects/55/33ebfdf8828b5096d824cb4318e6ee1b29f924' -> 'sftp://os3-310-44666.vs.sakura.ne.jp/home/ubuntu/VPSsync/01-WorkspaceSync/modelica-shared/CustomLib/NuclearSystem/.git/objects/55/33ebfdf8828b5096d824cb4318e6ee1b29f924' (993)
2026-01-21 22:52:13: Copy New 'C:/Users/grabacr/VPSsync/01-WorkspaceSync/modelica-shared/CustomLib/NuclearSystem/.git/objects/58/75fa0bace90d6780ad72d254bdebf42dc9c8fa' -> 'sftp://os3-310-44666.vs.sakura.ne.jp/home/ubuntu/VPSsync/01-WorkspaceSync/modelica-shared/CustomLib/NuclearSystem/.git/objects/58/75fa0bace90d6780ad72d254bdebf42dc9c8fa' (997)
2026-01-21 22:52:13: Copy New 'C:/Users/grabacr/VPSsync/01-WorkspaceSync/modelica-shared/CustomLib/NuclearSystem/.git/objects/5a/7c65d194496e40437c877032a6a4dbd9070b1e' -> 'sftp://os3-310-44666.vs.sakura.ne.jp/home/ubuntu/VPSsync/01-WorkspaceSync/modelica-shared/CustomLib/NuclearSystem/.git/objects/5a/7c65d194496e40437c877032a6a4dbd9070b1e' (975)
2026-01-21 22:52:14: Copy New 'C:/Users/grabacr/VPSsync/01-WorkspaceSync/modelica-shared/CustomLib/NuclearSystem/.git/objects/58/f1cd6e460df1620625e487ea075b36389a777a' -> 'sftp://os3-310-44666.vs.sakura.ne.jp/home/ubuntu/VPSsync/01-WorkspaceSync/modelica-shared/CustomLib/NuclearSystem/.git/objects/58/f1cd6e460df1620625e487ea075b36389a777a' (993)
2026-01-21 22:52:14: Copy New 'C:/Users/grabacr/VPSsync/01-WorkspaceSync/modelica-shared/CustomLib/NuclearSystem/.git/objects/60/4fef381e1d7efa983ac4d6e6273b23e1513f88' -> 'sftp://os3-310-44666.vs.sakura.ne.jp/home/ubuntu/VPSsync/01-WorkspaceSync/modelica-shared/CustomLib/NuclearSystem/.git/objects/60/4fef381e1d7efa983ac4d6e6273b23e1513f88' (1,002)
2026-01-21 22:52:14: Copy New 'C:/Users/grabacr/VPSsync/01-WorkspaceSync/modelica-shared/CustomLib/NuclearSystem/.git/objects/62/5232623b0ab274482dba80bcf10030fd7ebb7f' -> 'sftp://os3-310-44666.vs.sakura.ne.jp/home/ubuntu/VPSsync/01-WorkspaceSync/modelica-shared/CustomLib/NuclearSystem/.git/objects/62/5232623b0ab274482dba80bcf10030fd7ebb7f' (2,130)
2026-01-21 22:52:14: Copy New 'C:/Users/grabacr/VPSsync/01-WorkspaceSync/modelica-shared/CustomLib/NuclearSystem/.git/objects/63/c7e639976443e87f237e0869c272969605a68a' -> 'sftp://os3-310-44666.vs.sakura.ne.jp/home/ubuntu/VPSsync/01-WorkspaceSync/modelica-shared/CustomLib/NuclearSystem/.git/objects/63/c7e639976443e87f237e0869c272969605a68a' (1,015)
2026-01-21 22:52:14: Copy New 'C:/Users/grabacr/VPSsync/01-WorkspaceSync/modelica-shared/CustomLib/NuclearSystem/.git/objects/65/303cfdd395eab1d27209ef9dfd064281f042ad' -> 'sftp://os3-310-44666.vs.sakura.ne.jp/home/ubuntu/VPSsync/01-WorkspaceSync/modelica-shared/CustomLib/NuclearSystem/.git/objects/65/303cfdd395eab1d27209ef9dfd064281f042ad' (1,005)
2026-01-21 22:52:14: Copy New 'C:/Users/grabacr/VPSsync/01-WorkspaceSync/modelica-shared/CustomLib/NuclearSystem/.git/objects/65/fa18e1efb44e4cc55b50b2da9eb67c39c17419' -> 'sftp://os3-310-44666.vs.sakura.ne.jp/home/ubuntu/VPSsync/01-WorkspaceSync/modelica-shared/CustomLib/NuclearSystem/.git/objects/65/fa18e1efb44e4cc55b50b2da9eb67c39c17419' (1,006)
2026-01-21 22:52:14: Copy New 'C:/Users/grabacr/VPSsync/01-WorkspaceSync/modelica-shared/CustomLib/NuclearSystem/.git/objects/6b/b5e37ad6b627d94a900e227afa4d3a04ab8c56' -> 'sftp://os3-310-44666.vs.sakura.ne.jp/home/ubuntu/VPSsync/01-WorkspaceSync/modelica-shared/CustomLib/NuclearSystem/.git/objects/6b/b5e37ad6b627d94a900e227afa4d3a04ab8c56' (1,021)
2026-01-21 22:52:14: Copy New 'C:/Users/grabacr/VPSsync/01-WorkspaceSync/modelica-shared/CustomLib/NuclearSystem/.git/objects/70/6152f65327ed96a5daaec98e315a95d886abe3' -> 'sftp://os3-310-44666.vs.sakura.ne.jp/home/ubuntu/VPSsync/01-WorkspaceSync/modelica-shared/CustomLib/NuclearSystem/.git/objects/70/6152f65327ed96a5daaec98e315a95d886abe3' (786)
2026-01-21 22:52:14: Copy New 'C:/Users/grabacr/VPSsync/01-WorkspaceSync/modelica-shared/CustomLib/NuclearSystem/.git/objects/73/317ee1feaf176dfa4d73b5bf50de11a0e37610' -> 'sftp://os3-310-44666.vs.sakura.ne.jp/home/ubuntu/VPSsync/01-WorkspaceSync/modelica-shared/CustomLib/NuclearSystem/.git/objects/73/317ee1feaf176dfa4d73b5bf50de11a0e37610' (1,001)
2026-01-21 22:52:14: Copy New 'C:/Users/grabacr/VPSsync/01-WorkspaceSync/modelica-shared/CustomLib/NuclearSystem/.git/objects/70/cd96b9f881e69b57ce30eaa5957e23dd68a662' -> 'sftp://os3-310-44666.vs.sakura.ne.jp/home/ubuntu/VPSsync/01-WorkspaceSync/modelica-shared/CustomLib/NuclearSystem/.git/objects/70/cd96b9f881e69b57ce30eaa5957e23dd68a662' (1,011)
2026-01-21 22:52:14: Copy New 'C:/Users/grabacr/VPSsync/01-WorkspaceSync/modelica-shared/CustomLib/NuclearSystem/.git/objects/74/29d66776be8a90a75d149f7cd26d3860becec1' -> 'sftp://os3-310-44666.vs.sakura.ne.jp/home/ubuntu/VPSsync/01-WorkspaceSync/modelica-shared/CustomLib/NuclearSystem/.git/objects/74/29d66776be8a90a75d149f7cd26d3860becec1' (691)
2026-01-21 22:52:14: Copy New 'C:/Users/grabacr/VPSsync/01-WorkspaceSync/modelica-shared/CustomLib/NuclearSystem/.git/objects/7b/a170cc702025a08346f1a36fb5d1473dc3e4fb' -> 'sftp://os3-310-44666.vs.sakura.ne.jp/home/ubuntu/VPSsync/01-WorkspaceSync/modelica-shared/CustomLib/NuclearSystem/.git/objects/7b/a170cc702025a08346f1a36fb5d1473dc3e4fb' (1,008)
2026-01-21 22:52:14: Copy New 'C:/Users/grabacr/VPSsync/01-WorkspaceSync/modelica-shared/CustomLib/NuclearSystem/.git/objects/7b/c3210bc32e35069a013031407df9bf042ebfcb' -> 'sftp://os3-310-44666.vs.sakura.ne.jp/home/ubuntu/VPSsync/01-WorkspaceSync/modelica-shared/CustomLib/NuclearSystem/.git/objects/7b/c3210bc32e35069a013031407df9bf042ebfcb' (538)
2026-01-21 22:52:14: Copy New 'C:/Users/grabacr/VPSsync/01-WorkspaceSync/modelica-shared/CustomLib/NuclearSystem/.git/objects/7f/86c4114533762bc607806b6cb2f3375dd049d5' -> 'sftp://os3-310-44666.vs.sakura.ne.jp/home/ubuntu/VPSsync/01-WorkspaceSync/modelica-shared/CustomLib/NuclearSystem/.git/objects/7f/86c4114533762bc607806b6cb2f3375dd049d5' (1,159)
2026-01-21 22:52:14: Copy New 'C:/Users/grabacr/VPSsync/01-WorkspaceSync/modelica-shared/CustomLib/NuclearSystem/.git/objects/81/0a26fcbdf06d6df32faaf6e0203972f1f8d9cb' -> 'sftp://os3-310-44666.vs.sakura.ne.jp/home/ubuntu/VPSsync/01-WorkspaceSync/modelica-shared/CustomLib/NuclearSystem/.git/objects/81/0a26fcbdf06d6df32faaf6e0203972f1f8d9cb' (992)
2026-01-21 22:52:14: Copy New 'C:/Users/grabacr/VPSsync/01-WorkspaceSync/modelica-shared/CustomLib/NuclearSystem/.git/objects/81/9b108e61aba46ccadb982a5edb4342681d5d99' -> 'sftp://os3-310-44666.vs.sakura.ne.jp/home/ubuntu/VPSsync/01-WorkspaceSync/modelica-shared/CustomLib/NuclearSystem/.git/objects/81/9b108e61aba46ccadb982a5edb4342681d5d99' (710)
2026-01-21 22:52:14: Copy New 'C:/Users/grabacr/VPSsync/01-WorkspaceSync/modelica-shared/CustomLib/NuclearSystem/.git/objects/88/263bf770e100b53dc0b1732bd4a28e8a02046e' -> 'sftp://os3-310-44666.vs.sakura.ne.jp/home/ubuntu/VPSsync/01-WorkspaceSync/modelica-shared/CustomLib/NuclearSystem/.git/objects/88/263bf770e100b53dc0b1732bd4a28e8a02046e' (974)
2026-01-21 22:52:14: Copy New 'C:/Users/grabacr/VPSsync/01-WorkspaceSync/modelica-shared/CustomLib/NuclearSystem/.git/objects/8a/b4de8af4fe3f5cb4639709a53168067c3110f8' -> 'sftp://os3-310-44666.vs.sakura.ne.jp/home/ubuntu/VPSsync/01-WorkspaceSync/modelica-shared/CustomLib/NuclearSystem/.git/objects/8a/b4de8af4fe3f5cb4639709a53168067c3110f8' (1,007)
2026-01-21 22:52:15: Copy New 'C:/Users/grabacr/VPSsync/01-WorkspaceSync/modelica-shared/CustomLib/NuclearSystem/.git/objects/8d/66e60e2059af4f2c00a9d8bf6505c4fdfa946c' -> 'sftp://os3-310-44666.vs.sakura.ne.jp/home/ubuntu/VPSsync/01-WorkspaceSync/modelica-shared/CustomLib/NuclearSystem/.git/objects/8d/66e60e2059af4f2c00a9d8bf6505c4fdfa946c' (784)
2026-01-21 22:52:15: Copy New 'C:/Users/grabacr/VPSsync/01-WorkspaceSync/modelica-shared/CustomLib/NuclearSystem/.git/objects/8f/18f5364b1f6b8e185e0e72d81b31fd51f843b7' -> 'sftp://os3-310-44666.vs.sakura.ne.jp/home/ubuntu/VPSsync/01-WorkspaceSync/modelica-shared/CustomLib/NuclearSystem/.git/objects/8f/18f5364b1f6b8e185e0e72d81b31fd51f843b7' (1,012)
2026-01-21 22:52:15: Copy New 'C:/Users/grabacr/VPSsync/01-WorkspaceSync/modelica-shared/CustomLib/NuclearSystem/.git/objects/95/5022ae673ee5a558bf6d92fbf0e1870fe69ac5' -> 'sftp://os3-310-44666.vs.sakura.ne.jp/home/ubuntu/VPSsync/01-WorkspaceSync/modelica-shared/CustomLib/NuclearSystem/.git/objects/95/5022ae673ee5a558bf6d92fbf0e1870fe69ac5' (977)
2026-01-21 22:52:15: Copy New 'C:/Users/grabacr/VPSsync/01-WorkspaceSync/modelica-shared/CustomLib/NuclearSystem/.git/objects/90/8e00120a4f0acb77dcee6aaf0089d1c1f24688' -> 'sftp://os3-310-44666.vs.sakura.ne.jp/home/ubuntu/VPSsync/01-WorkspaceSync/modelica-shared/CustomLib/NuclearSystem/.git/objects/90/8e00120a4f0acb77dcee6aaf0089d1c1f24688' (375)
2026-01-21 22:52:15: Copy New 'C:/Users/grabacr/VPSsync/01-WorkspaceSync/modelica-shared/CustomLib/NuclearSystem/.git/objects/95/ff87826aa5a6b0cd3681990587cd1f00a40378' -> 'sftp://os3-310-44666.vs.sakura.ne.jp/home/ubuntu/VPSsync/01-WorkspaceSync/modelica-shared/CustomLib/NuclearSystem/.git/objects/95/ff87826aa5a6b0cd3681990587cd1f00a40378' (472)
2026-01-21 22:52:15: Copy New 'C:/Users/grabacr/VPSsync/01-WorkspaceSync/modelica-shared/CustomLib/NuclearSystem/.git/objects/96/1cfb6b0404e261c06ab2e9c0cd7bda874d575e' -> 'sftp://os3-310-44666.vs.sakura.ne.jp/home/ubuntu/VPSsync/01-WorkspaceSync/modelica-shared/CustomLib/NuclearSystem/.git/objects/96/1cfb6b0404e261c06ab2e9c0cd7bda874d575e' (1,003)
2026-01-21 22:52:15: Copy New 'C:/Users/grabacr/VPSsync/01-WorkspaceSync/modelica-shared/CustomLib/NuclearSystem/.git/objects/97/552299eb9c918a7725e55ecf6b803cae5350a5' -> 'sftp://os3-310-44666.vs.sakura.ne.jp/home/ubuntu/VPSsync/01-WorkspaceSync/modelica-shared/CustomLib/NuclearSystem/.git/objects/97/552299eb9c918a7725e55ecf6b803cae5350a5' (1,717)
2026-01-21 22:52:15: Copy New 'C:/Users/grabacr/VPSsync/01-WorkspaceSync/modelica-shared/CustomLib/NuclearSystem/.git/objects/99/d10a65b668ea90d32833fa8ea389663392f07b' -> 'sftp://os3-310-44666.vs.sakura.ne.jp/home/ubuntu/VPSsync/01-WorkspaceSync/modelica-shared/CustomLib/NuclearSystem/.git/objects/99/d10a65b668ea90d32833fa8ea389663392f07b' (996)
2026-01-21 22:52:15: Copy New 'C:/Users/grabacr/VPSsync/01-WorkspaceSync/modelica-shared/CustomLib/NuclearSystem/.git/objects/9b/067898691093d4c2b926bba1054686979fcea1' -> 'sftp://os3-310-44666.vs.sakura.ne.jp/home/ubuntu/VPSsync/01-WorkspaceSync/modelica-shared/CustomLib/NuclearSystem/.git/objects/9b/067898691093d4c2b926bba1054686979fcea1' (999)
2026-01-21 22:52:15: Copy New 'C:/Users/grabacr/VPSsync/01-WorkspaceSync/modelica-shared/CustomLib/NuclearSystem/.git/objects/9b/d26e027311cf02307710f1358fc31debeaae48' -> 'sftp://os3-310-44666.vs.sakura.ne.jp/home/ubuntu/VPSsync/01-WorkspaceSync/modelica-shared/CustomLib/NuclearSystem/.git/objects/9b/d26e027311cf02307710f1358fc31debeaae48' (779)
2026-01-21 22:52:15: Copy New 'C:/Users/grabacr/VPSsync/01-WorkspaceSync/modelica-shared/CustomLib/NuclearSystem/.git/objects/9c/d8b7fda4af61de20f55991c5dfa584c07a5b1b' -> 'sftp://os3-310-44666.vs.sakura.ne.jp/home/ubuntu/VPSsync/01-WorkspaceSync/modelica-shared/CustomLib/NuclearSystem/.git/objects/9c/d8b7fda4af61de20f55991c5dfa584c07a5b1b' (1,009)
2026-01-21 22:52:15: Copy New 'C:/Users/grabacr/VPSsync/01-WorkspaceSync/modelica-shared/CustomLib/NuclearSystem/.git/objects/a0/5e84202cc5599d5d8e1ad92f15b7c54a25849b' -> 'sftp://os3-310-44666.vs.sakura.ne.jp/home/ubuntu/VPSsync/01-WorkspaceSync/modelica-shared/CustomLib/NuclearSystem/.git/objects/a0/5e84202cc5599d5d8e1ad92f15b7c54a25849b' (1,007)
2026-01-21 22:52:15: Copy New 'C:/Users/grabacr/VPSsync/01-WorkspaceSync/modelica-shared/CustomLib/NuclearSystem/.git/objects/a0/bb12b4e70218af5287f3318abbab55a35d7e7b' -> 'sftp://os3-310-44666.vs.sakura.ne.jp/home/ubuntu/VPSsync/01-WorkspaceSync/modelica-shared/CustomLib/NuclearSystem/.git/objects/a0/bb12b4e70218af5287f3318abbab55a35d7e7b' (1,003)
2026-01-21 22:52:15: Copy New 'C:/Users/grabacr/VPSsync/01-WorkspaceSync/modelica-shared/CustomLib/NuclearSystem/.git/objects/a2/00ad99bcd12b01e9dd9407d5b33b02653527bb' -> 'sftp://os3-310-44666.vs.sakura.ne.jp/home/ubuntu/VPSsync/01-WorkspaceSync/modelica-shared/CustomLib/NuclearSystem/.git/objects/a2/00ad99bcd12b01e9dd9407d5b33b02653527bb' (1,008)
2026-01-21 22:52:15: Copy New 'C:/Users/grabacr/VPSsync/01-WorkspaceSync/modelica-shared/CustomLib/NuclearSystem/.git/objects/a2/aaab731430e5eed487c0705259551028e6214e' -> 'sftp://os3-310-44666.vs.sakura.ne.jp/home/ubuntu/VPSsync/01-WorkspaceSync/modelica-shared/CustomLib/NuclearSystem/.git/objects/a2/aaab731430e5eed487c0705259551028e6214e' (999)
2026-01-21 22:52:15: Copy New 'C:/Users/grabacr/VPSsync/01-WorkspaceSync/modelica-shared/CustomLib/NuclearSystem/.git/objects/a4/4925cbbd0bdbf2c5a96736f4d5ee7268db7bcf' -> 'sftp://os3-310-44666.vs.sakura.ne.jp/home/ubuntu/VPSsync/01-WorkspaceSync/modelica-shared/CustomLib/NuclearSystem/.git/objects/a4/4925cbbd0bdbf2c5a96736f4d5ee7268db7bcf' (974)
2026-01-21 22:52:15: Copy New 'C:/Users/grabacr/VPSsync/01-WorkspaceSync/modelica-shared/CustomLib/NuclearSystem/.git/objects/ad/643aea1ae2ded48e9e0b779633034e1777aaf3' -> 'sftp://os3-310-44666.vs.sakura.ne.jp/home/ubuntu/VPSsync/01-WorkspaceSync/modelica-shared/CustomLib/NuclearSystem/.git/objects/ad/643aea1ae2ded48e9e0b779633034e1777aaf3' (1,022)
2026-01-21 22:52:16: Copy New 'C:/Users/grabacr/VPSsync/01-WorkspaceSync/modelica-shared/CustomLib/NuclearSystem/.git/objects/af/c2d94b807c92c15304847aef871bbf50142a6c' -> 'sftp://os3-310-44666.vs.sakura.ne.jp/home/ubuntu/VPSsync/01-WorkspaceSync/modelica-shared/CustomLib/NuclearSystem/.git/objects/af/c2d94b807c92c15304847aef871bbf50142a6c' (537)
2026-01-21 22:52:16: Copy New 'C:/Users/grabacr/VPSsync/01-WorkspaceSync/modelica-shared/CustomLib/NuclearSystem/.git/objects/b0/e7c0307800eb7a445b3aa68334a9b58772415e' -> 'sftp://os3-310-44666.vs.sakura.ne.jp/home/ubuntu/VPSsync/01-WorkspaceSync/modelica-shared/CustomLib/NuclearSystem/.git/objects/b0/e7c0307800eb7a445b3aa68334a9b58772415e' (998)
2026-01-21 22:52:16: Copy New 'C:/Users/grabacr/VPSsync/01-WorkspaceSync/modelica-shared/CustomLib/NuclearSystem/.git/objects/b4/e3b5ebb213dd822ae1a80831a7de97c6903984' -> 'sftp://os3-310-44666.vs.sakura.ne.jp/home/ubuntu/VPSsync/01-WorkspaceSync/modelica-shared/CustomLib/NuclearSystem/.git/objects/b4/e3b5ebb213dd822ae1a80831a7de97c6903984' (1,260)
2026-01-21 22:52:16: Copy New 'C:/Users/grabacr/VPSsync/01-WorkspaceSync/modelica-shared/CustomLib/NuclearSystem/.git/objects/b6/13febd90ef5df48c607b0c72bf71186c210aaa' -> 'sftp://os3-310-44666.vs.sakura.ne.jp/home/ubuntu/VPSsync/01-WorkspaceSync/modelica-shared/CustomLib/NuclearSystem/.git/objects/b6/13febd90ef5df48c607b0c72bf71186c210aaa' (1,023)
2026-01-21 22:52:16: Copy New 'C:/Users/grabacr/VPSsync/01-WorkspaceSync/modelica-shared/CustomLib/NuclearSystem/.git/objects/b6/5926406e22c22affc9ca250a9f283944367e83' -> 'sftp://os3-310-44666.vs.sakura.ne.jp/home/ubuntu/VPSsync/01-WorkspaceSync/modelica-shared/CustomLib/NuclearSystem/.git/objects/b6/5926406e22c22affc9ca250a9f283944367e83' (999)
2026-01-21 22:52:16: Copy New 'C:/Users/grabacr/VPSsync/01-WorkspaceSync/modelica-shared/CustomLib/NuclearSystem/.git/objects/b7/a7c546f8ef4032bbc262933c453fb4aa7f5dca' -> 'sftp://os3-310-44666.vs.sakura.ne.jp/home/ubuntu/VPSsync/01-WorkspaceSync/modelica-shared/CustomLib/NuclearSystem/.git/objects/b7/a7c546f8ef4032bbc262933c453fb4aa7f5dca' (996)
2026-01-21 22:52:16: Copy New 'C:/Users/grabacr/VPSsync/01-WorkspaceSync/modelica-shared/CustomLib/NuclearSystem/.git/objects/ba/5ba407178cc5f983e2d11f70a3e158c58a3ccb' -> 'sftp://os3-310-44666.vs.sakura.ne.jp/home/ubuntu/VPSsync/01-WorkspaceSync/modelica-shared/CustomLib/NuclearSystem/.git/objects/ba/5ba407178cc5f983e2d11f70a3e158c58a3ccb' (1,006)
2026-01-21 22:52:16: Copy New 'C:/Users/grabacr/VPSsync/01-WorkspaceSync/modelica-shared/CustomLib/NuclearSystem/.git/objects/ba/5d222da05a05287e4b287c932a683177fb27b5' -> 'sftp://os3-310-44666.vs.sakura.ne.jp/home/ubuntu/VPSsync/01-WorkspaceSync/modelica-shared/CustomLib/NuclearSystem/.git/objects/ba/5d222da05a05287e4b287c932a683177fb27b5' (993)
2026-01-21 22:52:16: Copy New 'C:/Users/grabacr/VPSsync/01-WorkspaceSync/modelica-shared/CustomLib/NuclearSystem/.git/objects/b7/daabd99f202ab26ef4b3d9120140bb80b1180e' -> 'sftp://os3-310-44666.vs.sakura.ne.jp/home/ubuntu/VPSsync/01-WorkspaceSync/modelica-shared/CustomLib/NuclearSystem/.git/objects/b7/daabd99f202ab26ef4b3d9120140bb80b1180e' (782)
2026-01-21 22:52:16: Copy New 'C:/Users/grabacr/VPSsync/01-WorkspaceSync/modelica-shared/CustomLib/NuclearSystem/.git/objects/bd/e80c00c18ae68942e51fa298c91b4864942246' -> 'sftp://os3-310-44666.vs.sakura.ne.jp/home/ubuntu/VPSsync/01-WorkspaceSync/modelica-shared/CustomLib/NuclearSystem/.git/objects/bd/e80c00c18ae68942e51fa298c91b4864942246' (1,003)
2026-01-21 22:52:16: Copy New 'C:/Users/grabacr/VPSsync/01-WorkspaceSync/modelica-shared/CustomLib/NuclearSystem/.git/objects/be/6f3557f4d861e5b96889c562f6bd82e121abac' -> 'sftp://os3-310-44666.vs.sakura.ne.jp/home/ubuntu/VPSsync/01-WorkspaceSync/modelica-shared/CustomLib/NuclearSystem/.git/objects/be/6f3557f4d861e5b96889c562f6bd82e121abac' (982)
2026-01-21 22:52:16: Copy New 'C:/Users/grabacr/VPSsync/01-WorkspaceSync/modelica-shared/CustomLib/NuclearSystem/.git/objects/bf/38d0861c003668f15cad56433549ca91884478' -> 'sftp://os3-310-44666.vs.sakura.ne.jp/home/ubuntu/VPSsync/01-WorkspaceSync/modelica-shared/CustomLib/NuclearSystem/.git/objects/bf/38d0861c003668f15cad56433549ca91884478' (988)
2026-01-21 22:52:16: Copy New 'C:/Users/grabacr/VPSsync/01-WorkspaceSync/modelica-shared/CustomLib/NuclearSystem/.git/objects/c4/0b9501b47dffda6457858eababb23f0ab17da7' -> 'sftp://os3-310-44666.vs.sakura.ne.jp/home/ubuntu/VPSsync/01-WorkspaceSync/modelica-shared/CustomLib/NuclearSystem/.git/objects/c4/0b9501b47dffda6457858eababb23f0ab17da7' (1,088)
2026-01-21 22:52:16: Copy New 'C:/Users/grabacr/VPSsync/01-WorkspaceSync/modelica-shared/CustomLib/NuclearSystem/.git/objects/c5/295ed88a573820a3be255e0ab85c6ba28bdf4c' -> 'sftp://os3-310-44666.vs.sakura.ne.jp/home/ubuntu/VPSsync/01-WorkspaceSync/modelica-shared/CustomLib/NuclearSystem/.git/objects/c5/295ed88a573820a3be255e0ab85c6ba28bdf4c' (779)
2026-01-21 22:52:16: Copy New 'C:/Users/grabacr/VPSsync/01-WorkspaceSync/modelica-shared/CustomLib/NuclearSystem/.git/objects/c9/a40c3654781c4276e32affcc4d94128648cf63' -> 'sftp://os3-310-44666.vs.sakura.ne.jp/home/ubuntu/VPSsync/01-WorkspaceSync/modelica-shared/CustomLib/NuclearSystem/.git/objects/c9/a40c3654781c4276e32affcc4d94128648cf63' (1,008)
2026-01-21 22:52:16: Copy New 'C:/Users/grabacr/VPSsync/01-WorkspaceSync/modelica-shared/CustomLib/NuclearSystem/.git/objects/ca/9cd085e4380d0bf83000aa83255da519c94c80' -> 'sftp://os3-310-44666.vs.sakura.ne.jp/home/ubuntu/VPSsync/01-WorkspaceSync/modelica-shared/CustomLib/NuclearSystem/.git/objects/ca/9cd085e4380d0bf83000aa83255da519c94c80' (783)
2026-01-21 22:52:16: Copy New 'C:/Users/grabacr/VPSsync/01-WorkspaceSync/modelica-shared/CustomLib/NuclearSystem/.git/objects/ca/ff1dc20004ffff537ab2d8062c3a8e912e94c3' -> 'sftp://os3-310-44666.vs.sakura.ne.jp/home/ubuntu/VPSsync/01-WorkspaceSync/modelica-shared/CustomLib/NuclearSystem/.git/objects/ca/ff1dc20004ffff537ab2d8062c3a8e912e94c3' (780)
2026-01-21 22:52:17: Copy New 'C:/Users/grabacr/VPSsync/01-WorkspaceSync/modelica-shared/CustomLib/NuclearSystem/.git/objects/cd/03b53c8a7ce3672d6ab6ae381765471d720fd6' -> 'sftp://os3-310-44666.vs.sakura.ne.jp/home/ubuntu/VPSsync/01-WorkspaceSync/modelica-shared/CustomLib/NuclearSystem/.git/objects/cd/03b53c8a7ce3672d6ab6ae381765471d720fd6' (1,005)
2026-01-21 22:52:17: Copy New 'C:/Users/grabacr/VPSsync/01-WorkspaceSync/modelica-shared/CustomLib/NuclearSystem/.git/objects/cc/6a0c897f80bdc3e32179259d1c6845f7baf9e3' -> 'sftp://os3-310-44666.vs.sakura.ne.jp/home/ubuntu/VPSsync/01-WorkspaceSync/modelica-shared/CustomLib/NuclearSystem/.git/objects/cc/6a0c897f80bdc3e32179259d1c6845f7baf9e3' (169,854)
2026-01-21 22:52:17: Copy New 'C:/Users/grabacr/VPSsync/01-WorkspaceSync/modelica-shared/CustomLib/NuclearSystem/.git/objects/ce/968272f33a441361307a6ce7a7df693296fcf3' -> 'sftp://os3-310-44666.vs.sakura.ne.jp/home/ubuntu/VPSsync/01-WorkspaceSync/modelica-shared/CustomLib/NuclearSystem/.git/objects/ce/968272f33a441361307a6ce7a7df693296fcf3' (171)
2026-01-21 22:52:17: Copy New 'C:/Users/grabacr/VPSsync/01-WorkspaceSync/modelica-shared/CustomLib/NuclearSystem/.git/objects/cf/e40da28d04aa9d0b87546c168f95ed8eadd029' -> 'sftp://os3-310-44666.vs.sakura.ne.jp/home/ubuntu/VPSsync/01-WorkspaceSync/modelica-shared/CustomLib/NuclearSystem/.git/objects/cf/e40da28d04aa9d0b87546c168f95ed8eadd029' (993)
2026-01-21 22:52:17: Copy New 'C:/Users/grabacr/VPSsync/01-WorkspaceSync/modelica-shared/CustomLib/NuclearSystem/.git/objects/d3/06edcbe0c107b14254af6c04d0cf674df0d60e' -> 'sftp://os3-310-44666.vs.sakura.ne.jp/home/ubuntu/VPSsync/01-WorkspaceSync/modelica-shared/CustomLib/NuclearSystem/.git/objects/d3/06edcbe0c107b14254af6c04d0cf674df0d60e' (1,371)
2026-01-21 22:52:17: Copy New 'C:/Users/grabacr/VPSsync/01-WorkspaceSync/modelica-shared/CustomLib/NuclearSystem/.git/objects/d3/c9575b54a0f5ebc0810394037ab8c1d7432b88' -> 'sftp://os3-310-44666.vs.sakura.ne.jp/home/ubuntu/VPSsync/01-WorkspaceSync/modelica-shared/CustomLib/NuclearSystem/.git/objects/d3/c9575b54a0f5ebc0810394037ab8c1d7432b88' (1,024)
2026-01-21 22:52:17: Copy New 'C:/Users/grabacr/VPSsync/01-WorkspaceSync/modelica-shared/CustomLib/NuclearSystem/.git/objects/d4/fc112bff24028279b4f7942737a28781309386' -> 'sftp://os3-310-44666.vs.sakura.ne.jp/home/ubuntu/VPSsync/01-WorkspaceSync/modelica-shared/CustomLib/NuclearSystem/.git/objects/d4/fc112bff24028279b4f7942737a28781309386' (250)
2026-01-21 22:52:17: Copy New 'C:/Users/grabacr/VPSsync/01-WorkspaceSync/modelica-shared/CustomLib/NuclearSystem/.git/objects/da/682c85c59d94df59ee7f073a5fc7a5a9529671' -> 'sftp://os3-310-44666.vs.sakura.ne.jp/home/ubuntu/VPSsync/01-WorkspaceSync/modelica-shared/CustomLib/NuclearSystem/.git/objects/da/682c85c59d94df59ee7f073a5fc7a5a9529671' (968)
2026-01-21 22:52:17: Copy New 'C:/Users/grabacr/VPSsync/01-WorkspaceSync/modelica-shared/CustomLib/NuclearSystem/.git/objects/db/1bda3274b8266538619213d82305f42fad3312' -> 'sftp://os3-310-44666.vs.sakura.ne.jp/home/ubuntu/VPSsync/01-WorkspaceSync/modelica-shared/CustomLib/NuclearSystem/.git/objects/db/1bda3274b8266538619213d82305f42fad3312' (1,065)
2026-01-21 22:52:17: Copy New 'C:/Users/grabacr/VPSsync/01-WorkspaceSync/modelica-shared/CustomLib/NuclearSystem/.git/objects/dd/2b47e04a9070394369014c639e756aa244bc06' -> 'sftp://os3-310-44666.vs.sakura.ne.jp/home/ubuntu/VPSsync/01-WorkspaceSync/modelica-shared/CustomLib/NuclearSystem/.git/objects/dd/2b47e04a9070394369014c639e756aa244bc06' (1,006)
2026-01-21 22:52:17: Copy New 'C:/Users/grabacr/VPSsync/01-WorkspaceSync/modelica-shared/CustomLib/NuclearSystem/.git/objects/db/8d87441b500e31061ebb9419a998b0537220e2' -> 'sftp://os3-310-44666.vs.sakura.ne.jp/home/ubuntu/VPSsync/01-WorkspaceSync/modelica-shared/CustomLib/NuclearSystem/.git/objects/db/8d87441b500e31061ebb9419a998b0537220e2' (1,048)
2026-01-21 22:52:17: Copy New 'C:/Users/grabacr/VPSsync/01-WorkspaceSync/modelica-shared/CustomLib/NuclearSystem/.git/objects/de/ba686250cb7496276ac3bc8ebb3b3d32dac2c1' -> 'sftp://os3-310-44666.vs.sakura.ne.jp/home/ubuntu/VPSsync/01-WorkspaceSync/modelica-shared/CustomLib/NuclearSystem/.git/objects/de/ba686250cb7496276ac3bc8ebb3b3d32dac2c1' (1,014)
2026-01-21 22:52:17: Copy New 'C:/Users/grabacr/VPSsync/01-WorkspaceSync/modelica-shared/CustomLib/NuclearSystem/.git/objects/e2/108b70719752a1a9e023a859997d4ac9109fdf' -> 'sftp://os3-310-44666.vs.sakura.ne.jp/home/ubuntu/VPSsync/01-WorkspaceSync/modelica-shared/CustomLib/NuclearSystem/.git/objects/e2/108b70719752a1a9e023a859997d4ac9109fdf' (1,860)
2026-01-21 22:52:17: Copy New 'C:/Users/grabacr/VPSsync/01-WorkspaceSync/modelica-shared/CustomLib/NuclearSystem/.git/objects/e4/2d3262ac486af107506652785e11d480d78705' -> 'sftp://os3-310-44666.vs.sakura.ne.jp/home/ubuntu/VPSsync/01-WorkspaceSync/modelica-shared/CustomLib/NuclearSystem/.git/objects/e4/2d3262ac486af107506652785e11d480d78705' (782)
2026-01-21 22:52:17: Copy New 'C:/Users/grabacr/VPSsync/01-WorkspaceSync/modelica-shared/CustomLib/NuclearSystem/.git/objects/e5/93a44e4d809003c84da436833e659b0f6033bf' -> 'sftp://os3-310-44666.vs.sakura.ne.jp/home/ubuntu/VPSsync/01-WorkspaceSync/modelica-shared/CustomLib/NuclearSystem/.git/objects/e5/93a44e4d809003c84da436833e659b0f6033bf' (1,017)
2026-01-21 22:52:17: Copy New 'C:/Users/grabacr/VPSsync/01-WorkspaceSync/modelica-shared/CustomLib/NuclearSystem/.git/objects/e5/b0139c0a60028990003a92d92f7dadb5c45d51' -> 'sftp://os3-310-44666.vs.sakura.ne.jp/home/ubuntu/VPSsync/01-WorkspaceSync/modelica-shared/CustomLib/NuclearSystem/.git/objects/e5/b0139c0a60028990003a92d92f7dadb5c45d51' (1,015)
2026-01-21 22:52:17: Copy New 'C:/Users/grabacr/VPSsync/01-WorkspaceSync/modelica-shared/CustomLib/NuclearSystem/.git/objects/e7/cf1ab679c9cf77189146400fd39aea331e0de2' -> 'sftp://os3-310-44666.vs.sakura.ne.jp/home/ubuntu/VPSsync/01-WorkspaceSync/modelica-shared/CustomLib/NuclearSystem/.git/objects/e7/cf1ab679c9cf77189146400fd39aea331e0de2' (1,003)
2026-01-21 22:52:17: Copy New 'C:/Users/grabacr/VPSsync/01-WorkspaceSync/modelica-shared/CustomLib/NuclearSystem/.git/objects/e8/f6f06bbd877c6c97aa516d3920a3cfea33f5a9' -> 'sftp://os3-310-44666.vs.sakura.ne.jp/home/ubuntu/VPSsync/01-WorkspaceSync/modelica-shared/CustomLib/NuclearSystem/.git/objects/e8/f6f06bbd877c6c97aa516d3920a3cfea33f5a9' (1,014)
2026-01-21 22:52:17: Copy New 'C:/Users/grabacr/VPSsync/01-WorkspaceSync/modelica-shared/CustomLib/NuclearSystem/.git/objects/e9/6cb45038b14a8fb1f336428389964b1667f425' -> 'sftp://os3-310-44666.vs.sakura.ne.jp/home/ubuntu/VPSsync/01-WorkspaceSync/modelica-shared/CustomLib/NuclearSystem/.git/objects/e9/6cb45038b14a8fb1f336428389964b1667f425' (787)
2026-01-21 22:52:18: Copy New 'C:/Users/grabacr/VPSsync/01-WorkspaceSync/modelica-shared/CustomLib/NuclearSystem/.git/objects/ea/f676c6d45872bb19a976a841ae0bfcc827c5ce' -> 'sftp://os3-310-44666.vs.sakura.ne.jp/home/ubuntu/VPSsync/01-WorkspaceSync/modelica-shared/CustomLib/NuclearSystem/.git/objects/ea/f676c6d45872bb19a976a841ae0bfcc827c5ce' (779)
2026-01-21 22:52:18: Copy New 'C:/Users/grabacr/VPSsync/01-WorkspaceSync/modelica-shared/CustomLib/NuclearSystem/.git/objects/eb/ec4a71e4db3511bdd6e499eeb9edbd75bbc915' -> 'sftp://os3-310-44666.vs.sakura.ne.jp/home/ubuntu/VPSsync/01-WorkspaceSync/modelica-shared/CustomLib/NuclearSystem/.git/objects/eb/ec4a71e4db3511bdd6e499eeb9edbd75bbc915' (1,009)
2026-01-21 22:52:18: Copy New 'C:/Users/grabacr/VPSsync/01-WorkspaceSync/modelica-shared/CustomLib/NuclearSystem/.git/objects/ed/18c0750d082a6977d8ee1c7a9ffb4e10763deb' -> 'sftp://os3-310-44666.vs.sakura.ne.jp/home/ubuntu/VPSsync/01-WorkspaceSync/modelica-shared/CustomLib/NuclearSystem/.git/objects/ed/18c0750d082a6977d8ee1c7a9ffb4e10763deb' (1,014)
2026-01-21 22:52:18: Copy New 'C:/Users/grabacr/VPSsync/01-WorkspaceSync/modelica-shared/CustomLib/NuclearSystem/.git/objects/f2/119714edeccec874bbf7b5a2feed1722cab356' -> 'sftp://os3-310-44666.vs.sakura.ne.jp/home/ubuntu/VPSsync/01-WorkspaceSync/modelica-shared/CustomLib/NuclearSystem/.git/objects/f2/119714edeccec874bbf7b5a2feed1722cab356' (1,026)
2026-01-21 22:52:18: Copy New 'C:/Users/grabacr/VPSsync/01-WorkspaceSync/modelica-shared/CustomLib/NuclearSystem/.git/objects/f3/b823fbda6c0d37fb5e7361ea65a3ad4f373b70' -> 'sftp://os3-310-44666.vs.sakura.ne.jp/home/ubuntu/VPSsync/01-WorkspaceSync/modelica-shared/CustomLib/NuclearSystem/.git/objects/f3/b823fbda6c0d37fb5e7361ea65a3ad4f373b70' (1,020)
2026-01-21 22:52:18: Copy New 'C:/Users/grabacr/VPSsync/01-WorkspaceSync/modelica-shared/CustomLib/NuclearSystem/.git/objects/f4/64af4fbdc5b8f701432dff73b013c83fa63951' -> 'sftp://os3-310-44666.vs.sakura.ne.jp/home/ubuntu/VPSsync/01-WorkspaceSync/modelica-shared/CustomLib/NuclearSystem/.git/objects/f4/64af4fbdc5b8f701432dff73b013c83fa63951' (977)
2026-01-21 22:52:18: Copy New 'C:/Users/grabacr/VPSsync/01-WorkspaceSync/modelica-shared/CustomLib/NuclearSystem/.git/objects/f6/a6a8c63ba3ec70645de6537620ac005a672eb0' -> 'sftp://os3-310-44666.vs.sakura.ne.jp/home/ubuntu/VPSsync/01-WorkspaceSync/modelica-shared/CustomLib/NuclearSystem/.git/objects/f6/a6a8c63ba3ec70645de6537620ac005a672eb0' (172)
2026-01-21 22:52:18: Copy New 'C:/Users/grabacr/VPSsync/01-WorkspaceSync/modelica-shared/CustomLib/NuclearSystem/.git/objects/f8/1143b41c4478549dfe4710f63b567a8ccd0312' -> 'sftp://os3-310-44666.vs.sakura.ne.jp/home/ubuntu/VPSsync/01-WorkspaceSync/modelica-shared/CustomLib/NuclearSystem/.git/objects/f8/1143b41c4478549dfe4710f63b567a8ccd0312' (1,003)
2026-01-21 22:52:18: > Copy Over 'C:/Users/grabacr/VPSsync/01-WorkspaceSync/modelica-shared/CustomLib/NuclearSystem/.git/objects/pack/pack-a8187e931d4692c35c39c14d85fa3ee668f297a5.pack' -> 'sftp://os3-310-44666.vs.sakura.ne.jp/home/ubuntu/VPSsync/01-WorkspaceSync/modelica-shared/CustomLib/NuclearSystem/.git/objects/pack/pack-a8187e931d4692c35c39c14d85fa3ee668f297a5.pack' (5,385,365)
2026-01-21 22:52:18: Copy New 'C:/Users/grabacr/VPSsync/01-WorkspaceSync/modelica-shared/CustomLib/NuclearSystem/.git/objects/fb/5d769167cdcc6b51ed5adf4ee01d90d8293d22' -> 'sftp://os3-310-44666.vs.sakura.ne.jp/home/ubuntu/VPSsync/01-WorkspaceSync/modelica-shared/CustomLib/NuclearSystem/.git/objects/fb/5d769167cdcc6b51ed5adf4ee01d90d8293d22' (783)
2026-01-21 22:52:18: Copy New 'C:/Users/grabacr/VPSsync/01-WorkspaceSync/modelica-shared/CustomLib/NuclearSystem/.git/objects/fd/4f12e8d4f09d0686018001f293811c56a93f4d' -> 'sftp://os3-310-44666.vs.sakura.ne.jp/home/ubuntu/VPSsync/01-WorkspaceSync/modelica-shared/CustomLib/NuclearSystem/.git/objects/fd/4f12e8d4f09d0686018001f293811c56a93f4d' (559)
2026-01-21 22:52:20: Copy Over 'C:/Users/grabacr/VPSsync/01-WorkspaceSync/modelica-shared/CustomLib/NuclearSystem/.git/logs/HEAD' -> 'sftp://os3-310-44666.vs.sakura.ne.jp/home/ubuntu/VPSsync/01-WorkspaceSync/modelica-shared/CustomLib/NuclearSystem/.git/logs/HEAD' (12,058)
2026-01-21 22:52:20: Copy Over 'C:/Users/grabacr/VPSsync/01-WorkspaceSync/modelica-shared/CustomLib/NuclearSystem/.git/logs/refs/heads/main' -> 'sftp://os3-310-44666.vs.sakura.ne.jp/home/ubuntu/VPSsync/01-WorkspaceSync/modelica-shared/CustomLib/NuclearSystem/.git/logs/refs/heads/main' (12,058)
2026-01-21 22:52:20: < Copy Over 'C:/Users/grabacr/VPSsync/01-WorkspaceSync/modelica-shared/CustomLib/NuclearSystem/.git/objects/pack/pack-a8187e931d4692c35c39c14d85fa3ee668f297a5.pack' -> 'sftp://os3-310-44666.vs.sakura.ne.jp/home/ubuntu/VPSsync/01-WorkspaceSync/modelica-shared/CustomLib/NuclearSystem/.git/objects/pack/pack-a8187e931d4692c35c39c14d85fa3ee668f297a5.pack' (5,385,365)
2026-01-21 22:52:20: Copy Over 'C:/Users/grabacr/VPSsync/01-WorkspaceSync/modelica-shared/CustomLib/NuclearSystem/.git/refs/heads/main' -> 'sftp://os3-310-44666.vs.sakura.ne.jp/home/ubuntu/VPSsync/01-WorkspaceSync/modelica-shared/CustomLib/NuclearSystem/.git/refs/heads/main' (41)
2026-01-21 22:52:20: Copy Over 'C:/Users/grabacr/VPSsync/01-WorkspaceSync/modelica-shared/CustomLib/NuclearSystem/.git/logs/refs/remotes/origin/main' -> 'sftp://os3-310-44666.vs.sakura.ne.jp/home/ubuntu/VPSsync/01-WorkspaceSync/modelica-shared/CustomLib/NuclearSystem/.git/logs/refs/remotes/origin/main' (9,337)
2026-01-21 22:52:21: Copy Over 'C:/Users/grabacr/VPSsync/01-WorkspaceSync/modelica-shared/CustomLib/NuclearSystem/.git/sourcetreeconfig.json' -> 'sftp://os3-310-44666.vs.sakura.ne.jp/home/ubuntu/VPSsync/01-WorkspaceSync/modelica-shared/CustomLib/NuclearSystem/.git/sourcetreeconfig.json' (833)
2026-01-21 22:52:21: Copy Over 'C:/Users/grabacr/VPSsync/01-WorkspaceSync/modelica-shared/CustomLib/NuclearSystem/.git/refs/remotes/origin/main' -> 'sftp://os3-310-44666.vs.sakura.ne.jp/home/ubuntu/VPSsync/01-WorkspaceSync/modelica-shared/CustomLib/NuclearSystem/.git/refs/remotes/origin/main' (41)
2026-01-21 22:52:21: Save State File C:/Users/grabacr/VPSsync/01-WorkspaceSync/modelica-shared/CustomLib/NuclearSystem/_gsdata_/_file_state_v4._gs
2026-01-21 22:52:23: Save State File sftp://os3-310-44666.vs.sakura.ne.jp/home/ubuntu/VPSsync/01-WorkspaceSync/modelica-shared/CustomLib/NuclearSystem/_gsdata_/_file_state_v4._gs
2026-01-21 22:52:35: == Sync Complete. Time: 00:00:26, Speed: 480.05 KB/s, OK: 133, Errors: 0
