2026-01-21 06:20:31: Server: SSH-2.0-OpenSSH_9.6p1 Ubuntu-3ubuntu13.14
2026-01-21 06:20:31: Server KEXes: sntrup761x25519-sha512@openssh.com,curve25519-sha256,curve25519-sha256@libssh.org,ecdh-sha2-nistp256,ecdh-sha2-nistp384,ecdh-sha2-nistp521,diffie-hellman-group-exchange-sha256,diffie-hellman-group16-sha512,diffie-hellman-group18-sha512,diffie-hellman-group14-sha256,ext-info-s,kex-strict-s-v00@openssh.com
2026-01-21 06:20:31: Server Host Keys: rsa-sha2-512,rsa-sha2-256,ecdsa-sha2-nistp256,ssh-ed25519
2026-01-21 06:20:31: Chosen Host Key: ssh-ed25519
2026-01-21 06:20:31: Ciphers: chacha20-poly1305@openssh.com,aes128-ctr,aes192-ctr,aes256-ctr,aes128-gcm@openssh.com,aes256-gcm@openssh.com
2026-01-21 06:20:31: MACs: umac-64-etm@openssh.com,umac-128-etm@openssh.com,hmac-sha2-256-etm@openssh.com,hmac-sha2-512-etm@openssh.com,hmac-sha1-etm@openssh.com,umac-64@openssh.com,umac-128@openssh.com,hmac-sha2-256,hmac-sha2-512,hmac-sha1
2026-01-21 06:20:31: Auth: start: publickey
2026-01-21 06:20:31: Auth: publickey: no keys available
2026-01-21 06:20:31: Auth: start: password
2026-01-21 06:20:32: -- Analysis Started by On File Change First Full Analyze Upon Folder Connect
2026-01-21 06:20:32: L: Reading State File C:/Users/grabacr/VPSsync/01-WorkspaceSync/modelica-shared/CustomLib/NuclearSystem/_gsdata_/_file_state_v4._gs
2026-01-21 06:20:33: R: Reading State File sftp://os3-310-44666.vs.sakura.ne.jp/home/ubuntu/VPSsync/01-WorkspaceSync/modelica-shared/CustomLib/NuclearSystem/_gsdata_/_file_state_v4._gs
2026-01-21 06:21:03: Changes: 3, Conflicts: 0, CopyTime: 0, FixState: 0, Errors: 0, All: 3748
2026-01-21 06:21:03: Left to Right: Copy File: 3 
2026-01-21 06:21:03: == Sync Started by On File Change First Full Analyze Upon Folder Connect
2026-01-21 06:21:03: ConnectCloned connected to file:///~grabacr/VPSsync/01-WorkspaceSync/modelica-shared/CustomLib/NuclearSystem
2026-01-21 06:21:03: ConnectCloned connected to file:///~grabacr/VPSsync/01-WorkspaceSync/modelica-shared/CustomLib/NuclearSystem
2026-01-21 06:21:03: ConnectCloned connected to file:///~grabacr/VPSsync/01-WorkspaceSync/modelica-shared/CustomLib/NuclearSystem
2026-01-21 06:21:03: Server: SSH-2.0-OpenSSH_9.6p1 Ubuntu-3ubuntu13.14
2026-01-21 06:21:03: Server: SSH-2.0-OpenSSH_9.6p1 Ubuntu-3ubuntu13.14
2026-01-21 06:21:03: Server: SSH-2.0-OpenSSH_9.6p1 Ubuntu-3ubuntu13.14
2026-01-21 06:21:03: Server KEXes: sntrup761x25519-sha512@openssh.com,curve25519-sha256,curve25519-sha256@libssh.org,ecdh-sha2-nistp256,ecdh-sha2-nistp384,ecdh-sha2-nistp521,diffie-hellman-group-exchange-sha256,diffie-hellman-group16-sha512,diffie-hellman-group18-sha512,diffie-hellman-group14-sha256,ext-info-s,kex-strict-s-v00@openssh.com
2026-01-21 06:21:03: Server Host Keys: rsa-sha2-512,rsa-sha2-256,ecdsa-sha2-nistp256,ssh-ed25519
2026-01-21 06:21:03: Chosen Host Key: ssh-ed25519
2026-01-21 06:21:03: Ciphers: chacha20-poly1305@openssh.com,aes128-ctr,aes192-ctr,aes256-ctr,aes128-gcm@openssh.com,aes256-gcm@openssh.com
2026-01-21 06:21:03: MACs: umac-64-etm@openssh.com,umac-128-etm@openssh.com,hmac-sha2-256-etm@openssh.com,hmac-sha2-512-etm@openssh.com,hmac-sha1-etm@openssh.com,umac-64@openssh.com,umac-128@openssh.com,hmac-sha2-256,hmac-sha2-512,hmac-sha1
2026-01-21 06:21:03: Server KEXes: sntrup761x25519-sha512@openssh.com,curve25519-sha256,curve25519-sha256@libssh.org,ecdh-sha2-nistp256,ecdh-sha2-nistp384,ecdh-sha2-nistp521,diffie-hellman-group-exchange-sha256,diffie-hellman-group16-sha512,diffie-hellman-group18-sha512,diffie-hellman-group14-sha256,ext-info-s,kex-strict-s-v00@openssh.com
2026-01-21 06:21:03: Server Host Keys: rsa-sha2-512,rsa-sha2-256,ecdsa-sha2-nistp256,ssh-ed25519
2026-01-21 06:21:03: Chosen Host Key: ssh-ed25519
2026-01-21 06:21:03: Ciphers: chacha20-poly1305@openssh.com,aes128-ctr,aes192-ctr,aes256-ctr,aes128-gcm@openssh.com,aes256-gcm@openssh.com
2026-01-21 06:21:03: MACs: umac-64-etm@openssh.com,umac-128-etm@openssh.com,hmac-sha2-256-etm@openssh.com,hmac-sha2-512-etm@openssh.com,hmac-sha1-etm@openssh.com,umac-64@openssh.com,umac-128@openssh.com,hmac-sha2-256,hmac-sha2-512,hmac-sha1
2026-01-21 06:21:03: Server KEXes: sntrup761x25519-sha512@openssh.com,curve25519-sha256,curve25519-sha256@libssh.org,ecdh-sha2-nistp256,ecdh-sha2-nistp384,ecdh-sha2-nistp521,diffie-hellman-group-exchange-sha256,diffie-hellman-group16-sha512,diffie-hellman-group18-sha512,diffie-hellman-group14-sha256,ext-info-s,kex-strict-s-v00@openssh.com
2026-01-21 06:21:03: Server Host Keys: rsa-sha2-512,rsa-sha2-256,ecdsa-sha2-nistp256,ssh-ed25519
2026-01-21 06:21:03: Chosen Host Key: ssh-ed25519
2026-01-21 06:21:03: Ciphers: chacha20-poly1305@openssh.com,aes128-ctr,aes192-ctr,aes256-ctr,aes128-gcm@openssh.com,aes256-gcm@openssh.com
2026-01-21 06:21:03: MACs: umac-64-etm@openssh.com,umac-128-etm@openssh.com,hmac-sha2-256-etm@openssh.com,hmac-sha2-512-etm@openssh.com,hmac-sha1-etm@openssh.com,umac-64@openssh.com,umac-128@openssh.com,hmac-sha2-256,hmac-sha2-512,hmac-sha1
2026-01-21 06:21:03: Auth: start: publickey
2026-01-21 06:21:03: Auth: publickey: no keys available
2026-01-21 06:21:03: Auth: start: password
2026-01-21 06:21:03: Auth: start: publickey
2026-01-21 06:21:03: Auth: start: publickey
2026-01-21 06:21:03: Auth: publickey: no keys available
2026-01-21 06:21:03: Auth: start: password
2026-01-21 06:21:03: Auth: publickey: no keys available
2026-01-21 06:21:03: Auth: start: password
2026-01-21 06:21:04: GsConnectAndSetRoot1 connected to sftp://os3-310-44666.vs.sakura.ne.jp/home/ubuntu/VPSsync/01-WorkspaceSync/modelica-shared/CustomLib/NuclearSystem
2026-01-21 06:21:04: GsConnectAndSetRoot1 connected to sftp://os3-310-44666.vs.sakura.ne.jp/home/ubuntu/VPSsync/01-WorkspaceSync/modelica-shared/CustomLib/NuclearSystem
2026-01-21 06:21:04: GsConnectAndSetRoot1 connected to sftp://os3-310-44666.vs.sakura.ne.jp/home/ubuntu/VPSsync/01-WorkspaceSync/modelica-shared/CustomLib/NuclearSystem
2026-01-21 06:21:05: C:/Users/grabacr/VPSsync/01-WorkspaceSync/modelica-shared/CustomLib/NuclearSystem/Kinetics/Examples/EngineeringStudyModels/package.order: Source file has changed between Analyze and Sync from '[file] size=230 accu-time=2026-01-21 06:19:58 attr=Archive,WArchive cktype=0' to 'size=230 time=2026-01-21 06:20:46', noted in source file state
2026-01-21 06:21:05: C:/Users/grabacr/VPSsync/01-WorkspaceSync/modelica-shared/CustomLib/NuclearSystem/Kinetics/Examples/EngineeringStudyModels/KineticReactorWithVolumeFeedback_01.mo: Source file has changed between Analyze and Sync from '[file] size=6,895 accu-time=2026-01-21 06:19:58 attr=Archive,WArchive cktype=0' to 'size=6,895 time=2026-01-21 06:20:46', noted in source file state
2026-01-21 06:21:05: Copy Over 'C:/Users/grabacr/VPSsync/01-WorkspaceSync/modelica-shared/CustomLib/NuclearSystem/Kinetics/Examples/EngineeringStudyModels/KineticReactorWithVolumeFeedback_01.mo' -> 'sftp://os3-310-44666.vs.sakura.ne.jp/home/ubuntu/VPSsync/01-WorkspaceSync/modelica-shared/CustomLib/NuclearSystem/Kinetics/Examples/EngineeringStudyModels/KineticReactorWithVolumeFeedback_01.mo' (6,895)
2026-01-21 06:21:05: Copy Over 'C:/Users/grabacr/VPSsync/01-WorkspaceSync/modelica-shared/CustomLib/NuclearSystem/.git/FETCH_HEAD' -> 'sftp://os3-310-44666.vs.sakura.ne.jp/home/ubuntu/VPSsync/01-WorkspaceSync/modelica-shared/CustomLib/NuclearSystem/.git/FETCH_HEAD' (106)
2026-01-21 06:21:05: Copy Over 'C:/Users/grabacr/VPSsync/01-WorkspaceSync/modelica-shared/CustomLib/NuclearSystem/Kinetics/Examples/EngineeringStudyModels/package.order' -> 'sftp://os3-310-44666.vs.sakura.ne.jp/home/ubuntu/VPSsync/01-WorkspaceSync/modelica-shared/CustomLib/NuclearSystem/Kinetics/Examples/EngineeringStudyModels/package.order' (230)
2026-01-21 06:21:05: Save State File C:/Users/grabacr/VPSsync/01-WorkspaceSync/modelica-shared/CustomLib/NuclearSystem/_gsdata_/_file_state_v4._gs
2026-01-21 06:21:06: Save State File sftp://os3-310-44666.vs.sakura.ne.jp/home/ubuntu/VPSsync/01-WorkspaceSync/modelica-shared/CustomLib/NuclearSystem/_gsdata_/_file_state_v4._gs
2026-01-21 06:21:19: == Sync Complete. Time: 00:00:16, Speed: 0.00/s, OK: 3, Errors: 0
