2026-01-06 06:49:10: Server: SSH-2.0-OpenSSH_9.6p1 Ubuntu-3ubuntu13.14
2026-01-06 06:49:10: Server KEXes: sntrup761x25519-sha512@openssh.com,curve25519-sha256,curve25519-sha256@libssh.org,ecdh-sha2-nistp256,ecdh-sha2-nistp384,ecdh-sha2-nistp521,diffie-hellman-group-exchange-sha256,diffie-hellman-group16-sha512,diffie-hellman-group18-sha512,diffie-hellman-group14-sha256,ext-info-s,kex-strict-s-v00@openssh.com
2026-01-06 06:49:10: Server Host Keys: rsa-sha2-512,rsa-sha2-256,ecdsa-sha2-nistp256,ssh-ed25519
2026-01-06 06:49:10: Chosen Host Key: ssh-ed25519
2026-01-06 06:49:10: Ciphers: chacha20-poly1305@openssh.com,aes128-ctr,aes192-ctr,aes256-ctr,aes128-gcm@openssh.com,aes256-gcm@openssh.com
2026-01-06 06:49:10: MACs: umac-64-etm@openssh.com,umac-128-etm@openssh.com,hmac-sha2-256-etm@openssh.com,hmac-sha2-512-etm@openssh.com,hmac-sha1-etm@openssh.com,umac-64@openssh.com,umac-128@openssh.com,hmac-sha2-256,hmac-sha2-512,hmac-sha1
2026-01-06 06:49:10: Auth: start: publickey
2026-01-06 06:49:10: Auth: publickey: no keys available
2026-01-06 06:49:10: Auth: start: password
2026-01-06 06:49:11: -- Analysis Started by On File Change, After Delay
2026-01-06 06:49:11: L: State File has changed, so re-read it: C:/Users/grabacr/VPSsync/01-WorkspaceSync/modelica-shared/CustomLib/NuclearSystem/_gsdata_/_file_state_v4._gs
2026-01-06 06:49:11: L: Reading State File C:/Users/grabacr/VPSsync/01-WorkspaceSync/modelica-shared/CustomLib/NuclearSystem/_gsdata_/_file_state_v4._gs
2026-01-06 06:49:12: R: State File has changed, so re-read it: sftp://os3-310-44666.vs.sakura.ne.jp/home/ubuntu/VPSsync/01-WorkspaceSync/modelica-shared/CustomLib/NuclearSystem/_gsdata_/_file_state_v4._gs
2026-01-06 06:49:12: R: Reading State File sftp://os3-310-44666.vs.sakura.ne.jp/home/ubuntu/VPSsync/01-WorkspaceSync/modelica-shared/CustomLib/NuclearSystem/_gsdata_/_file_state_v4._gs
2026-01-06 06:49:12: /.git/COMMIT_EDITMSG: R:TimeSize<>; Warning: Older file to replace Newer file
2026-01-06 06:49:12: /.git/index: R:TimeSize<>; Warning: Older file to replace Newer file
2026-01-06 06:49:12: /.git/logs/HEAD: R:TimeSize<>; Warning: Older file to replace Newer file
2026-01-06 06:49:12: /.git/logs/refs/heads/main: R:TimeSize<>; Warning: Older file to replace Newer file
2026-01-06 06:49:12: /.git/logs/refs/remotes/origin/main: R:TimeSize<>; Warning: Older file to replace Newer file
2026-01-06 06:49:12: /.git/objects/2e/e872822c687e4312d64cb42e563db9d3ef8063: R:TimeSize<>; Warning: Older file to replace Newer file
2026-01-06 06:49:12: /.git/objects/37/d8a05eb70efeb946b48f33811ca6e8f64c3b42: R:TimeSize<>; Warning: Older file to replace Newer file
2026-01-06 06:49:12: /.git/objects/4a/9c5b75d503aa637191b71c616771dd649f7ffd: R:TimeSize<>; Warning: Older file to replace Newer file
2026-01-06 06:49:12: /.git/objects/70/480557ea5bdfeead7b7fda103bf045f2798477: R:TimeSize<>; Warning: Older file to replace Newer file
2026-01-06 06:49:12: /.git/objects/7a/879a3e886cca03aa856e7397df35dd06153c01: R:TimeSize<>; Warning: Older file to replace Newer file
2026-01-06 06:49:12: /.git/objects/8c/bc58c89e360cce67d266fc7ca53db6cf2b338e: R:TimeSize<>; Warning: Older file to replace Newer file
2026-01-06 06:49:12: /.git/objects/97/e804d2347ab7791f06265bc8101dd28b9b08af: R:TimeSize<>; Warning: Older file to replace Newer file
2026-01-06 06:49:12: /.git/objects/aa/abf1ae5d434aae1949a74782b274d9a74ebc5f: R:TimeSize<>; Warning: Older file to replace Newer file
2026-01-06 06:49:12: /.git/objects/c6/6477eda42bc960b25b0fe8f5ca59b7b7979deb: R:TimeSize<>; Warning: Older file to replace Newer file
2026-01-06 06:49:12: /.git/objects/de/becf75b491495071d05847d850f497bf1ec0fd: R:TimeSize<>; Warning: Older file to replace Newer file
2026-01-06 06:49:12: /.git/objects/f5/83853779168efde61338b6f780c4d9d55fbcdc: R:TimeSize<>; Warning: Older file to replace Newer file
2026-01-06 06:49:12: /.git/objects/f9/2975f6f0898108bcf01ad867d84fac37d5e05c: R:TimeSize<>; Warning: Older file to replace Newer file
2026-01-06 06:49:12: /.git/refs/heads/main: R:TimeSize<>; Warning: Older file to replace Newer file
2026-01-06 06:49:12: /.git/refs/remotes/origin/main: R:TimeSize<>; Warning: Older file to replace Newer file
2026-01-06 06:49:12: /.git/sourcetreeconfig.json: R:TimeSize<>; Warning: Older file to replace Newer file
2026-01-06 06:49:12: /Kinetics/Components/dVolByThermalLinearExpansion.mo: R:TimeSize<>; Warning: Older file to replace Newer file
2026-01-06 06:49:12: /Kinetics/Components/KineticReactor_00.mo: R:TimeSize<>; Warning: Older file to replace Newer file
2026-01-06 06:49:12: /Kinetics/Components/package.order: R:TimeSize<>; Warning: Older file to replace Newer file
2026-01-06 06:49:12: /Kinetics/Examples/EngineeringStudyModels/KineticReactorWithVolumeFeedback_01.mo: R:TimeSize<>; Warning: Older file to replace Newer file
2026-01-06 06:49:12: /Kinetics/Examples/EngineeringStudyModels/package.order: R:TimeSize<>; Warning: Older file to replace Newer file
2026-01-06 06:49:12: Changes: 25, Conflicts: 0, CopyTime: 0, FixState: 0, Errors: 0, All: 3112
2026-01-06 06:49:12: Right to Left: Copy File: 25 
2026-01-06 06:49:12: == Sync Started by On File Change, After Delay
2026-01-06 06:49:12: ConnectCloned connected to file:///~grabacr/VPSsync/01-WorkspaceSync/modelica-shared/CustomLib/NuclearSystem
2026-01-06 06:49:12: ConnectCloned connected to file:///~grabacr/VPSsync/01-WorkspaceSync/modelica-shared/CustomLib/NuclearSystem
2026-01-06 06:49:12: ConnectCloned connected to file:///~grabacr/VPSsync/01-WorkspaceSync/modelica-shared/CustomLib/NuclearSystem
2026-01-06 06:49:12: Server: SSH-2.0-OpenSSH_9.6p1 Ubuntu-3ubuntu13.14
2026-01-06 06:49:12: Server: SSH-2.0-OpenSSH_9.6p1 Ubuntu-3ubuntu13.14
2026-01-06 06:49:12: Server: SSH-2.0-OpenSSH_9.6p1 Ubuntu-3ubuntu13.14
2026-01-06 06:49:12: Server KEXes: sntrup761x25519-sha512@openssh.com,curve25519-sha256,curve25519-sha256@libssh.org,ecdh-sha2-nistp256,ecdh-sha2-nistp384,ecdh-sha2-nistp521,diffie-hellman-group-exchange-sha256,diffie-hellman-group16-sha512,diffie-hellman-group18-sha512,diffie-hellman-group14-sha256,ext-info-s,kex-strict-s-v00@openssh.com
2026-01-06 06:49:12: Server Host Keys: rsa-sha2-512,rsa-sha2-256,ecdsa-sha2-nistp256,ssh-ed25519
2026-01-06 06:49:12: Chosen Host Key: ssh-ed25519
2026-01-06 06:49:12: Ciphers: chacha20-poly1305@openssh.com,aes128-ctr,aes192-ctr,aes256-ctr,aes128-gcm@openssh.com,aes256-gcm@openssh.com
2026-01-06 06:49:12: MACs: umac-64-etm@openssh.com,umac-128-etm@openssh.com,hmac-sha2-256-etm@openssh.com,hmac-sha2-512-etm@openssh.com,hmac-sha1-etm@openssh.com,umac-64@openssh.com,umac-128@openssh.com,hmac-sha2-256,hmac-sha2-512,hmac-sha1
2026-01-06 06:49:12: Server KEXes: sntrup761x25519-sha512@openssh.com,curve25519-sha256,curve25519-sha256@libssh.org,ecdh-sha2-nistp256,ecdh-sha2-nistp384,ecdh-sha2-nistp521,diffie-hellman-group-exchange-sha256,diffie-hellman-group16-sha512,diffie-hellman-group18-sha512,diffie-hellman-group14-sha256,ext-info-s,kex-strict-s-v00@openssh.com
2026-01-06 06:49:12: Server Host Keys: rsa-sha2-512,rsa-sha2-256,ecdsa-sha2-nistp256,ssh-ed25519
2026-01-06 06:49:12: Chosen Host Key: ssh-ed25519
2026-01-06 06:49:12: Ciphers: chacha20-poly1305@openssh.com,aes128-ctr,aes192-ctr,aes256-ctr,aes128-gcm@openssh.com,aes256-gcm@openssh.com
2026-01-06 06:49:12: MACs: umac-64-etm@openssh.com,umac-128-etm@openssh.com,hmac-sha2-256-etm@openssh.com,hmac-sha2-512-etm@openssh.com,hmac-sha1-etm@openssh.com,umac-64@openssh.com,umac-128@openssh.com,hmac-sha2-256,hmac-sha2-512,hmac-sha1
2026-01-06 06:49:12: Server KEXes: sntrup761x25519-sha512@openssh.com,curve25519-sha256,curve25519-sha256@libssh.org,ecdh-sha2-nistp256,ecdh-sha2-nistp384,ecdh-sha2-nistp521,diffie-hellman-group-exchange-sha256,diffie-hellman-group16-sha512,diffie-hellman-group18-sha512,diffie-hellman-group14-sha256,ext-info-s,kex-strict-s-v00@openssh.com
2026-01-06 06:49:12: Server Host Keys: rsa-sha2-512,rsa-sha2-256,ecdsa-sha2-nistp256,ssh-ed25519
2026-01-06 06:49:12: Chosen Host Key: ssh-ed25519
2026-01-06 06:49:12: Ciphers: chacha20-poly1305@openssh.com,aes128-ctr,aes192-ctr,aes256-ctr,aes128-gcm@openssh.com,aes256-gcm@openssh.com
2026-01-06 06:49:12: MACs: umac-64-etm@openssh.com,umac-128-etm@openssh.com,hmac-sha2-256-etm@openssh.com,hmac-sha2-512-etm@openssh.com,hmac-sha1-etm@openssh.com,umac-64@openssh.com,umac-128@openssh.com,hmac-sha2-256,hmac-sha2-512,hmac-sha1
2026-01-06 06:49:12: Auth: start: publickey
2026-01-06 06:49:12: Auth: publickey: no keys available
2026-01-06 06:49:12: Auth: start: password
2026-01-06 06:49:12: Auth: start: publickey
2026-01-06 06:49:12: Auth: publickey: no keys available
2026-01-06 06:49:12: Auth: start: password
2026-01-06 06:49:12: Auth: start: publickey
2026-01-06 06:49:12: Auth: publickey: no keys available
2026-01-06 06:49:12: Auth: start: password
2026-01-06 06:49:13: GsConnectAndSetRoot1 connected to sftp://os3-310-44666.vs.sakura.ne.jp/home/ubuntu/VPSsync/01-WorkspaceSync/modelica-shared/CustomLib/NuclearSystem
2026-01-06 06:49:13: GsConnectAndSetRoot1 connected to sftp://os3-310-44666.vs.sakura.ne.jp/home/ubuntu/VPSsync/01-WorkspaceSync/modelica-shared/CustomLib/NuclearSystem
2026-01-06 06:49:13: GsConnectAndSetRoot1 connected to sftp://os3-310-44666.vs.sakura.ne.jp/home/ubuntu/VPSsync/01-WorkspaceSync/modelica-shared/CustomLib/NuclearSystem
2026-01-06 06:49:14: Copy Over 'sftp://os3-310-44666.vs.sakura.ne.jp/home/ubuntu/VPSsync/01-WorkspaceSync/modelica-shared/CustomLib/NuclearSystem/.git/COMMIT_EDITMSG' -> 'C:/Users/grabacr/VPSsync/01-WorkspaceSync/modelica-shared/CustomLib/NuclearSystem/.git/COMMIT_EDITMSG' (11)
2026-01-06 06:49:14: Copy Over 'sftp://os3-310-44666.vs.sakura.ne.jp/home/ubuntu/VPSsync/01-WorkspaceSync/modelica-shared/CustomLib/NuclearSystem/.git/logs/HEAD' -> 'C:/Users/grabacr/VPSsync/01-WorkspaceSync/modelica-shared/CustomLib/NuclearSystem/.git/logs/HEAD' (9,762)
2026-01-06 06:49:14: Copy Over 'sftp://os3-310-44666.vs.sakura.ne.jp/home/ubuntu/VPSsync/01-WorkspaceSync/modelica-shared/CustomLib/NuclearSystem/.git/logs/refs/heads/main' -> 'C:/Users/grabacr/VPSsync/01-WorkspaceSync/modelica-shared/CustomLib/NuclearSystem/.git/logs/refs/heads/main' (9,762)
2026-01-06 06:49:14: Copy Over 'sftp://os3-310-44666.vs.sakura.ne.jp/home/ubuntu/VPSsync/01-WorkspaceSync/modelica-shared/CustomLib/NuclearSystem/.git/index' -> 'C:/Users/grabacr/VPSsync/01-WorkspaceSync/modelica-shared/CustomLib/NuclearSystem/.git/index' (150,125)
2026-01-06 06:49:14: Copy Over 'sftp://os3-310-44666.vs.sakura.ne.jp/home/ubuntu/VPSsync/01-WorkspaceSync/modelica-shared/CustomLib/NuclearSystem/.git/objects/2e/e872822c687e4312d64cb42e563db9d3ef8063' -> 'C:/Users/grabacr/VPSsync/01-WorkspaceSync/modelica-shared/CustomLib/NuclearSystem/.git/objects/2e/e872822c687e4312d64cb42e563db9d3ef8063' (149)
2026-01-06 06:49:14: Copy Over 'sftp://os3-310-44666.vs.sakura.ne.jp/home/ubuntu/VPSsync/01-WorkspaceSync/modelica-shared/CustomLib/NuclearSystem/.git/objects/4a/9c5b75d503aa637191b71c616771dd649f7ffd' -> 'C:/Users/grabacr/VPSsync/01-WorkspaceSync/modelica-shared/CustomLib/NuclearSystem/.git/objects/4a/9c5b75d503aa637191b71c616771dd649f7ffd' (275)
2026-01-06 06:49:14: Copy Over 'sftp://os3-310-44666.vs.sakura.ne.jp/home/ubuntu/VPSsync/01-WorkspaceSync/modelica-shared/CustomLib/NuclearSystem/.git/objects/37/d8a05eb70efeb946b48f33811ca6e8f64c3b42' -> 'C:/Users/grabacr/VPSsync/01-WorkspaceSync/modelica-shared/CustomLib/NuclearSystem/.git/objects/37/d8a05eb70efeb946b48f33811ca6e8f64c3b42' (721)
2026-01-06 06:49:14: Copy Over 'sftp://os3-310-44666.vs.sakura.ne.jp/home/ubuntu/VPSsync/01-WorkspaceSync/modelica-shared/CustomLib/NuclearSystem/.git/objects/70/480557ea5bdfeead7b7fda103bf045f2798477' -> 'C:/Users/grabacr/VPSsync/01-WorkspaceSync/modelica-shared/CustomLib/NuclearSystem/.git/objects/70/480557ea5bdfeead7b7fda103bf045f2798477' (120)
2026-01-06 06:49:14: Copy Over 'sftp://os3-310-44666.vs.sakura.ne.jp/home/ubuntu/VPSsync/01-WorkspaceSync/modelica-shared/CustomLib/NuclearSystem/.git/objects/7a/879a3e886cca03aa856e7397df35dd06153c01' -> 'C:/Users/grabacr/VPSsync/01-WorkspaceSync/modelica-shared/CustomLib/NuclearSystem/.git/objects/7a/879a3e886cca03aa856e7397df35dd06153c01' (152)
2026-01-06 06:49:14: Copy Over 'sftp://os3-310-44666.vs.sakura.ne.jp/home/ubuntu/VPSsync/01-WorkspaceSync/modelica-shared/CustomLib/NuclearSystem/.git/objects/97/e804d2347ab7791f06265bc8101dd28b9b08af' -> 'C:/Users/grabacr/VPSsync/01-WorkspaceSync/modelica-shared/CustomLib/NuclearSystem/.git/objects/97/e804d2347ab7791f06265bc8101dd28b9b08af' (272)
2026-01-06 06:49:14: Copy Over 'sftp://os3-310-44666.vs.sakura.ne.jp/home/ubuntu/VPSsync/01-WorkspaceSync/modelica-shared/CustomLib/NuclearSystem/.git/objects/8c/bc58c89e360cce67d266fc7ca53db6cf2b338e' -> 'C:/Users/grabacr/VPSsync/01-WorkspaceSync/modelica-shared/CustomLib/NuclearSystem/.git/objects/8c/bc58c89e360cce67d266fc7ca53db6cf2b338e' (165)
2026-01-06 06:49:14: Copy Over 'sftp://os3-310-44666.vs.sakura.ne.jp/home/ubuntu/VPSsync/01-WorkspaceSync/modelica-shared/CustomLib/NuclearSystem/.git/objects/aa/abf1ae5d434aae1949a74782b274d9a74ebc5f' -> 'C:/Users/grabacr/VPSsync/01-WorkspaceSync/modelica-shared/CustomLib/NuclearSystem/.git/objects/aa/abf1ae5d434aae1949a74782b274d9a74ebc5f' (245)
2026-01-06 06:49:14: Copy Over 'sftp://os3-310-44666.vs.sakura.ne.jp/home/ubuntu/VPSsync/01-WorkspaceSync/modelica-shared/CustomLib/NuclearSystem/.git/objects/c6/6477eda42bc960b25b0fe8f5ca59b7b7979deb' -> 'C:/Users/grabacr/VPSsync/01-WorkspaceSync/modelica-shared/CustomLib/NuclearSystem/.git/objects/c6/6477eda42bc960b25b0fe8f5ca59b7b7979deb' (731)
2026-01-06 06:49:14: Copy Over 'sftp://os3-310-44666.vs.sakura.ne.jp/home/ubuntu/VPSsync/01-WorkspaceSync/modelica-shared/CustomLib/NuclearSystem/.git/objects/de/becf75b491495071d05847d850f497bf1ec0fd' -> 'C:/Users/grabacr/VPSsync/01-WorkspaceSync/modelica-shared/CustomLib/NuclearSystem/.git/objects/de/becf75b491495071d05847d850f497bf1ec0fd' (865)
2026-01-06 06:49:14: Copy Over 'sftp://os3-310-44666.vs.sakura.ne.jp/home/ubuntu/VPSsync/01-WorkspaceSync/modelica-shared/CustomLib/NuclearSystem/.git/objects/f5/83853779168efde61338b6f780c4d9d55fbcdc' -> 'C:/Users/grabacr/VPSsync/01-WorkspaceSync/modelica-shared/CustomLib/NuclearSystem/.git/objects/f5/83853779168efde61338b6f780c4d9d55fbcdc' (207)
2026-01-06 06:49:14: Copy Over 'sftp://os3-310-44666.vs.sakura.ne.jp/home/ubuntu/VPSsync/01-WorkspaceSync/modelica-shared/CustomLib/NuclearSystem/.git/objects/f9/2975f6f0898108bcf01ad867d84fac37d5e05c' -> 'C:/Users/grabacr/VPSsync/01-WorkspaceSync/modelica-shared/CustomLib/NuclearSystem/.git/objects/f9/2975f6f0898108bcf01ad867d84fac37d5e05c' (308)
2026-01-06 06:49:14: Copy Over 'sftp://os3-310-44666.vs.sakura.ne.jp/home/ubuntu/VPSsync/01-WorkspaceSync/modelica-shared/CustomLib/NuclearSystem/.git/logs/refs/remotes/origin/main' -> 'C:/Users/grabacr/VPSsync/01-WorkspaceSync/modelica-shared/CustomLib/NuclearSystem/.git/logs/refs/remotes/origin/main' (8,217)
2026-01-06 06:49:14: Copy Over 'sftp://os3-310-44666.vs.sakura.ne.jp/home/ubuntu/VPSsync/01-WorkspaceSync/modelica-shared/CustomLib/NuclearSystem/.git/refs/heads/main' -> 'C:/Users/grabacr/VPSsync/01-WorkspaceSync/modelica-shared/CustomLib/NuclearSystem/.git/refs/heads/main' (41)
2026-01-06 06:49:14: Copy Over 'sftp://os3-310-44666.vs.sakura.ne.jp/home/ubuntu/VPSsync/01-WorkspaceSync/modelica-shared/CustomLib/NuclearSystem/.git/sourcetreeconfig.json' -> 'C:/Users/grabacr/VPSsync/01-WorkspaceSync/modelica-shared/CustomLib/NuclearSystem/.git/sourcetreeconfig.json' (831)
2026-01-06 06:49:14: Copy Over 'sftp://os3-310-44666.vs.sakura.ne.jp/home/ubuntu/VPSsync/01-WorkspaceSync/modelica-shared/CustomLib/NuclearSystem/.git/refs/remotes/origin/main' -> 'C:/Users/grabacr/VPSsync/01-WorkspaceSync/modelica-shared/CustomLib/NuclearSystem/.git/refs/remotes/origin/main' (41)
2026-01-06 06:49:14: Copy Over 'sftp://os3-310-44666.vs.sakura.ne.jp/home/ubuntu/VPSsync/01-WorkspaceSync/modelica-shared/CustomLib/NuclearSystem/Kinetics/Components/dVolByThermalLinearExpansion.mo' -> 'C:/Users/grabacr/VPSsync/01-WorkspaceSync/modelica-shared/CustomLib/NuclearSystem/Kinetics/Components/dVolByThermalLinearExpansion.mo' (2,265)
2026-01-06 06:49:14: Copy Over 'sftp://os3-310-44666.vs.sakura.ne.jp/home/ubuntu/VPSsync/01-WorkspaceSync/modelica-shared/CustomLib/NuclearSystem/Kinetics/Components/KineticReactor_00.mo' -> 'C:/Users/grabacr/VPSsync/01-WorkspaceSync/modelica-shared/CustomLib/NuclearSystem/Kinetics/Components/KineticReactor_00.mo' (10,602)
2026-01-06 06:49:14: Copy Over 'sftp://os3-310-44666.vs.sakura.ne.jp/home/ubuntu/VPSsync/01-WorkspaceSync/modelica-shared/CustomLib/NuclearSystem/Kinetics/Components/package.order' -> 'C:/Users/grabacr/VPSsync/01-WorkspaceSync/modelica-shared/CustomLib/NuclearSystem/Kinetics/Components/package.order' (98)
2026-01-06 06:49:14: Copy Over 'sftp://os3-310-44666.vs.sakura.ne.jp/home/ubuntu/VPSsync/01-WorkspaceSync/modelica-shared/CustomLib/NuclearSystem/Kinetics/Examples/EngineeringStudyModels/KineticReactorWithVolumeFeedback_01.mo' -> 'C:/Users/grabacr/VPSsync/01-WorkspaceSync/modelica-shared/CustomLib/NuclearSystem/Kinetics/Examples/EngineeringStudyModels/KineticReactorWithVolumeFeedback_01.mo' (5,196)
2026-01-06 06:49:14: Copy Over 'sftp://os3-310-44666.vs.sakura.ne.jp/home/ubuntu/VPSsync/01-WorkspaceSync/modelica-shared/CustomLib/NuclearSystem/Kinetics/Examples/EngineeringStudyModels/package.order' -> 'C:/Users/grabacr/VPSsync/01-WorkspaceSync/modelica-shared/CustomLib/NuclearSystem/Kinetics/Examples/EngineeringStudyModels/package.order' (190)
2026-01-06 06:49:14: Save State File C:/Users/grabacr/VPSsync/01-WorkspaceSync/modelica-shared/CustomLib/NuclearSystem/_gsdata_/_file_state_v4._gs
2026-01-06 06:49:15: Save State File sftp://os3-310-44666.vs.sakura.ne.jp/home/ubuntu/VPSsync/01-WorkspaceSync/modelica-shared/CustomLib/NuclearSystem/_gsdata_/_file_state_v4._gs
2026-01-06 06:49:24: == Sync Complete. Time: 00:00:12, Speed: 90.50 KB/s, OK: 25, Errors: 0
